[36m2024-06-17 18:11:13.742[m [32m[INFO ][m [org.springframework.boot.StartupInfoLogger] [33m[main][m- Starting PocApplication using Java 11.0.18 on isangchan-ui-MacBookPro.local with PID 3714 (/Users/sclee1115/Project/Dev/poc_gui/01.gui_source/pocgui_backend/target/classes started by sclee1115 in /Users/sclee1115/Project/Dev/poc_gui/01.gui_source/pocgui_backend)
[36m2024-06-17 18:11:13.745[m [34m[DEBUG][m [org.springframework.boot.StartupInfoLogger] [33m[main][m- Running with Spring Boot v2.7.10, Spring v5.3.26
[36m2024-06-17 18:11:13.745[m [32m[INFO ][m [org.springframework.boot.SpringApplication] [33m[main][m- The following 7 profiles are active: "db", "config", "log", "local", "db-local", "config-local", "log-local"
[36m2024-06-17 18:11:14.077[m [32m[INFO ][m [org.springframework.data.repository.config.RepositoryConfigurationDelegate] [33m[main][m- Bootstrapping Spring Data JPA repositories in DEFAULT mode.
[36m2024-06-17 18:11:14.118[m [32m[INFO ][m [org.springframework.data.repository.config.RepositoryConfigurationDelegate] [33m[main][m- Finished Spring Data repository scanning in 34 ms. Found 1 JPA repository interfaces.
[36m2024-06-17 18:11:14.300[m [33m[WARN ][m [org.mybatis.logging.Logger] [33m[main][m- No MyBatis mapper was found in '[com.mobigen.cdev.poc]' package. Please check your configuration.
[36m2024-06-17 18:11:14.775[m [32m[INFO ][m [org.springframework.boot.web.embedded.tomcat.TomcatWebServer] [33m[main][m- Tomcat initialized with port(s): 9091 (http)
[36m2024-06-17 18:11:14.785[m [32m[INFO ][m [org.apache.juli.logging.DirectJDKLog] [33m[main][m- Initializing ProtocolHandler ["http-nio-9091"]
[36m2024-06-17 18:11:14.785[m [32m[INFO ][m [org.apache.juli.logging.DirectJDKLog] [33m[main][m- Starting service [Tomcat]
[36m2024-06-17 18:11:14.785[m [32m[INFO ][m [org.apache.juli.logging.DirectJDKLog] [33m[main][m- Starting Servlet engine: [Apache Tomcat/9.0.73]
[36m2024-06-17 18:11:14.867[m [32m[INFO ][m [org.apache.juli.logging.DirectJDKLog] [33m[main][m- Initializing Spring embedded WebApplicationContext
[36m2024-06-17 18:11:14.867[m [32m[INFO ][m [org.springframework.boot.web.servlet.context.ServletWebServerApplicationContext] [33m[main][m- Root WebApplicationContext: initialization completed in 1094 ms
[36m2024-06-17 18:11:15.002[m [32m[INFO ][m [org.hibernate.jpa.internal.util.LogHelper] [33m[main][m- HHH000204: Processing PersistenceUnitInfo [name: default]
[36m2024-06-17 18:11:15.041[m [32m[INFO ][m [org.hibernate.Version] [33m[main][m- HHH000412: Hibernate ORM core version 5.6.15.Final
[36m2024-06-17 18:11:15.170[m [32m[INFO ][m [org.hibernate.annotations.common.reflection.java.JavaReflectionManager] [33m[main][m- HCANN000001: Hibernate Commons Annotations {5.1.2.Final}
[36m2024-06-17 18:11:15.303[m [32m[INFO ][m [com.zaxxer.hikari.HikariDataSource] [33m[main][m- HikariPool-1 - Starting...
[36m2024-06-17 18:11:15.413[m [32m[INFO ][m [com.zaxxer.hikari.HikariDataSource] [33m[main][m- HikariPool-1 - Start completed.
[36m2024-06-17 18:11:15.435[m [32m[INFO ][m [org.hibernate.dialect.Dialect] [33m[main][m- HHH000400: Using dialect: org.hibernate.dialect.MariaDB106Dialect
[36m2024-06-17 18:11:15.748[m [32m[INFO ][m [org.hibernate.engine.transaction.jta.platform.internal.JtaPlatformInitiator] [33m[main][m- HHH000490: Using JtaPlatform implementation: [org.hibernate.engine.transaction.jta.platform.internal.NoJtaPlatform]
[36m2024-06-17 18:11:15.754[m [32m[INFO ][m [org.springframework.orm.jpa.AbstractEntityManagerFactoryBean] [33m[main][m- Initialized JPA EntityManagerFactory for persistence unit 'default'
[36m2024-06-17 18:11:16.306[m [34m[DEBUG][m [com.mobigen.cdev.poc.module.nw.process.NwConfigDemon] [33m[Thread-1][m- current Idx : 0
[36m2024-06-17 18:11:16.410[m [32m[INFO ][m [net.sf.log4jdbc.log.slf4j.Slf4jSpyLogDelegator] [33m[pool-2-thread-4][m- select
            *
        from
        (

        select
            A.mtso_id
        ,	B.mtso_name
        ,	case
                when ifnull(LAG(A.mtso_id, 1) over (partition by A.mtso_id order by A.mtso_id, mme_id), 'F') = 'F' then 'Y'
                else 'N'
            end mtso_first
        ,	case
                when ifnull(LEAD(A.mtso_id, 1) over (partition by A.mtso_id order by A.mtso_id, mme_id), 'L') = 'L' then 'Y'
                else 'N'
            end mtso_last
        ,   'MME' node_type
        ,	A.mme_id node_id
        ,	concat('MME#', lpad(cast(mme_id as unsigned), 2, '0')) node_exp_id
        ,	A.mme_name node_name
        ,   A.mme_id value
        ,   concat('MME#', lpad(cast(mme_id as unsigned), 2, '0')) label
        ,   concat(B.mtso_name, ' (', A.mtso_id, ')') group_filter
        ,   concat(B.mtso_name, ' (', A.mtso_id, ')', ' - MME#', lpad(cast(mme_id as unsigned), 2, '0')) description
        from
             CL_MME  A
            left outer join  CB_MTSO  B
            on A.mtso_id = B.mtso_id
        where 1 = 1
        and opr_status = 'ACT'

        ) A
        where 1 = 1

        order by mtso_id, node_id

[36m2024-06-17 18:11:16.411[m [32m[INFO ][m [net.sf.log4jdbc.log.slf4j.Slf4jSpyLogDelegator] [33m[pool-2-thread-3][m- select
            *
        from
        (

        select
            A.mtso_id
        ,	B.mtso_name
        ,	case
                when ifnull(LAG(A.mtso_id, 1) over (partition by A.mtso_id order by A.mtso_id, mme_id), 'F') = 'F' then 'Y'
                else 'N'
            end mtso_first
        ,	case
                when ifnull(LEAD(A.mtso_id, 1) over (partition by A.mtso_id order by A.mtso_id, mme_id), 'L') = 'L' then 'Y'
                else 'N'
            end mtso_last
        ,   'MME' node_type
        ,	A.mme_id node_id
        ,	concat('MME#', lpad(cast(mme_id as unsigned), 2, '0')) node_exp_id
        ,	A.mme_name node_name
        ,   A.mme_id value
        ,   concat('MME#', lpad(cast(mme_id as unsigned), 2, '0')) label
        ,   concat(B.mtso_name, ' (', A.mtso_id, ')') group_filter
        ,   concat(B.mtso_name, ' (', A.mtso_id, ')', ' - MME#', lpad(cast(mme_id as unsigned), 2, '0')) description
        from
             CL_MME  A
            left outer join  CB_MTSO  B
            on A.mtso_id = B.mtso_id
        where 1 = 1
        and opr_status = 'ACT'

        ) A
        where 1 = 1

        order by mtso_id, node_id

[36m2024-06-17 18:11:16.411[m [32m[INFO ][m [net.sf.log4jdbc.log.slf4j.Slf4jSpyLogDelegator] [33m[pool-2-thread-1][m- select
            A.*
        ,	case
                when ifnull(LAG(A.branch_id, 1) over (partition by A.branch_id order by A.branch_id, opteam_id, part_id), 'F') = 'F' then 'Y'
                else 'N'
            end branch_first
        ,	case
                when ifnull(LEAD(A.branch_id, 1) over (partition by A.branch_id order by A.branch_id, opteam_id, part_id), 'L') = 'L' then 'Y'
                else 'N'
            end branch_last
        ,	case
                when ifnull(LAG(A.opteam_id, 1) over (partition by A.opteam_id order by A.branch_id, opteam_id, part_id), 'F') = 'F' then 'Y'
                else 'N'
            end opteam_first
        ,	case
                when ifnull(LEAD(A.opteam_id, 1) over (partition by A.opteam_id order by A.branch_id, opteam_id, part_id), 'L') = 'L' then 'Y'
                else 'N'
            end opteam_last
        ,	case
                when ifnull(LAG(A.part_id, 1) over (partition by A.part_id order by A.branch_id, opteam_id, part_id), 'F') = 'F' then 'Y'
                else 'N'
            end part_first
        ,	case
                when ifnull(LEAD(A.part_id, 1) over (partition by A.part_id order by A.branch_id, opteam_id, part_id), 'L') = 'L' then 'Y'
                else 'N'
            end part_last
        from
        (

        select
            A.*
        from
        (
            select
                CONCAT('BRANCH_', A.branch_id) branch_id
            ,	B.branch_name
            ,	CONCAT('TEAM_', A.opteam_id) opteam_id
            ,	C.team_name opteam_name
            ,	CONCAT('PART_', A.part_id) part_id
            ,	D.part_name
            ,	A.mtso_name
            ,	E.mtso_id
            ,	enb_id
            ,	bts_name
            ,   enb_id value
            ,   concat(ifnull(bts_name, '-'), ' (', enb_id, ')') label
            ,   case when ifnull(opteam_name, '-') = '-' then '미분류'
                    else concat(opteam_name, ' (', opteam_id, ')')
                end group_filter
            ,   concat(ifnull(bts_name, '-'), ' (', enb_id, ')') description
            ,	@ROWNUM:=@ROWNUM+1 AS row_num
            from
                 CL_ENB  A
                left outer join  CM_BRANCH  B
                on A.branch_id = B.branch_id
                left outer join  CM_TEAM  C
                on A.opteam_id = C.team_id
                left outer join  CM_PART  D
                on A.part_id = D.part_id
                left outer join  CB_MTSO  E
                on A.mtso_name = E.mtso_name
                ,	(SELECT @rownum:=0) TMP
            where 1 = 1
            and opr_status = 'ACT'
        ) A

        ) A
        where 1 = 1
        and branch_name is not null
        and opteam_name is not null
        and part_name is not null

        order by branch_id, opteam_id, part_id

[36m2024-06-17 18:11:16.411[m [32m[INFO ][m [net.sf.log4jdbc.log.slf4j.Slf4jSpyLogDelegator] [33m[pool-2-thread-2][m- select
            A.*
        ,	case
                when ifnull(LAG(A.branch_id, 1) over (partition by A.branch_id order by A.branch_id, opteam_id, part_id), 'F') = 'F' then 'Y'
                else 'N'
            end branch_first
        ,	case
                when ifnull(LEAD(A.branch_id, 1) over (partition by A.branch_id order by A.branch_id, opteam_id, part_id), 'L') = 'L' then 'Y'
                else 'N'
            end branch_last
        ,	case
                when ifnull(LAG(A.opteam_id, 1) over (partition by A.opteam_id order by A.branch_id, opteam_id, part_id), 'F') = 'F' then 'Y'
                else 'N'
            end opteam_first
        ,	case
                when ifnull(LEAD(A.opteam_id, 1) over (partition by A.opteam_id order by A.branch_id, opteam_id, part_id), 'L') = 'L' then 'Y'
                else 'N'
            end opteam_last
        ,	case
                when ifnull(LAG(A.part_id, 1) over (partition by A.part_id order by A.branch_id, opteam_id, part_id), 'F') = 'F' then 'Y'
                else 'N'
            end part_first
        ,	case
                when ifnull(LEAD(A.part_id, 1) over (partition by A.part_id order by A.branch_id, opteam_id, part_id), 'L') = 'L' then 'Y'
                else 'N'
            end part_last
        from
        (

        select
            A.*
        from
        (
            select
                CONCAT('BRANCH_', A.branch_id) branch_id
            ,	B.branch_name
            ,	CONCAT('TEAM_', A.opteam_id) opteam_id
            ,	C.team_name opteam_name
            ,	CONCAT('PART_', A.part_id) part_id
            ,	D.part_name
            ,	A.mtso_name
            ,	E.mtso_id
            ,	enb_id
            ,	bts_name
            ,   enb_id value
            ,   concat(ifnull(bts_name, '-'), ' (', enb_id, ')') label
            ,   case when ifnull(opteam_name, '-') = '-' then '미분류'
                    else concat(opteam_name, ' (', opteam_id, ')')
                end group_filter
            ,   concat(ifnull(bts_name, '-'), ' (', enb_id, ')') description
            ,	@ROWNUM:=@ROWNUM+1 AS row_num
            from
                 CL_ENB  A
                left outer join  CM_BRANCH  B
                on A.branch_id = B.branch_id
                left outer join  CM_TEAM  C
                on A.opteam_id = C.team_id
                left outer join  CM_PART  D
                on A.part_id = D.part_id
                left outer join  CB_MTSO  E
                on A.mtso_name = E.mtso_name
                ,	(SELECT @rownum:=0) TMP
            where 1 = 1
            and opr_status = 'ACT'
        ) A

        ) A
        where 1 = 1
        and branch_name is not null
        and opteam_name is not null
        and part_name is not null

        order by branch_id, opteam_id, part_id

[36m2024-06-17 18:11:16.501[m [32m[INFO ][m [org.springframework.security.web.DefaultSecurityFilterChain] [33m[main][m- Will secure any request with [org.springframework.security.web.session.DisableEncodeUrlFilter@48dc06a9, org.springframework.security.web.context.request.async.WebAsyncManagerIntegrationFilter@1798c749, org.springframework.security.web.context.SecurityContextPersistenceFilter@3338d706, org.springframework.security.web.header.HeaderWriterFilter@3ddc5a75, org.springframework.security.web.authentication.logout.LogoutFilter@12a8d03b, org.springframework.security.web.savedrequest.RequestCacheAwareFilter@2fb555e8, org.springframework.security.web.servletapi.SecurityContextHolderAwareRequestFilter@19a544cd, org.springframework.security.web.authentication.AnonymousAuthenticationFilter@726ee6cf, org.springframework.security.web.session.SessionManagementFilter@7ab8c972, org.springframework.security.web.access.ExceptionTranslationFilter@736eb2a2, org.springframework.security.web.access.intercept.FilterSecurityInterceptor@6700374f]
[36m2024-06-17 18:11:16.565[m [33m[WARN ][m [org.springframework.boot.autoconfigure.orm.jpa.JpaBaseConfiguration$JpaWebConfiguration] [33m[main][m- spring.jpa.open-in-view is enabled by default. Therefore, database queries may be performed during view rendering. Explicitly configure spring.jpa.open-in-view to disable this warning
[36m2024-06-17 18:11:16.903[m [32m[INFO ][m [org.apache.juli.logging.DirectJDKLog] [33m[main][m- Starting ProtocolHandler ["http-nio-9091"]
[36m2024-06-17 18:11:16.929[m [32m[INFO ][m [org.springframework.boot.web.embedded.tomcat.TomcatWebServer] [33m[main][m- Tomcat started on port(s): 9091 (http) with context path '/poc_service'
[36m2024-06-17 18:11:16.936[m [32m[INFO ][m [org.springframework.boot.StartupInfoLogger] [33m[main][m- Started PocApplication in 3.57 seconds (JVM running for 4.308)
[36m2024-06-17 18:11:20.488[m [34m[DEBUG][m [com.mobigen.cdev.poc.module.nw.process.NwConfigDemon] [33m[Thread-1][m- sMsgId :: ENB_LIST
[36m2024-06-17 18:11:21.148[m [34m[DEBUG][m [com.mobigen.cdev.poc.module.nw.process.NwConfigDemon] [33m[Thread-1][m- sMsgId :: ENB_TREE
[36m2024-06-17 18:11:21.148[m [34m[DEBUG][m [com.mobigen.cdev.poc.module.nw.process.NwConfigDemon] [33m[Thread-1][m- sMsgId :: MME_LIST
[36m2024-06-17 18:11:21.149[m [34m[DEBUG][m [com.mobigen.cdev.poc.module.nw.process.NwConfigDemon] [33m[Thread-1][m- sMsgId :: MME_TREE
[36m2024-06-17 18:11:21.149[m [34m[DEBUG][m [com.mobigen.cdev.poc.module.nw.process.NwConfigDemon] [33m[Thread-1][m- current Idx : 1
[36m2024-06-17 18:11:31.154[m [34m[DEBUG][m [com.mobigen.cdev.poc.module.nw.process.NwConfigDemon] [33m[Thread-1][m- current Idx : 1
[36m2024-06-17 18:11:36.311[m [34m[DEBUG][m [com.mobigen.cdev.poc.module.nw.process.NwCongifDemonAwaken] [33m[Thread-2][m- NwConfigDemonAwaken status OK!!
[36m2024-06-17 18:11:41.159[m [34m[DEBUG][m [com.mobigen.cdev.poc.module.nw.process.NwConfigDemon] [33m[Thread-1][m- current Idx : 1
[36m2024-06-17 18:11:48.856[m [32m[INFO ][m [org.springframework.orm.jpa.AbstractEntityManagerFactoryBean] [33m[SpringApplicationShutdownHook][m- Closing JPA EntityManagerFactory for persistence unit 'default'
[36m2024-06-17 18:11:48.857[m [32m[INFO ][m [com.zaxxer.hikari.HikariDataSource] [33m[SpringApplicationShutdownHook][m- HikariPool-1 - Shutdown initiated...
[36m2024-06-17 18:11:48.899[m [32m[INFO ][m [com.zaxxer.hikari.HikariDataSource] [33m[SpringApplicationShutdownHook][m- HikariPool-1 - Shutdown completed.
[36m2024-06-17 18:12:31.328[m [32m[INFO ][m [org.springframework.boot.StartupInfoLogger] [33m[main][m- Starting PocApplication using Java 11.0.18 on isangchan-ui-MacBookPro.local with PID 3839 (/Users/sclee1115/Project/Dev/poc_gui/01.gui_source/pocgui_backend/target/classes started by sclee1115 in /Users/sclee1115/Project/Dev/poc_gui/01.gui_source/pocgui_backend)
[36m2024-06-17 18:12:31.331[m [34m[DEBUG][m [org.springframework.boot.StartupInfoLogger] [33m[main][m- Running with Spring Boot v2.7.10, Spring v5.3.26
[36m2024-06-17 18:12:31.331[m [32m[INFO ][m [org.springframework.boot.SpringApplication] [33m[main][m- The following 7 profiles are active: "db", "config", "log", "local", "db-local", "config-local", "log-local"
[36m2024-06-17 18:12:31.640[m [32m[INFO ][m [org.springframework.data.repository.config.RepositoryConfigurationDelegate] [33m[main][m- Bootstrapping Spring Data JPA repositories in DEFAULT mode.
[36m2024-06-17 18:12:31.679[m [32m[INFO ][m [org.springframework.data.repository.config.RepositoryConfigurationDelegate] [33m[main][m- Finished Spring Data repository scanning in 34 ms. Found 1 JPA repository interfaces.
[36m2024-06-17 18:12:31.844[m [33m[WARN ][m [org.mybatis.logging.Logger] [33m[main][m- No MyBatis mapper was found in '[com.mobigen.cdev.poc]' package. Please check your configuration.
[36m2024-06-17 18:12:32.349[m [32m[INFO ][m [org.springframework.boot.web.embedded.tomcat.TomcatWebServer] [33m[main][m- Tomcat initialized with port(s): 9091 (http)
[36m2024-06-17 18:12:32.356[m [32m[INFO ][m [org.apache.juli.logging.DirectJDKLog] [33m[main][m- Initializing ProtocolHandler ["http-nio-9091"]
[36m2024-06-17 18:12:32.356[m [32m[INFO ][m [org.apache.juli.logging.DirectJDKLog] [33m[main][m- Starting service [Tomcat]
[36m2024-06-17 18:12:32.357[m [32m[INFO ][m [org.apache.juli.logging.DirectJDKLog] [33m[main][m- Starting Servlet engine: [Apache Tomcat/9.0.73]
[36m2024-06-17 18:12:32.428[m [32m[INFO ][m [org.apache.juli.logging.DirectJDKLog] [33m[main][m- Initializing Spring embedded WebApplicationContext
[36m2024-06-17 18:12:32.428[m [32m[INFO ][m [org.springframework.boot.web.servlet.context.ServletWebServerApplicationContext] [33m[main][m- Root WebApplicationContext: initialization completed in 1068 ms
[36m2024-06-17 18:12:32.548[m [32m[INFO ][m [org.hibernate.jpa.internal.util.LogHelper] [33m[main][m- HHH000204: Processing PersistenceUnitInfo [name: default]
[36m2024-06-17 18:12:32.589[m [32m[INFO ][m [org.hibernate.Version] [33m[main][m- HHH000412: Hibernate ORM core version 5.6.15.Final
[36m2024-06-17 18:12:32.699[m [32m[INFO ][m [org.hibernate.annotations.common.reflection.java.JavaReflectionManager] [33m[main][m- HCANN000001: Hibernate Commons Annotations {5.1.2.Final}
[36m2024-06-17 18:12:32.814[m [32m[INFO ][m [com.zaxxer.hikari.HikariDataSource] [33m[main][m- HikariPool-1 - Starting...
[36m2024-06-17 18:12:32.927[m [32m[INFO ][m [com.zaxxer.hikari.HikariDataSource] [33m[main][m- HikariPool-1 - Start completed.
[36m2024-06-17 18:12:32.946[m [32m[INFO ][m [org.hibernate.dialect.Dialect] [33m[main][m- HHH000400: Using dialect: org.hibernate.dialect.MariaDB106Dialect
[36m2024-06-17 18:12:33.234[m [32m[INFO ][m [org.hibernate.engine.transaction.jta.platform.internal.JtaPlatformInitiator] [33m[main][m- HHH000490: Using JtaPlatform implementation: [org.hibernate.engine.transaction.jta.platform.internal.NoJtaPlatform]
[36m2024-06-17 18:12:33.239[m [32m[INFO ][m [org.springframework.orm.jpa.AbstractEntityManagerFactoryBean] [33m[main][m- Initialized JPA EntityManagerFactory for persistence unit 'default'
[36m2024-06-17 18:12:33.774[m [34m[DEBUG][m [com.mobigen.cdev.poc.module.nw.process.NwConfigDemon] [33m[Thread-1][m- current Idx : 0
[36m2024-06-17 18:12:33.878[m [32m[INFO ][m [net.sf.log4jdbc.log.slf4j.Slf4jSpyLogDelegator] [33m[pool-2-thread-4][m- select
            *
        from
        (

        select
            A.mtso_id
        ,	B.mtso_name
        ,	case
                when ifnull(LAG(A.mtso_id, 1) over (partition by A.mtso_id order by A.mtso_id, mme_id), 'F') = 'F' then 'Y'
                else 'N'
            end mtso_first
        ,	case
                when ifnull(LEAD(A.mtso_id, 1) over (partition by A.mtso_id order by A.mtso_id, mme_id), 'L') = 'L' then 'Y'
                else 'N'
            end mtso_last
        ,   'MME' node_type
        ,	A.mme_id node_id
        ,	concat('MME#', lpad(cast(mme_id as unsigned), 2, '0')) node_exp_id
        ,	A.mme_name node_name
        ,   A.mme_id value
        ,   concat('MME#', lpad(cast(mme_id as unsigned), 2, '0')) label
        ,   concat(B.mtso_name, ' (', A.mtso_id, ')') group_filter
        ,   concat(B.mtso_name, ' (', A.mtso_id, ')', ' - MME#', lpad(cast(mme_id as unsigned), 2, '0')) description
        from
             CL_MME  A
            left outer join  CB_MTSO  B
            on A.mtso_id = B.mtso_id
        where 1 = 1
        and opr_status = 'ACT'

        ) A
        where 1 = 1

        order by mtso_id, node_id

[36m2024-06-17 18:12:33.878[m [32m[INFO ][m [net.sf.log4jdbc.log.slf4j.Slf4jSpyLogDelegator] [33m[pool-2-thread-3][m- select
            *
        from
        (

        select
            A.mtso_id
        ,	B.mtso_name
        ,	case
                when ifnull(LAG(A.mtso_id, 1) over (partition by A.mtso_id order by A.mtso_id, mme_id), 'F') = 'F' then 'Y'
                else 'N'
            end mtso_first
        ,	case
                when ifnull(LEAD(A.mtso_id, 1) over (partition by A.mtso_id order by A.mtso_id, mme_id), 'L') = 'L' then 'Y'
                else 'N'
            end mtso_last
        ,   'MME' node_type
        ,	A.mme_id node_id
        ,	concat('MME#', lpad(cast(mme_id as unsigned), 2, '0')) node_exp_id
        ,	A.mme_name node_name
        ,   A.mme_id value
        ,   concat('MME#', lpad(cast(mme_id as unsigned), 2, '0')) label
        ,   concat(B.mtso_name, ' (', A.mtso_id, ')') group_filter
        ,   concat(B.mtso_name, ' (', A.mtso_id, ')', ' - MME#', lpad(cast(mme_id as unsigned), 2, '0')) description
        from
             CL_MME  A
            left outer join  CB_MTSO  B
            on A.mtso_id = B.mtso_id
        where 1 = 1
        and opr_status = 'ACT'

        ) A
        where 1 = 1

        order by mtso_id, node_id

[36m2024-06-17 18:12:33.879[m [32m[INFO ][m [net.sf.log4jdbc.log.slf4j.Slf4jSpyLogDelegator] [33m[pool-2-thread-1][m- select
            A.*
        ,	case
                when ifnull(LAG(A.branch_id, 1) over (partition by A.branch_id order by A.branch_id, opteam_id, part_id), 'F') = 'F' then 'Y'
                else 'N'
            end branch_first
        ,	case
                when ifnull(LEAD(A.branch_id, 1) over (partition by A.branch_id order by A.branch_id, opteam_id, part_id), 'L') = 'L' then 'Y'
                else 'N'
            end branch_last
        ,	case
                when ifnull(LAG(A.opteam_id, 1) over (partition by A.opteam_id order by A.branch_id, opteam_id, part_id), 'F') = 'F' then 'Y'
                else 'N'
            end opteam_first
        ,	case
                when ifnull(LEAD(A.opteam_id, 1) over (partition by A.opteam_id order by A.branch_id, opteam_id, part_id), 'L') = 'L' then 'Y'
                else 'N'
            end opteam_last
        ,	case
                when ifnull(LAG(A.part_id, 1) over (partition by A.part_id order by A.branch_id, opteam_id, part_id), 'F') = 'F' then 'Y'
                else 'N'
            end part_first
        ,	case
                when ifnull(LEAD(A.part_id, 1) over (partition by A.part_id order by A.branch_id, opteam_id, part_id), 'L') = 'L' then 'Y'
                else 'N'
            end part_last
        from
        (

        select
            A.*
        from
        (
            select
                CONCAT('BRANCH_', A.branch_id) branch_id
            ,	B.branch_name
            ,	CONCAT('TEAM_', A.opteam_id) opteam_id
            ,	C.team_name opteam_name
            ,	CONCAT('PART_', A.part_id) part_id
            ,	D.part_name
            ,	A.mtso_name
            ,	E.mtso_id
            ,	enb_id
            ,	bts_name
            ,   enb_id value
            ,   concat(ifnull(bts_name, '-'), ' (', enb_id, ')') label
            ,   case when ifnull(opteam_name, '-') = '-' then '미분류'
                    else concat(opteam_name, ' (', opteam_id, ')')
                end group_filter
            ,   concat(ifnull(bts_name, '-'), ' (', enb_id, ')') description
            ,	@ROWNUM:=@ROWNUM+1 AS row_num
            from
                 CL_ENB  A
                left outer join  CM_BRANCH  B
                on A.branch_id = B.branch_id
                left outer join  CM_TEAM  C
                on A.opteam_id = C.team_id
                left outer join  CM_PART  D
                on A.part_id = D.part_id
                left outer join  CB_MTSO  E
                on A.mtso_name = E.mtso_name
                ,	(SELECT @rownum:=0) TMP
            where 1 = 1
            and opr_status = 'ACT'
        ) A

        ) A
        where 1 = 1
        and branch_name is not null
        and opteam_name is not null
        and part_name is not null

        order by branch_id, opteam_id, part_id

[36m2024-06-17 18:12:33.879[m [32m[INFO ][m [net.sf.log4jdbc.log.slf4j.Slf4jSpyLogDelegator] [33m[pool-2-thread-2][m- select
            A.*
        ,	case
                when ifnull(LAG(A.branch_id, 1) over (partition by A.branch_id order by A.branch_id, opteam_id, part_id), 'F') = 'F' then 'Y'
                else 'N'
            end branch_first
        ,	case
                when ifnull(LEAD(A.branch_id, 1) over (partition by A.branch_id order by A.branch_id, opteam_id, part_id), 'L') = 'L' then 'Y'
                else 'N'
            end branch_last
        ,	case
                when ifnull(LAG(A.opteam_id, 1) over (partition by A.opteam_id order by A.branch_id, opteam_id, part_id), 'F') = 'F' then 'Y'
                else 'N'
            end opteam_first
        ,	case
                when ifnull(LEAD(A.opteam_id, 1) over (partition by A.opteam_id order by A.branch_id, opteam_id, part_id), 'L') = 'L' then 'Y'
                else 'N'
            end opteam_last
        ,	case
                when ifnull(LAG(A.part_id, 1) over (partition by A.part_id order by A.branch_id, opteam_id, part_id), 'F') = 'F' then 'Y'
                else 'N'
            end part_first
        ,	case
                when ifnull(LEAD(A.part_id, 1) over (partition by A.part_id order by A.branch_id, opteam_id, part_id), 'L') = 'L' then 'Y'
                else 'N'
            end part_last
        from
        (

        select
            A.*
        from
        (
            select
                CONCAT('BRANCH_', A.branch_id) branch_id
            ,	B.branch_name
            ,	CONCAT('TEAM_', A.opteam_id) opteam_id
            ,	C.team_name opteam_name
            ,	CONCAT('PART_', A.part_id) part_id
            ,	D.part_name
            ,	A.mtso_name
            ,	E.mtso_id
            ,	enb_id
            ,	bts_name
            ,   enb_id value
            ,   concat(ifnull(bts_name, '-'), ' (', enb_id, ')') label
            ,   case when ifnull(opteam_name, '-') = '-' then '미분류'
                    else concat(opteam_name, ' (', opteam_id, ')')
                end group_filter
            ,   concat(ifnull(bts_name, '-'), ' (', enb_id, ')') description
            ,	@ROWNUM:=@ROWNUM+1 AS row_num
            from
                 CL_ENB  A
                left outer join  CM_BRANCH  B
                on A.branch_id = B.branch_id
                left outer join  CM_TEAM  C
                on A.opteam_id = C.team_id
                left outer join  CM_PART  D
                on A.part_id = D.part_id
                left outer join  CB_MTSO  E
                on A.mtso_name = E.mtso_name
                ,	(SELECT @rownum:=0) TMP
            where 1 = 1
            and opr_status = 'ACT'
        ) A

        ) A
        where 1 = 1
        and branch_name is not null
        and opteam_name is not null
        and part_name is not null

        order by branch_id, opteam_id, part_id

[36m2024-06-17 18:12:33.957[m [32m[INFO ][m [org.springframework.security.web.DefaultSecurityFilterChain] [33m[main][m- Will secure any request with [org.springframework.security.web.session.DisableEncodeUrlFilter@71eead09, org.springframework.security.web.context.request.async.WebAsyncManagerIntegrationFilter@586af46, org.springframework.security.web.context.SecurityContextPersistenceFilter@15c8b75c, org.springframework.security.web.header.HeaderWriterFilter@2c56e044, org.springframework.security.web.authentication.logout.LogoutFilter@5be8a92c, org.springframework.security.web.savedrequest.RequestCacheAwareFilter@1174ff02, org.springframework.security.web.servletapi.SecurityContextHolderAwareRequestFilter@1978eab7, org.springframework.security.web.authentication.AnonymousAuthenticationFilter@1267adbe, org.springframework.security.web.session.SessionManagementFilter@3b2114ce, org.springframework.security.web.access.ExceptionTranslationFilter@510e0dd2, org.springframework.security.web.access.intercept.FilterSecurityInterceptor@66011fbc]
[36m2024-06-17 18:12:34.017[m [33m[WARN ][m [org.springframework.boot.autoconfigure.orm.jpa.JpaBaseConfiguration$JpaWebConfiguration] [33m[main][m- spring.jpa.open-in-view is enabled by default. Therefore, database queries may be performed during view rendering. Explicitly configure spring.jpa.open-in-view to disable this warning
[36m2024-06-17 18:12:34.339[m [32m[INFO ][m [org.apache.juli.logging.DirectJDKLog] [33m[main][m- Starting ProtocolHandler ["http-nio-9091"]
[36m2024-06-17 18:12:34.359[m [32m[INFO ][m [org.springframework.boot.web.embedded.tomcat.TomcatWebServer] [33m[main][m- Tomcat started on port(s): 9091 (http) with context path '/poc_service'
[36m2024-06-17 18:12:34.365[m [32m[INFO ][m [org.springframework.boot.StartupInfoLogger] [33m[main][m- Started PocApplication in 3.435 seconds (JVM running for 4.075)
[36m2024-06-17 18:12:37.907[m [34m[DEBUG][m [com.mobigen.cdev.poc.module.nw.process.NwConfigDemon] [33m[Thread-1][m- sMsgId :: ENB_LIST
[36m2024-06-17 18:12:38.223[m [34m[DEBUG][m [com.mobigen.cdev.poc.module.nw.process.NwConfigDemon] [33m[Thread-1][m- sMsgId :: ENB_TREE
[36m2024-06-17 18:12:38.224[m [34m[DEBUG][m [com.mobigen.cdev.poc.module.nw.process.NwConfigDemon] [33m[Thread-1][m- sMsgId :: MME_LIST
[36m2024-06-17 18:12:38.224[m [34m[DEBUG][m [com.mobigen.cdev.poc.module.nw.process.NwConfigDemon] [33m[Thread-1][m- sMsgId :: MME_TREE
[36m2024-06-17 18:12:38.224[m [34m[DEBUG][m [com.mobigen.cdev.poc.module.nw.process.NwConfigDemon] [33m[Thread-1][m- current Idx : 1
[36m2024-06-17 18:12:48.229[m [34m[DEBUG][m [com.mobigen.cdev.poc.module.nw.process.NwConfigDemon] [33m[Thread-1][m- current Idx : 1
[36m2024-06-17 18:12:53.775[m [34m[DEBUG][m [com.mobigen.cdev.poc.module.nw.process.NwCongifDemonAwaken] [33m[Thread-2][m- NwConfigDemonAwaken is tried and NwConfigDemon' status is OK!!
[36m2024-06-17 18:12:58.235[m [34m[DEBUG][m [com.mobigen.cdev.poc.module.nw.process.NwConfigDemon] [33m[Thread-1][m- current Idx : 1
[36m2024-06-17 18:13:08.238[m [34m[DEBUG][m [com.mobigen.cdev.poc.module.nw.process.NwConfigDemon] [33m[Thread-1][m- current Idx : 1
[36m2024-06-17 18:13:13.781[m [34m[DEBUG][m [com.mobigen.cdev.poc.module.nw.process.NwCongifDemonAwaken] [33m[Thread-2][m- NwConfigDemonAwaken is tried and NwConfigDemon' status is OK!!
[36m2024-06-17 18:13:18.244[m [34m[DEBUG][m [com.mobigen.cdev.poc.module.nw.process.NwConfigDemon] [33m[Thread-1][m- current Idx : 1
[36m2024-06-17 18:13:28.249[m [34m[DEBUG][m [com.mobigen.cdev.poc.module.nw.process.NwConfigDemon] [33m[Thread-1][m- current Idx : 1
[36m2024-06-17 18:13:33.786[m [34m[DEBUG][m [com.mobigen.cdev.poc.module.nw.process.NwCongifDemonAwaken] [33m[Thread-2][m- NwConfigDemonAwaken is tried and NwConfigDemon' status is OK!!
[36m2024-06-17 18:13:38.255[m [34m[DEBUG][m [com.mobigen.cdev.poc.module.nw.process.NwConfigDemon] [33m[Thread-1][m- current Idx : 1
[36m2024-06-17 18:13:48.260[m [34m[DEBUG][m [com.mobigen.cdev.poc.module.nw.process.NwConfigDemon] [33m[Thread-1][m- current Idx : 1
[36m2024-06-17 18:13:53.792[m [34m[DEBUG][m [com.mobigen.cdev.poc.module.nw.process.NwCongifDemonAwaken] [33m[Thread-2][m- NwConfigDemonAwaken is tried and NwConfigDemon' status is OK!!
[36m2024-06-17 18:13:58.265[m [34m[DEBUG][m [com.mobigen.cdev.poc.module.nw.process.NwConfigDemon] [33m[Thread-1][m- current Idx : 1
[36m2024-06-17 18:14:08.271[m [34m[DEBUG][m [com.mobigen.cdev.poc.module.nw.process.NwConfigDemon] [33m[Thread-1][m- current Idx : 1
[36m2024-06-17 18:14:13.797[m [34m[DEBUG][m [com.mobigen.cdev.poc.module.nw.process.NwCongifDemonAwaken] [33m[Thread-2][m- NwConfigDemonAwaken is tried and NwConfigDemon' status is OK!!
[36m2024-06-17 18:14:18.277[m [34m[DEBUG][m [com.mobigen.cdev.poc.module.nw.process.NwConfigDemon] [33m[Thread-1][m- current Idx : 1
[36m2024-06-17 18:14:28.282[m [34m[DEBUG][m [com.mobigen.cdev.poc.module.nw.process.NwConfigDemon] [33m[Thread-1][m- current Idx : 1
[36m2024-06-17 18:14:33.803[m [34m[DEBUG][m [com.mobigen.cdev.poc.module.nw.process.NwCongifDemonAwaken] [33m[Thread-2][m- NwConfigDemonAwaken is tried and NwConfigDemon' status is OK!!
[36m2024-06-17 18:14:38.288[m [34m[DEBUG][m [com.mobigen.cdev.poc.module.nw.process.NwConfigDemon] [33m[Thread-1][m- current Idx : 1
[36m2024-06-17 18:14:48.296[m [34m[DEBUG][m [com.mobigen.cdev.poc.module.nw.process.NwConfigDemon] [33m[Thread-1][m- current Idx : 1
[36m2024-06-17 18:14:53.809[m [34m[DEBUG][m [com.mobigen.cdev.poc.module.nw.process.NwCongifDemonAwaken] [33m[Thread-2][m- NwConfigDemonAwaken is tried and NwConfigDemon' status is OK!!
[36m2024-06-17 18:14:58.301[m [34m[DEBUG][m [com.mobigen.cdev.poc.module.nw.process.NwConfigDemon] [33m[Thread-1][m- current Idx : 1
[36m2024-06-17 18:15:04.228[m [32m[INFO ][m [org.springframework.orm.jpa.AbstractEntityManagerFactoryBean] [33m[SpringApplicationShutdownHook][m- Closing JPA EntityManagerFactory for persistence unit 'default'
[36m2024-06-17 18:15:04.229[m [32m[INFO ][m [com.zaxxer.hikari.HikariDataSource] [33m[SpringApplicationShutdownHook][m- HikariPool-1 - Shutdown initiated...
[36m2024-06-17 18:15:04.271[m [32m[INFO ][m [com.zaxxer.hikari.HikariDataSource] [33m[SpringApplicationShutdownHook][m- HikariPool-1 - Shutdown completed.
[36m2024-06-17 18:15:11.455[m [32m[INFO ][m [org.springframework.boot.StartupInfoLogger] [33m[main][m- Starting PocApplication using Java 11.0.18 on isangchan-ui-MacBookPro.local with PID 4076 (/Users/sclee1115/Project/Dev/poc_gui/01.gui_source/pocgui_backend/target/classes started by sclee1115 in /Users/sclee1115/Project/Dev/poc_gui/01.gui_source/pocgui_backend)
[36m2024-06-17 18:15:11.457[m [34m[DEBUG][m [org.springframework.boot.StartupInfoLogger] [33m[main][m- Running with Spring Boot v2.7.10, Spring v5.3.26
[36m2024-06-17 18:15:11.458[m [32m[INFO ][m [org.springframework.boot.SpringApplication] [33m[main][m- The following 7 profiles are active: "db", "config", "log", "local", "db-local", "config-local", "log-local"
[36m2024-06-17 18:15:11.778[m [32m[INFO ][m [org.springframework.data.repository.config.RepositoryConfigurationDelegate] [33m[main][m- Bootstrapping Spring Data JPA repositories in DEFAULT mode.
[36m2024-06-17 18:15:11.826[m [32m[INFO ][m [org.springframework.data.repository.config.RepositoryConfigurationDelegate] [33m[main][m- Finished Spring Data repository scanning in 42 ms. Found 1 JPA repository interfaces.
[36m2024-06-17 18:15:11.998[m [33m[WARN ][m [org.mybatis.logging.Logger] [33m[main][m- No MyBatis mapper was found in '[com.mobigen.cdev.poc]' package. Please check your configuration.
[36m2024-06-17 18:15:12.491[m [32m[INFO ][m [org.springframework.boot.web.embedded.tomcat.TomcatWebServer] [33m[main][m- Tomcat initialized with port(s): 9091 (http)
[36m2024-06-17 18:15:12.500[m [32m[INFO ][m [org.apache.juli.logging.DirectJDKLog] [33m[main][m- Initializing ProtocolHandler ["http-nio-9091"]
[36m2024-06-17 18:15:12.501[m [32m[INFO ][m [org.apache.juli.logging.DirectJDKLog] [33m[main][m- Starting service [Tomcat]
[36m2024-06-17 18:15:12.501[m [32m[INFO ][m [org.apache.juli.logging.DirectJDKLog] [33m[main][m- Starting Servlet engine: [Apache Tomcat/9.0.73]
[36m2024-06-17 18:15:12.570[m [32m[INFO ][m [org.apache.juli.logging.DirectJDKLog] [33m[main][m- Initializing Spring embedded WebApplicationContext
[36m2024-06-17 18:15:12.570[m [32m[INFO ][m [org.springframework.boot.web.servlet.context.ServletWebServerApplicationContext] [33m[main][m- Root WebApplicationContext: initialization completed in 1090 ms
[36m2024-06-17 18:15:12.699[m [32m[INFO ][m [org.hibernate.jpa.internal.util.LogHelper] [33m[main][m- HHH000204: Processing PersistenceUnitInfo [name: default]
[36m2024-06-17 18:15:12.741[m [32m[INFO ][m [org.hibernate.Version] [33m[main][m- HHH000412: Hibernate ORM core version 5.6.15.Final
[36m2024-06-17 18:15:12.846[m [32m[INFO ][m [org.hibernate.annotations.common.reflection.java.JavaReflectionManager] [33m[main][m- HCANN000001: Hibernate Commons Annotations {5.1.2.Final}
[36m2024-06-17 18:15:12.970[m [32m[INFO ][m [com.zaxxer.hikari.HikariDataSource] [33m[main][m- HikariPool-1 - Starting...
[36m2024-06-17 18:15:13.086[m [32m[INFO ][m [com.zaxxer.hikari.HikariDataSource] [33m[main][m- HikariPool-1 - Start completed.
[36m2024-06-17 18:15:13.104[m [32m[INFO ][m [org.hibernate.dialect.Dialect] [33m[main][m- HHH000400: Using dialect: org.hibernate.dialect.MariaDB106Dialect
[36m2024-06-17 18:15:13.386[m [32m[INFO ][m [org.hibernate.engine.transaction.jta.platform.internal.JtaPlatformInitiator] [33m[main][m- HHH000490: Using JtaPlatform implementation: [org.hibernate.engine.transaction.jta.platform.internal.NoJtaPlatform]
[36m2024-06-17 18:15:13.391[m [32m[INFO ][m [org.springframework.orm.jpa.AbstractEntityManagerFactoryBean] [33m[main][m- Initialized JPA EntityManagerFactory for persistence unit 'default'
[36m2024-06-17 18:15:13.887[m [34m[DEBUG][m [com.mobigen.cdev.poc.module.nw.process.NwConfigDemon] [33m[Thread-1][m- current Idx : 0
[36m2024-06-17 18:15:14.003[m [32m[INFO ][m [net.sf.log4jdbc.log.slf4j.Slf4jSpyLogDelegator] [33m[pool-2-thread-3][m- select
            *
        from
        (

        select
            A.mtso_id
        ,	B.mtso_name
        ,	case
                when ifnull(LAG(A.mtso_id, 1) over (partition by A.mtso_id order by A.mtso_id, mme_id), 'F') = 'F' then 'Y'
                else 'N'
            end mtso_first
        ,	case
                when ifnull(LEAD(A.mtso_id, 1) over (partition by A.mtso_id order by A.mtso_id, mme_id), 'L') = 'L' then 'Y'
                else 'N'
            end mtso_last
        ,   'MME' node_type
        ,	A.mme_id node_id
        ,	concat('MME#', lpad(cast(mme_id as unsigned), 2, '0')) node_exp_id
        ,	A.mme_name node_name
        ,   A.mme_id value
        ,   concat('MME#', lpad(cast(mme_id as unsigned), 2, '0')) label
        ,   concat(B.mtso_name, ' (', A.mtso_id, ')') group_filter
        ,   concat(B.mtso_name, ' (', A.mtso_id, ')', ' - MME#', lpad(cast(mme_id as unsigned), 2, '0')) description
        from
             CL_MME  A
            left outer join  CB_MTSO  B
            on A.mtso_id = B.mtso_id
        where 1 = 1
        and opr_status = 'ACT'

        ) A
        where 1 = 1

        order by mtso_id, node_id

[36m2024-06-17 18:15:14.003[m [32m[INFO ][m [net.sf.log4jdbc.log.slf4j.Slf4jSpyLogDelegator] [33m[pool-2-thread-4][m- select
            *
        from
        (

        select
            A.mtso_id
        ,	B.mtso_name
        ,	case
                when ifnull(LAG(A.mtso_id, 1) over (partition by A.mtso_id order by A.mtso_id, mme_id), 'F') = 'F' then 'Y'
                else 'N'
            end mtso_first
        ,	case
                when ifnull(LEAD(A.mtso_id, 1) over (partition by A.mtso_id order by A.mtso_id, mme_id), 'L') = 'L' then 'Y'
                else 'N'
            end mtso_last
        ,   'MME' node_type
        ,	A.mme_id node_id
        ,	concat('MME#', lpad(cast(mme_id as unsigned), 2, '0')) node_exp_id
        ,	A.mme_name node_name
        ,   A.mme_id value
        ,   concat('MME#', lpad(cast(mme_id as unsigned), 2, '0')) label
        ,   concat(B.mtso_name, ' (', A.mtso_id, ')') group_filter
        ,   concat(B.mtso_name, ' (', A.mtso_id, ')', ' - MME#', lpad(cast(mme_id as unsigned), 2, '0')) description
        from
             CL_MME  A
            left outer join  CB_MTSO  B
            on A.mtso_id = B.mtso_id
        where 1 = 1
        and opr_status = 'ACT'

        ) A
        where 1 = 1

        order by mtso_id, node_id

[36m2024-06-17 18:15:14.003[m [32m[INFO ][m [net.sf.log4jdbc.log.slf4j.Slf4jSpyLogDelegator] [33m[pool-2-thread-1][m- select
            A.*
        ,	case
                when ifnull(LAG(A.branch_id, 1) over (partition by A.branch_id order by A.branch_id, opteam_id, part_id), 'F') = 'F' then 'Y'
                else 'N'
            end branch_first
        ,	case
                when ifnull(LEAD(A.branch_id, 1) over (partition by A.branch_id order by A.branch_id, opteam_id, part_id), 'L') = 'L' then 'Y'
                else 'N'
            end branch_last
        ,	case
                when ifnull(LAG(A.opteam_id, 1) over (partition by A.opteam_id order by A.branch_id, opteam_id, part_id), 'F') = 'F' then 'Y'
                else 'N'
            end opteam_first
        ,	case
                when ifnull(LEAD(A.opteam_id, 1) over (partition by A.opteam_id order by A.branch_id, opteam_id, part_id), 'L') = 'L' then 'Y'
                else 'N'
            end opteam_last
        ,	case
                when ifnull(LAG(A.part_id, 1) over (partition by A.part_id order by A.branch_id, opteam_id, part_id), 'F') = 'F' then 'Y'
                else 'N'
            end part_first
        ,	case
                when ifnull(LEAD(A.part_id, 1) over (partition by A.part_id order by A.branch_id, opteam_id, part_id), 'L') = 'L' then 'Y'
                else 'N'
            end part_last
        from
        (

        select
            A.*
        from
        (
            select
                CONCAT('BRANCH_', A.branch_id) branch_id
            ,	B.branch_name
            ,	CONCAT('TEAM_', A.opteam_id) opteam_id
            ,	C.team_name opteam_name
            ,	CONCAT('PART_', A.part_id) part_id
            ,	D.part_name
            ,	A.mtso_name
            ,	E.mtso_id
            ,	enb_id
            ,	bts_name
            ,   enb_id value
            ,   concat(ifnull(bts_name, '-'), ' (', enb_id, ')') label
            ,   case when ifnull(opteam_name, '-') = '-' then '미분류'
                    else concat(opteam_name, ' (', opteam_id, ')')
                end group_filter
            ,   concat(ifnull(bts_name, '-'), ' (', enb_id, ')') description
            ,	@ROWNUM:=@ROWNUM+1 AS row_num
            from
                 CL_ENB  A
                left outer join  CM_BRANCH  B
                on A.branch_id = B.branch_id
                left outer join  CM_TEAM  C
                on A.opteam_id = C.team_id
                left outer join  CM_PART  D
                on A.part_id = D.part_id
                left outer join  CB_MTSO  E
                on A.mtso_name = E.mtso_name
                ,	(SELECT @rownum:=0) TMP
            where 1 = 1
            and opr_status = 'ACT'
        ) A

        ) A
        where 1 = 1
        and branch_name is not null
        and opteam_name is not null
        and part_name is not null

        order by branch_id, opteam_id, part_id

[36m2024-06-17 18:15:14.003[m [32m[INFO ][m [net.sf.log4jdbc.log.slf4j.Slf4jSpyLogDelegator] [33m[pool-2-thread-2][m- select
            A.*
        ,	case
                when ifnull(LAG(A.branch_id, 1) over (partition by A.branch_id order by A.branch_id, opteam_id, part_id), 'F') = 'F' then 'Y'
                else 'N'
            end branch_first
        ,	case
                when ifnull(LEAD(A.branch_id, 1) over (partition by A.branch_id order by A.branch_id, opteam_id, part_id), 'L') = 'L' then 'Y'
                else 'N'
            end branch_last
        ,	case
                when ifnull(LAG(A.opteam_id, 1) over (partition by A.opteam_id order by A.branch_id, opteam_id, part_id), 'F') = 'F' then 'Y'
                else 'N'
            end opteam_first
        ,	case
                when ifnull(LEAD(A.opteam_id, 1) over (partition by A.opteam_id order by A.branch_id, opteam_id, part_id), 'L') = 'L' then 'Y'
                else 'N'
            end opteam_last
        ,	case
                when ifnull(LAG(A.part_id, 1) over (partition by A.part_id order by A.branch_id, opteam_id, part_id), 'F') = 'F' then 'Y'
                else 'N'
            end part_first
        ,	case
                when ifnull(LEAD(A.part_id, 1) over (partition by A.part_id order by A.branch_id, opteam_id, part_id), 'L') = 'L' then 'Y'
                else 'N'
            end part_last
        from
        (

        select
            A.*
        from
        (
            select
                CONCAT('BRANCH_', A.branch_id) branch_id
            ,	B.branch_name
            ,	CONCAT('TEAM_', A.opteam_id) opteam_id
            ,	C.team_name opteam_name
            ,	CONCAT('PART_', A.part_id) part_id
            ,	D.part_name
            ,	A.mtso_name
            ,	E.mtso_id
            ,	enb_id
            ,	bts_name
            ,   enb_id value
            ,   concat(ifnull(bts_name, '-'), ' (', enb_id, ')') label
            ,   case when ifnull(opteam_name, '-') = '-' then '미분류'
                    else concat(opteam_name, ' (', opteam_id, ')')
                end group_filter
            ,   concat(ifnull(bts_name, '-'), ' (', enb_id, ')') description
            ,	@ROWNUM:=@ROWNUM+1 AS row_num
            from
                 CL_ENB  A
                left outer join  CM_BRANCH  B
                on A.branch_id = B.branch_id
                left outer join  CM_TEAM  C
                on A.opteam_id = C.team_id
                left outer join  CM_PART  D
                on A.part_id = D.part_id
                left outer join  CB_MTSO  E
                on A.mtso_name = E.mtso_name
                ,	(SELECT @rownum:=0) TMP
            where 1 = 1
            and opr_status = 'ACT'
        ) A

        ) A
        where 1 = 1
        and branch_name is not null
        and opteam_name is not null
        and part_name is not null

        order by branch_id, opteam_id, part_id

[36m2024-06-17 18:15:14.070[m [32m[INFO ][m [org.springframework.security.web.DefaultSecurityFilterChain] [33m[main][m- Will secure any request with [org.springframework.security.web.session.DisableEncodeUrlFilter@7ca2319f, org.springframework.security.web.context.request.async.WebAsyncManagerIntegrationFilter@653a5a, org.springframework.security.web.context.SecurityContextPersistenceFilter@53630682, org.springframework.security.web.header.HeaderWriterFilter@4ffcb1bd, org.springframework.security.web.authentication.logout.LogoutFilter@3894d1b1, org.springframework.security.web.savedrequest.RequestCacheAwareFilter@8318808, org.springframework.security.web.servletapi.SecurityContextHolderAwareRequestFilter@b97f195, org.springframework.security.web.authentication.AnonymousAuthenticationFilter@19ce597a, org.springframework.security.web.session.SessionManagementFilter@12a8d03b, org.springframework.security.web.access.ExceptionTranslationFilter@4fcb796f, org.springframework.security.web.access.intercept.FilterSecurityInterceptor@78ca8258]
[36m2024-06-17 18:15:14.109[m [33m[WARN ][m [org.springframework.boot.autoconfigure.orm.jpa.JpaBaseConfiguration$JpaWebConfiguration] [33m[main][m- spring.jpa.open-in-view is enabled by default. Therefore, database queries may be performed during view rendering. Explicitly configure spring.jpa.open-in-view to disable this warning
[36m2024-06-17 18:15:14.447[m [32m[INFO ][m [org.apache.juli.logging.DirectJDKLog] [33m[main][m- Starting ProtocolHandler ["http-nio-9091"]
[36m2024-06-17 18:15:14.467[m [32m[INFO ][m [org.springframework.boot.web.embedded.tomcat.TomcatWebServer] [33m[main][m- Tomcat started on port(s): 9091 (http) with context path '/poc_service'
[36m2024-06-17 18:15:14.474[m [32m[INFO ][m [org.springframework.boot.StartupInfoLogger] [33m[main][m- Started PocApplication in 3.481 seconds (JVM running for 4.009)
[36m2024-06-17 18:15:18.540[m [34m[DEBUG][m [com.mobigen.cdev.poc.module.nw.process.NwConfigDemon] [33m[Thread-1][m- sMsgId :: ENB_LIST
[36m2024-06-17 18:15:18.540[m [34m[DEBUG][m [com.mobigen.cdev.poc.module.nw.process.NwConfigDemon] [33m[Thread-1][m- sMsgId :: ENB_TREE
[36m2024-06-17 18:15:18.541[m [34m[DEBUG][m [com.mobigen.cdev.poc.module.nw.process.NwConfigDemon] [33m[Thread-1][m- sMsgId :: MME_LIST
[36m2024-06-17 18:15:18.541[m [34m[DEBUG][m [com.mobigen.cdev.poc.module.nw.process.NwConfigDemon] [33m[Thread-1][m- sMsgId :: MME_TREE
[36m2024-06-17 18:15:18.541[m [34m[DEBUG][m [com.mobigen.cdev.poc.module.nw.process.NwConfigDemon] [33m[Thread-1][m- current Idx : 1
[36m2024-06-17 18:16:13.893[m [34m[DEBUG][m [com.mobigen.cdev.poc.module.nw.process.NwCongifDemonAwaken] [33m[Thread-2][m- NwConfigDemonAwaken is tried and NwConfigDemon' status is OK!!
[36m2024-06-17 18:17:13.899[m [34m[DEBUG][m [com.mobigen.cdev.poc.module.nw.process.NwCongifDemonAwaken] [33m[Thread-2][m- NwConfigDemonAwaken is tried and NwConfigDemon' status is OK!!
[36m2024-06-17 18:18:13.906[m [34m[DEBUG][m [com.mobigen.cdev.poc.module.nw.process.NwCongifDemonAwaken] [33m[Thread-2][m- NwConfigDemonAwaken is tried and NwConfigDemon' status is OK!!
[36m2024-06-17 18:19:13.912[m [34m[DEBUG][m [com.mobigen.cdev.poc.module.nw.process.NwCongifDemonAwaken] [33m[Thread-2][m- NwConfigDemonAwaken is tried and NwConfigDemon' status is OK!!
[36m2024-06-17 18:20:13.918[m [34m[DEBUG][m [com.mobigen.cdev.poc.module.nw.process.NwCongifDemonAwaken] [33m[Thread-2][m- NwConfigDemonAwaken is tried and NwConfigDemon' status is OK!!
[36m2024-06-17 18:21:13.924[m [34m[DEBUG][m [com.mobigen.cdev.poc.module.nw.process.NwCongifDemonAwaken] [33m[Thread-2][m- NwConfigDemonAwaken is tried and NwConfigDemon' status is OK!!
[36m2024-06-17 18:22:13.930[m [34m[DEBUG][m [com.mobigen.cdev.poc.module.nw.process.NwCongifDemonAwaken] [33m[Thread-2][m- NwConfigDemonAwaken is tried and NwConfigDemon' status is OK!!
[36m2024-06-17 18:23:13.934[m [34m[DEBUG][m [com.mobigen.cdev.poc.module.nw.process.NwCongifDemonAwaken] [33m[Thread-2][m- NwConfigDemonAwaken is tried and NwConfigDemon' status is OK!!
[36m2024-06-17 18:24:13.940[m [34m[DEBUG][m [com.mobigen.cdev.poc.module.nw.process.NwCongifDemonAwaken] [33m[Thread-2][m- NwConfigDemonAwaken is tried and NwConfigDemon' status is OK!!
[36m2024-06-17 18:25:13.945[m [34m[DEBUG][m [com.mobigen.cdev.poc.module.nw.process.NwCongifDemonAwaken] [33m[Thread-2][m- NwConfigDemonAwaken is tried and NwConfigDemon' status is OK!!
[36m2024-06-17 18:26:02.528[m [32m[INFO ][m [org.springframework.orm.jpa.AbstractEntityManagerFactoryBean] [33m[SpringApplicationShutdownHook][m- Closing JPA EntityManagerFactory for persistence unit 'default'
[36m2024-06-17 18:26:02.529[m [32m[INFO ][m [com.zaxxer.hikari.HikariDataSource] [33m[SpringApplicationShutdownHook][m- HikariPool-1 - Shutdown initiated...
[36m2024-06-17 18:26:02.571[m [32m[INFO ][m [com.zaxxer.hikari.HikariDataSource] [33m[SpringApplicationShutdownHook][m- HikariPool-1 - Shutdown completed.
[36m2024-06-17 18:26:08.901[m [32m[INFO ][m [org.springframework.boot.StartupInfoLogger] [33m[main][m- Starting PocApplication using Java 11.0.18 on isangchan-ui-MacBookPro.local with PID 4819 (/Users/sclee1115/Project/Dev/poc_gui/01.gui_source/pocgui_backend/target/classes started by sclee1115 in /Users/sclee1115/Project/Dev/poc_gui/01.gui_source/pocgui_backend)
[36m2024-06-17 18:26:08.904[m [34m[DEBUG][m [org.springframework.boot.StartupInfoLogger] [33m[main][m- Running with Spring Boot v2.7.10, Spring v5.3.26
[36m2024-06-17 18:26:08.904[m [32m[INFO ][m [org.springframework.boot.SpringApplication] [33m[main][m- The following 7 profiles are active: "db", "config", "log", "local", "db-local", "config-local", "log-local"
[36m2024-06-17 18:26:09.211[m [32m[INFO ][m [org.springframework.data.repository.config.RepositoryConfigurationDelegate] [33m[main][m- Bootstrapping Spring Data JPA repositories in DEFAULT mode.
[36m2024-06-17 18:26:09.253[m [32m[INFO ][m [org.springframework.data.repository.config.RepositoryConfigurationDelegate] [33m[main][m- Finished Spring Data repository scanning in 37 ms. Found 1 JPA repository interfaces.
[36m2024-06-17 18:26:09.412[m [33m[WARN ][m [org.mybatis.logging.Logger] [33m[main][m- No MyBatis mapper was found in '[com.mobigen.cdev.poc]' package. Please check your configuration.
[36m2024-06-17 18:26:09.867[m [32m[INFO ][m [org.springframework.boot.web.embedded.tomcat.TomcatWebServer] [33m[main][m- Tomcat initialized with port(s): 9091 (http)
[36m2024-06-17 18:26:09.875[m [32m[INFO ][m [org.apache.juli.logging.DirectJDKLog] [33m[main][m- Initializing ProtocolHandler ["http-nio-9091"]
[36m2024-06-17 18:26:09.875[m [32m[INFO ][m [org.apache.juli.logging.DirectJDKLog] [33m[main][m- Starting service [Tomcat]
[36m2024-06-17 18:26:09.875[m [32m[INFO ][m [org.apache.juli.logging.DirectJDKLog] [33m[main][m- Starting Servlet engine: [Apache Tomcat/9.0.73]
[36m2024-06-17 18:26:09.947[m [32m[INFO ][m [org.apache.juli.logging.DirectJDKLog] [33m[main][m- Initializing Spring embedded WebApplicationContext
[36m2024-06-17 18:26:09.947[m [32m[INFO ][m [org.springframework.boot.web.servlet.context.ServletWebServerApplicationContext] [33m[main][m- Root WebApplicationContext: initialization completed in 1021 ms
[36m2024-06-17 18:26:10.073[m [32m[INFO ][m [org.hibernate.jpa.internal.util.LogHelper] [33m[main][m- HHH000204: Processing PersistenceUnitInfo [name: default]
[36m2024-06-17 18:26:10.121[m [32m[INFO ][m [org.hibernate.Version] [33m[main][m- HHH000412: Hibernate ORM core version 5.6.15.Final
[36m2024-06-17 18:26:10.232[m [32m[INFO ][m [org.hibernate.annotations.common.reflection.java.JavaReflectionManager] [33m[main][m- HCANN000001: Hibernate Commons Annotations {5.1.2.Final}
[36m2024-06-17 18:26:10.353[m [32m[INFO ][m [com.zaxxer.hikari.HikariDataSource] [33m[main][m- HikariPool-1 - Starting...
[36m2024-06-17 18:26:10.471[m [32m[INFO ][m [com.zaxxer.hikari.HikariDataSource] [33m[main][m- HikariPool-1 - Start completed.
[36m2024-06-17 18:26:10.491[m [32m[INFO ][m [org.hibernate.dialect.Dialect] [33m[main][m- HHH000400: Using dialect: org.hibernate.dialect.MariaDB106Dialect
[36m2024-06-17 18:26:10.777[m [32m[INFO ][m [org.hibernate.engine.transaction.jta.platform.internal.JtaPlatformInitiator] [33m[main][m- HHH000490: Using JtaPlatform implementation: [org.hibernate.engine.transaction.jta.platform.internal.NoJtaPlatform]
[36m2024-06-17 18:26:10.782[m [32m[INFO ][m [org.springframework.orm.jpa.AbstractEntityManagerFactoryBean] [33m[main][m- Initialized JPA EntityManagerFactory for persistence unit 'default'
[36m2024-06-17 18:26:11.292[m [34m[DEBUG][m [com.mobigen.cdev.poc.module.nw.process.NwConfigDemon] [33m[Thread-1][m- current Idx : 0
[36m2024-06-17 18:26:11.412[m [32m[INFO ][m [net.sf.log4jdbc.log.slf4j.Slf4jSpyLogDelegator] [33m[pool-2-thread-4][m- select
            *
        from
        (

        select
            A.mtso_id
        ,	B.mtso_name
        ,	case
                when ifnull(LAG(A.mtso_id, 1) over (partition by A.mtso_id order by A.mtso_id, mme_id), 'F') = 'F' then 'Y'
                else 'N'
            end mtso_first
        ,	case
                when ifnull(LEAD(A.mtso_id, 1) over (partition by A.mtso_id order by A.mtso_id, mme_id), 'L') = 'L' then 'Y'
                else 'N'
            end mtso_last
        ,   'MME' node_type
        ,	A.mme_id node_id
        ,	concat('MME#', lpad(cast(mme_id as unsigned), 2, '0')) node_exp_id
        ,	A.mme_name node_name
        ,   A.mme_id value
        ,   concat('MME#', lpad(cast(mme_id as unsigned), 2, '0')) label
        ,   concat(B.mtso_name, ' (', A.mtso_id, ')') group_filter
        ,   concat(B.mtso_name, ' (', A.mtso_id, ')', ' - MME#', lpad(cast(mme_id as unsigned), 2, '0')) description
        from
             CL_MME  A
            left outer join  CB_MTSO  B
            on A.mtso_id = B.mtso_id
        where 1 = 1
        and opr_status = 'ACT'

        ) A
        where 1 = 1

        order by mtso_id, node_id

[36m2024-06-17 18:26:11.412[m [32m[INFO ][m [net.sf.log4jdbc.log.slf4j.Slf4jSpyLogDelegator] [33m[pool-2-thread-3][m- select
            *
        from
        (

        select
            A.mtso_id
        ,	B.mtso_name
        ,	case
                when ifnull(LAG(A.mtso_id, 1) over (partition by A.mtso_id order by A.mtso_id, mme_id), 'F') = 'F' then 'Y'
                else 'N'
            end mtso_first
        ,	case
                when ifnull(LEAD(A.mtso_id, 1) over (partition by A.mtso_id order by A.mtso_id, mme_id), 'L') = 'L' then 'Y'
                else 'N'
            end mtso_last
        ,   'MME' node_type
        ,	A.mme_id node_id
        ,	concat('MME#', lpad(cast(mme_id as unsigned), 2, '0')) node_exp_id
        ,	A.mme_name node_name
        ,   A.mme_id value
        ,   concat('MME#', lpad(cast(mme_id as unsigned), 2, '0')) label
        ,   concat(B.mtso_name, ' (', A.mtso_id, ')') group_filter
        ,   concat(B.mtso_name, ' (', A.mtso_id, ')', ' - MME#', lpad(cast(mme_id as unsigned), 2, '0')) description
        from
             CL_MME  A
            left outer join  CB_MTSO  B
            on A.mtso_id = B.mtso_id
        where 1 = 1
        and opr_status = 'ACT'

        ) A
        where 1 = 1

        order by mtso_id, node_id

[36m2024-06-17 18:26:11.413[m [32m[INFO ][m [net.sf.log4jdbc.log.slf4j.Slf4jSpyLogDelegator] [33m[pool-2-thread-2][m- select
            A.*
        ,	case
                when ifnull(LAG(A.branch_id, 1) over (partition by A.branch_id order by A.branch_id, opteam_id, part_id), 'F') = 'F' then 'Y'
                else 'N'
            end branch_first
        ,	case
                when ifnull(LEAD(A.branch_id, 1) over (partition by A.branch_id order by A.branch_id, opteam_id, part_id), 'L') = 'L' then 'Y'
                else 'N'
            end branch_last
        ,	case
                when ifnull(LAG(A.opteam_id, 1) over (partition by A.opteam_id order by A.branch_id, opteam_id, part_id), 'F') = 'F' then 'Y'
                else 'N'
            end opteam_first
        ,	case
                when ifnull(LEAD(A.opteam_id, 1) over (partition by A.opteam_id order by A.branch_id, opteam_id, part_id), 'L') = 'L' then 'Y'
                else 'N'
            end opteam_last
        ,	case
                when ifnull(LAG(A.part_id, 1) over (partition by A.part_id order by A.branch_id, opteam_id, part_id), 'F') = 'F' then 'Y'
                else 'N'
            end part_first
        ,	case
                when ifnull(LEAD(A.part_id, 1) over (partition by A.part_id order by A.branch_id, opteam_id, part_id), 'L') = 'L' then 'Y'
                else 'N'
            end part_last
        from
        (

        select
            A.*
        from
        (
            select
                CONCAT('BRANCH_', A.branch_id) branch_id
            ,	B.branch_name
            ,	CONCAT('TEAM_', A.opteam_id) opteam_id
            ,	C.team_name opteam_name
            ,	CONCAT('PART_', A.part_id) part_id
            ,	D.part_name
            ,	A.mtso_name
            ,	E.mtso_id
            ,	enb_id
            ,	bts_name
            ,   enb_id value
            ,   concat(ifnull(bts_name, '-'), ' (', enb_id, ')') label
            ,   case when ifnull(opteam_name, '-') = '-' then '미분류'
                    else concat(opteam_name, ' (', opteam_id, ')')
                end group_filter
            ,   concat(ifnull(bts_name, '-'), ' (', enb_id, ')') description
            ,	@ROWNUM:=@ROWNUM+1 AS row_num
            from
                 CL_ENB  A
                left outer join  CM_BRANCH  B
                on A.branch_id = B.branch_id
                left outer join  CM_TEAM  C
                on A.opteam_id = C.team_id
                left outer join  CM_PART  D
                on A.part_id = D.part_id
                left outer join  CB_MTSO  E
                on A.mtso_name = E.mtso_name
                ,	(SELECT @rownum:=0) TMP
            where 1 = 1
            and opr_status = 'ACT'
        ) A

        ) A
        where 1 = 1
        and branch_name is not null
        and opteam_name is not null
        and part_name is not null

        order by branch_id, opteam_id, part_id

[36m2024-06-17 18:26:11.413[m [32m[INFO ][m [net.sf.log4jdbc.log.slf4j.Slf4jSpyLogDelegator] [33m[pool-2-thread-1][m- select
            A.*
        ,	case
                when ifnull(LAG(A.branch_id, 1) over (partition by A.branch_id order by A.branch_id, opteam_id, part_id), 'F') = 'F' then 'Y'
                else 'N'
            end branch_first
        ,	case
                when ifnull(LEAD(A.branch_id, 1) over (partition by A.branch_id order by A.branch_id, opteam_id, part_id), 'L') = 'L' then 'Y'
                else 'N'
            end branch_last
        ,	case
                when ifnull(LAG(A.opteam_id, 1) over (partition by A.opteam_id order by A.branch_id, opteam_id, part_id), 'F') = 'F' then 'Y'
                else 'N'
            end opteam_first
        ,	case
                when ifnull(LEAD(A.opteam_id, 1) over (partition by A.opteam_id order by A.branch_id, opteam_id, part_id), 'L') = 'L' then 'Y'
                else 'N'
            end opteam_last
        ,	case
                when ifnull(LAG(A.part_id, 1) over (partition by A.part_id order by A.branch_id, opteam_id, part_id), 'F') = 'F' then 'Y'
                else 'N'
            end part_first
        ,	case
                when ifnull(LEAD(A.part_id, 1) over (partition by A.part_id order by A.branch_id, opteam_id, part_id), 'L') = 'L' then 'Y'
                else 'N'
            end part_last
        from
        (

        select
            A.*
        from
        (
            select
                CONCAT('BRANCH_', A.branch_id) branch_id
            ,	B.branch_name
            ,	CONCAT('TEAM_', A.opteam_id) opteam_id
            ,	C.team_name opteam_name
            ,	CONCAT('PART_', A.part_id) part_id
            ,	D.part_name
            ,	A.mtso_name
            ,	E.mtso_id
            ,	enb_id
            ,	bts_name
            ,   enb_id value
            ,   concat(ifnull(bts_name, '-'), ' (', enb_id, ')') label
            ,   case when ifnull(opteam_name, '-') = '-' then '미분류'
                    else concat(opteam_name, ' (', opteam_id, ')')
                end group_filter
            ,   concat(ifnull(bts_name, '-'), ' (', enb_id, ')') description
            ,	@ROWNUM:=@ROWNUM+1 AS row_num
            from
                 CL_ENB  A
                left outer join  CM_BRANCH  B
                on A.branch_id = B.branch_id
                left outer join  CM_TEAM  C
                on A.opteam_id = C.team_id
                left outer join  CM_PART  D
                on A.part_id = D.part_id
                left outer join  CB_MTSO  E
                on A.mtso_name = E.mtso_name
                ,	(SELECT @rownum:=0) TMP
            where 1 = 1
            and opr_status = 'ACT'
        ) A

        ) A
        where 1 = 1
        and branch_name is not null
        and opteam_name is not null
        and part_name is not null

        order by branch_id, opteam_id, part_id

[36m2024-06-17 18:26:11.475[m [32m[INFO ][m [org.springframework.security.web.DefaultSecurityFilterChain] [33m[main][m- Will secure any request with [org.springframework.security.web.session.DisableEncodeUrlFilter@6c2d124e, org.springframework.security.web.context.request.async.WebAsyncManagerIntegrationFilter@602e7a9e, org.springframework.security.web.context.SecurityContextPersistenceFilter@5e8684a3, org.springframework.security.web.header.HeaderWriterFilter@5319efc0, org.springframework.security.web.authentication.logout.LogoutFilter@1f67d37f, org.springframework.security.web.savedrequest.RequestCacheAwareFilter@8a8cab8, org.springframework.security.web.servletapi.SecurityContextHolderAwareRequestFilter@7d48299e, org.springframework.security.web.authentication.AnonymousAuthenticationFilter@59f5a376, org.springframework.security.web.session.SessionManagementFilter@7305191e, org.springframework.security.web.access.ExceptionTranslationFilter@694dc99b, org.springframework.security.web.access.intercept.FilterSecurityInterceptor@58ca1cad]
[36m2024-06-17 18:26:11.539[m [33m[WARN ][m [org.springframework.boot.autoconfigure.orm.jpa.JpaBaseConfiguration$JpaWebConfiguration] [33m[main][m- spring.jpa.open-in-view is enabled by default. Therefore, database queries may be performed during view rendering. Explicitly configure spring.jpa.open-in-view to disable this warning
[36m2024-06-17 18:26:11.853[m [32m[INFO ][m [org.apache.juli.logging.DirectJDKLog] [33m[main][m- Starting ProtocolHandler ["http-nio-9091"]
[36m2024-06-17 18:26:11.872[m [32m[INFO ][m [org.springframework.boot.web.embedded.tomcat.TomcatWebServer] [33m[main][m- Tomcat started on port(s): 9091 (http) with context path '/poc_service'
[36m2024-06-17 18:26:11.879[m [32m[INFO ][m [org.springframework.boot.StartupInfoLogger] [33m[main][m- Started PocApplication in 3.341 seconds (JVM running for 3.934)
[36m2024-06-17 18:26:16.252[m [34m[DEBUG][m [com.mobigen.cdev.poc.module.nw.process.NwConfigDemon] [33m[Thread-1][m- sMsgId :: ENB_LIST
[36m2024-06-17 18:26:16.252[m [34m[DEBUG][m [com.mobigen.cdev.poc.module.nw.process.NwConfigDemon] [33m[Thread-1][m- sMsgId :: ENB_TREE
[36m2024-06-17 18:26:16.253[m [34m[DEBUG][m [com.mobigen.cdev.poc.module.nw.process.NwConfigDemon] [33m[Thread-1][m- sMsgId :: MME_LIST
[36m2024-06-17 18:26:16.253[m [34m[DEBUG][m [com.mobigen.cdev.poc.module.nw.process.NwConfigDemon] [33m[Thread-1][m- sMsgId :: MME_TREE
[36m2024-06-17 18:26:16.253[m [34m[DEBUG][m [com.mobigen.cdev.poc.module.nw.process.NwConfigDemon] [33m[Thread-1][m- current Idx : 1
[36m2024-06-17 18:27:11.297[m [34m[DEBUG][m [com.mobigen.cdev.poc.module.nw.process.NwCongifDemonAwaken] [33m[Thread-2][m- NwConfigDemonAwaken is tried and NwConfigDemon' status is OK!!
[36m2024-06-17 18:28:11.299[m [34m[DEBUG][m [com.mobigen.cdev.poc.module.nw.process.NwCongifDemonAwaken] [33m[Thread-2][m- NwConfigDemonAwaken is tried and NwConfigDemon' status is OK!!
[36m2024-06-17 18:29:11.301[m [34m[DEBUG][m [com.mobigen.cdev.poc.module.nw.process.NwCongifDemonAwaken] [33m[Thread-2][m- NwConfigDemonAwaken is tried and NwConfigDemon' status is OK!!
[36m2024-06-17 18:30:11.308[m [34m[DEBUG][m [com.mobigen.cdev.poc.module.nw.process.NwCongifDemonAwaken] [33m[Thread-2][m- NwConfigDemonAwaken is tried and NwConfigDemon' status is OK!!
[36m2024-06-17 18:30:38.512[m [33m[WARN ][m [com.zaxxer.hikari.pool.HikariPool$HouseKeeper] [33m[HikariPool-1 housekeeper][m- HikariPool-1 - Retrograde clock change detected (housekeeper delta=27s905ms), soft-evicting connections from pool.
[36m2024-06-17 18:30:42.713[m [32m[INFO ][m [org.springframework.orm.jpa.AbstractEntityManagerFactoryBean] [33m[SpringApplicationShutdownHook][m- Closing JPA EntityManagerFactory for persistence unit 'default'
[36m2024-06-17 18:30:42.714[m [32m[INFO ][m [com.zaxxer.hikari.HikariDataSource] [33m[SpringApplicationShutdownHook][m- HikariPool-1 - Shutdown initiated...
[36m2024-06-17 18:30:42.756[m [32m[INFO ][m [com.zaxxer.hikari.HikariDataSource] [33m[SpringApplicationShutdownHook][m- HikariPool-1 - Shutdown completed.
