[36m2024-04-29 13:59:35.914[m [32m[INFO ][m [org.springframework.boot.StartupInfoLogger] [33m[main][m- Starting PocApplication using Java 11.0.18 on isangchan-ui-MacBookPro.local with PID 1652 (/Users/sclee1115/Project/Dev/poc_gui/01.gui_source/pocgui_backend/target/classes started by sclee1115 in /Users/sclee1115/Project/Dev/poc_gui/01.gui_source/pocgui_backend)
[36m2024-04-29 13:59:35.921[m [34m[DEBUG][m [org.springframework.boot.StartupInfoLogger] [33m[main][m- Running with Spring Boot v2.7.10, Spring v5.3.26
[36m2024-04-29 13:59:35.921[m [32m[INFO ][m [org.springframework.boot.SpringApplication] [33m[main][m- The following 7 profiles are active: "db", "config", "log", "local", "db-local", "config-local", "log-local"
[36m2024-04-29 13:59:36.216[m [32m[INFO ][m [org.springframework.data.repository.config.RepositoryConfigurationDelegate] [33m[main][m- Bootstrapping Spring Data JPA repositories in DEFAULT mode.
[36m2024-04-29 13:59:36.257[m [32m[INFO ][m [org.springframework.data.repository.config.RepositoryConfigurationDelegate] [33m[main][m- Finished Spring Data repository scanning in 35 ms. Found 1 JPA repository interfaces.
[36m2024-04-29 13:59:36.413[m [33m[WARN ][m [org.mybatis.logging.Logger] [33m[main][m- No MyBatis mapper was found in '[com.mobigen.cdev.poc]' package. Please check your configuration.
[36m2024-04-29 13:59:36.819[m [32m[INFO ][m [org.springframework.boot.web.embedded.tomcat.TomcatWebServer] [33m[main][m- Tomcat initialized with port(s): 9091 (http)
[36m2024-04-29 13:59:36.824[m [32m[INFO ][m [org.apache.juli.logging.DirectJDKLog] [33m[main][m- Initializing ProtocolHandler ["http-nio-9091"]
[36m2024-04-29 13:59:36.825[m [32m[INFO ][m [org.apache.juli.logging.DirectJDKLog] [33m[main][m- Starting service [Tomcat]
[36m2024-04-29 13:59:36.825[m [32m[INFO ][m [org.apache.juli.logging.DirectJDKLog] [33m[main][m- Starting Servlet engine: [Apache Tomcat/9.0.73]
[36m2024-04-29 13:59:36.897[m [32m[INFO ][m [org.apache.juli.logging.DirectJDKLog] [33m[main][m- Initializing Spring embedded WebApplicationContext
[36m2024-04-29 13:59:36.903[m [32m[INFO ][m [org.springframework.boot.web.servlet.context.ServletWebServerApplicationContext] [33m[main][m- Root WebApplicationContext: initialization completed in 955 ms
[36m2024-04-29 13:59:37.002[m [32m[INFO ][m [org.hibernate.jpa.internal.util.LogHelper] [33m[main][m- HHH000204: Processing PersistenceUnitInfo [name: default]
[36m2024-04-29 13:59:37.040[m [32m[INFO ][m [org.hibernate.Version] [33m[main][m- HHH000412: Hibernate ORM core version 5.6.15.Final
[36m2024-04-29 13:59:37.146[m [32m[INFO ][m [org.hibernate.annotations.common.reflection.java.JavaReflectionManager] [33m[main][m- HCANN000001: Hibernate Commons Annotations {5.1.2.Final}
[36m2024-04-29 13:59:37.263[m [32m[INFO ][m [com.zaxxer.hikari.HikariDataSource] [33m[main][m- HikariPool-1 - Starting...
[36m2024-04-29 13:59:37.890[m [32m[INFO ][m [com.zaxxer.hikari.HikariDataSource] [33m[main][m- HikariPool-1 - Start completed.
[36m2024-04-29 13:59:37.916[m [32m[INFO ][m [org.hibernate.dialect.Dialect] [33m[main][m- HHH000400: Using dialect: org.hibernate.dialect.MariaDB106Dialect
[36m2024-04-29 13:59:38.240[m [32m[INFO ][m [org.hibernate.engine.transaction.jta.platform.internal.JtaPlatformInitiator] [33m[main][m- HHH000490: Using JtaPlatform implementation: [org.hibernate.engine.transaction.jta.platform.internal.NoJtaPlatform]
[36m2024-04-29 13:59:38.246[m [32m[INFO ][m [org.springframework.orm.jpa.AbstractEntityManagerFactoryBean] [33m[main][m- Initialized JPA EntityManagerFactory for persistence unit 'default'
[36m2024-04-29 13:59:38.734[m [32m[INFO ][m [org.springframework.security.web.DefaultSecurityFilterChain] [33m[main][m- Will secure any request with [org.springframework.security.web.session.DisableEncodeUrlFilter@13da6bc9, org.springframework.security.web.context.request.async.WebAsyncManagerIntegrationFilter@e8fb390, org.springframework.security.web.context.SecurityContextPersistenceFilter@25af1dbf, org.springframework.security.web.header.HeaderWriterFilter@237824b0, org.springframework.security.web.authentication.logout.LogoutFilter@160d68b8, org.springframework.security.web.savedrequest.RequestCacheAwareFilter@43778d6d, org.springframework.security.web.servletapi.SecurityContextHolderAwareRequestFilter@44ac94c2, org.springframework.security.web.authentication.AnonymousAuthenticationFilter@4131f6db, org.springframework.security.web.session.SessionManagementFilter@634d56eb, org.springframework.security.web.access.ExceptionTranslationFilter@5694f6a0, org.springframework.security.web.access.intercept.FilterSecurityInterceptor@70fcd3e5]
[36m2024-04-29 13:59:38.777[m [33m[WARN ][m [org.springframework.boot.autoconfigure.orm.jpa.JpaBaseConfiguration$JpaWebConfiguration] [33m[main][m- spring.jpa.open-in-view is enabled by default. Therefore, database queries may be performed during view rendering. Explicitly configure spring.jpa.open-in-view to disable this warning
[36m2024-04-29 13:59:39.024[m [32m[INFO ][m [org.apache.juli.logging.DirectJDKLog] [33m[main][m- Starting ProtocolHandler ["http-nio-9091"]
[36m2024-04-29 13:59:39.042[m [32m[INFO ][m [org.springframework.boot.web.embedded.tomcat.TomcatWebServer] [33m[main][m- Tomcat started on port(s): 9091 (http) with context path '/poc_service'
[36m2024-04-29 13:59:39.048[m [32m[INFO ][m [org.springframework.boot.StartupInfoLogger] [33m[main][m- Started PocApplication in 3.501 seconds (JVM running for 4.07)
[36m2024-04-29 13:59:54.395[m [32m[INFO ][m [org.springframework.orm.jpa.AbstractEntityManagerFactoryBean] [33m[SpringApplicationShutdownHook][m- Closing JPA EntityManagerFactory for persistence unit 'default'
[36m2024-04-29 13:59:54.396[m [32m[INFO ][m [com.zaxxer.hikari.HikariDataSource] [33m[SpringApplicationShutdownHook][m- HikariPool-1 - Shutdown initiated...
[36m2024-04-29 13:59:54.439[m [32m[INFO ][m [com.zaxxer.hikari.HikariDataSource] [33m[SpringApplicationShutdownHook][m- HikariPool-1 - Shutdown completed.
