[36m2024-05-31 09:35:32.942[m [31m[ERROR][m [com.mobigen.cdev.poc.core.exception.GlobalExceptionHandler] [33m[http-nio-9091-exec-9][m- rsResultExcption : {}
com.mobigen.cdev.poc.core.exception.RsResultException: null
	at com.mobigen.cdev.poc.core.exception.ControllerThrowsAdvice.ControllerAfterThrowing(ControllerThrowsAdvice.java:62) ~[classes/:?]
	at jdk.internal.reflect.NativeMethodAccessorImpl.invoke0(Native Method) ~[?:?]
	at jdk.internal.reflect.NativeMethodAccessorImpl.invoke(NativeMethodAccessorImpl.java:62) ~[?:?]
	at jdk.internal.reflect.DelegatingMethodAccessorImpl.invoke(DelegatingMethodAccessorImpl.java:43) ~[?:?]
	at java.lang.reflect.Method.invoke(Method.java:566) ~[?:?]
	at org.springframework.aop.aspectj.AbstractAspectJAdvice.invokeAdviceMethodWithGivenArgs(AbstractAspectJAdvice.java:634) ~[spring-aop-5.3.26.jar:5.3.26]
	at org.springframework.aop.aspectj.AbstractAspectJAdvice.invokeAdviceMethod(AbstractAspectJAdvice.java:617) ~[spring-aop-5.3.26.jar:5.3.26]
	at org.springframework.aop.aspectj.AspectJAfterThrowingAdvice.invoke(AspectJAfterThrowingAdvice.java:68) ~[spring-aop-5.3.26.jar:5.3.26]
	at org.springframework.aop.framework.ReflectiveMethodInvocation.proceed(ReflectiveMethodInvocation.java:186) ~[spring-aop-5.3.26.jar:5.3.26]
	at org.springframework.aop.framework.CglibAopProxy$CglibMethodInvocation.proceed(CglibAopProxy.java:763) ~[spring-aop-5.3.26.jar:5.3.26]
	at org.springframework.aop.interceptor.ExposeInvocationInterceptor.invoke(ExposeInvocationInterceptor.java:97) ~[spring-aop-5.3.26.jar:5.3.26]
	at org.springframework.aop.framework.ReflectiveMethodInvocation.proceed(ReflectiveMethodInvocation.java:186) ~[spring-aop-5.3.26.jar:5.3.26]
	at org.springframework.aop.framework.CglibAopProxy$CglibMethodInvocation.proceed(CglibAopProxy.java:763) ~[spring-aop-5.3.26.jar:5.3.26]
	at org.springframework.aop.framework.CglibAopProxy$DynamicAdvisedInterceptor.intercept(CglibAopProxy.java:708) ~[spring-aop-5.3.26.jar:5.3.26]
	at com.mobigen.cdev.poc.module.nw.controller.NwAnalysisController$$EnhancerBySpringCGLIB$$f921ef7b.getKpiAnalysis(<generated>) ~[classes/:?]
	at jdk.internal.reflect.NativeMethodAccessorImpl.invoke0(Native Method) ~[?:?]
	at jdk.internal.reflect.NativeMethodAccessorImpl.invoke(NativeMethodAccessorImpl.java:62) ~[?:?]
	at jdk.internal.reflect.DelegatingMethodAccessorImpl.invoke(DelegatingMethodAccessorImpl.java:43) ~[?:?]
	at java.lang.reflect.Method.invoke(Method.java:566) ~[?:?]
	at org.springframework.web.method.support.InvocableHandlerMethod.doInvoke(InvocableHandlerMethod.java:205) ~[spring-web-5.3.26.jar:5.3.26]
	at org.springframework.web.method.support.InvocableHandlerMethod.invokeForRequest(InvocableHandlerMethod.java:150) ~[spring-web-5.3.26.jar:5.3.26]
	at org.springframework.web.servlet.mvc.method.annotation.ServletInvocableHandlerMethod.invokeAndHandle(ServletInvocableHandlerMethod.java:117) ~[spring-webmvc-5.3.26.jar:5.3.26]
	at org.springframework.web.servlet.mvc.method.annotation.RequestMappingHandlerAdapter.invokeHandlerMethod(RequestMappingHandlerAdapter.java:895) ~[spring-webmvc-5.3.26.jar:5.3.26]
	at org.springframework.web.servlet.mvc.method.annotation.RequestMappingHandlerAdapter.handleInternal(RequestMappingHandlerAdapter.java:808) ~[spring-webmvc-5.3.26.jar:5.3.26]
	at org.springframework.web.servlet.mvc.method.AbstractHandlerMethodAdapter.handle(AbstractHandlerMethodAdapter.java:87) ~[spring-webmvc-5.3.26.jar:5.3.26]
	at org.springframework.web.servlet.DispatcherServlet.doDispatch(DispatcherServlet.java:1072) ~[spring-webmvc-5.3.26.jar:5.3.26]
	at org.springframework.web.servlet.DispatcherServlet.doService(DispatcherServlet.java:965) ~[spring-webmvc-5.3.26.jar:5.3.26]
	at org.springframework.web.servlet.FrameworkServlet.processRequest(FrameworkServlet.java:1006) ~[spring-webmvc-5.3.26.jar:5.3.26]
	at org.springframework.web.servlet.FrameworkServlet.doPost(FrameworkServlet.java:909) ~[spring-webmvc-5.3.26.jar:5.3.26]
	at javax.servlet.http.HttpServlet.service(HttpServlet.java:528) ~[tomcat-embed-core-9.0.73.jar:4.0.FR]
	at org.springframework.web.servlet.FrameworkServlet.service(FrameworkServlet.java:883) ~[spring-webmvc-5.3.26.jar:5.3.26]
	at javax.servlet.http.HttpServlet.service(HttpServlet.java:596) ~[tomcat-embed-core-9.0.73.jar:4.0.FR]
	at org.apache.catalina.core.ApplicationFilterChain.internalDoFilter(ApplicationFilterChain.java:209) ~[tomcat-embed-core-9.0.73.jar:9.0.73]
	at org.apache.catalina.core.ApplicationFilterChain.doFilter(ApplicationFilterChain.java:153) ~[tomcat-embed-core-9.0.73.jar:9.0.73]
	at org.apache.tomcat.websocket.server.WsFilter.doFilter(WsFilter.java:53) ~[tomcat-embed-websocket-9.0.73.jar:9.0.73]
	at org.apache.catalina.core.ApplicationFilterChain.internalDoFilter(ApplicationFilterChain.java:178) ~[tomcat-embed-core-9.0.73.jar:9.0.73]
	at org.apache.catalina.core.ApplicationFilterChain.doFilter(ApplicationFilterChain.java:153) ~[tomcat-embed-core-9.0.73.jar:9.0.73]
	at org.springframework.security.web.FilterChainProxy$VirtualFilterChain.doFilter(FilterChainProxy.java:337) ~[spring-security-web-5.7.7.jar:5.7.7]
	at org.springframework.security.web.access.intercept.FilterSecurityInterceptor.invoke(FilterSecurityInterceptor.java:115) ~[spring-security-web-5.7.7.jar:5.7.7]
	at org.springframework.security.web.access.intercept.FilterSecurityInterceptor.doFilter(FilterSecurityInterceptor.java:81) ~[spring-security-web-5.7.7.jar:5.7.7]
	at org.springframework.security.web.FilterChainProxy$VirtualFilterChain.doFilter(FilterChainProxy.java:346) ~[spring-security-web-5.7.7.jar:5.7.7]
	at org.springframework.security.web.access.ExceptionTranslationFilter.doFilter(ExceptionTranslationFilter.java:122) ~[spring-security-web-5.7.7.jar:5.7.7]
	at org.springframework.security.web.access.ExceptionTranslationFilter.doFilter(ExceptionTranslationFilter.java:116) ~[spring-security-web-5.7.7.jar:5.7.7]
	at org.springframework.security.web.FilterChainProxy$VirtualFilterChain.doFilter(FilterChainProxy.java:346) ~[spring-security-web-5.7.7.jar:5.7.7]
	at org.springframework.security.web.session.SessionManagementFilter.doFilter(SessionManagementFilter.java:126) ~[spring-security-web-5.7.7.jar:5.7.7]
	at org.springframework.security.web.session.SessionManagementFilter.doFilter(SessionManagementFilter.java:81) ~[spring-security-web-5.7.7.jar:5.7.7]
	at org.springframework.security.web.FilterChainProxy$VirtualFilterChain.doFilter(FilterChainProxy.java:346) ~[spring-security-web-5.7.7.jar:5.7.7]
	at org.springframework.security.web.authentication.AnonymousAuthenticationFilter.doFilter(AnonymousAuthenticationFilter.java:109) ~[spring-security-web-5.7.7.jar:5.7.7]
	at org.springframework.security.web.FilterChainProxy$VirtualFilterChain.doFilter(FilterChainProxy.java:346) ~[spring-security-web-5.7.7.jar:5.7.7]
	at org.springframework.security.web.servletapi.SecurityContextHolderAwareRequestFilter.doFilter(SecurityContextHolderAwareRequestFilter.java:149) ~[spring-security-web-5.7.7.jar:5.7.7]
	at org.springframework.security.web.FilterChainProxy$VirtualFilterChain.doFilter(FilterChainProxy.java:346) ~[spring-security-web-5.7.7.jar:5.7.7]
	at org.springframework.security.web.savedrequest.RequestCacheAwareFilter.doFilter(RequestCacheAwareFilter.java:63) ~[spring-security-web-5.7.7.jar:5.7.7]
	at org.springframework.security.web.FilterChainProxy$VirtualFilterChain.doFilter(FilterChainProxy.java:346) ~[spring-security-web-5.7.7.jar:5.7.7]
	at org.springframework.security.web.authentication.logout.LogoutFilter.doFilter(LogoutFilter.java:103) ~[spring-security-web-5.7.7.jar:5.7.7]
	at org.springframework.security.web.authentication.logout.LogoutFilter.doFilter(LogoutFilter.java:89) ~[spring-security-web-5.7.7.jar:5.7.7]
	at org.springframework.security.web.FilterChainProxy$VirtualFilterChain.doFilter(FilterChainProxy.java:346) ~[spring-security-web-5.7.7.jar:5.7.7]
	at org.springframework.security.web.header.HeaderWriterFilter.doHeadersAfter(HeaderWriterFilter.java:90) ~[spring-security-web-5.7.7.jar:5.7.7]
	at org.springframework.security.web.header.HeaderWriterFilter.doFilterInternal(HeaderWriterFilter.java:75) ~[spring-security-web-5.7.7.jar:5.7.7]
	at org.springframework.web.filter.OncePerRequestFilter.doFilter(OncePerRequestFilter.java:117) ~[spring-web-5.3.26.jar:5.3.26]
	at org.springframework.security.web.FilterChainProxy$VirtualFilterChain.doFilter(FilterChainProxy.java:346) ~[spring-security-web-5.7.7.jar:5.7.7]
	at org.springframework.security.web.context.SecurityContextPersistenceFilter.doFilter(SecurityContextPersistenceFilter.java:112) ~[spring-security-web-5.7.7.jar:5.7.7]
	at org.springframework.security.web.context.SecurityContextPersistenceFilter.doFilter(SecurityContextPersistenceFilter.java:82) ~[spring-security-web-5.7.7.jar:5.7.7]
	at org.springframework.security.web.FilterChainProxy$VirtualFilterChain.doFilter(FilterChainProxy.java:346) ~[spring-security-web-5.7.7.jar:5.7.7]
	at org.springframework.security.web.context.request.async.WebAsyncManagerIntegrationFilter.doFilterInternal(WebAsyncManagerIntegrationFilter.java:55) ~[spring-security-web-5.7.7.jar:5.7.7]
	at org.springframework.web.filter.OncePerRequestFilter.doFilter(OncePerRequestFilter.java:117) ~[spring-web-5.3.26.jar:5.3.26]
	at org.springframework.security.web.FilterChainProxy$VirtualFilterChain.doFilter(FilterChainProxy.java:346) ~[spring-security-web-5.7.7.jar:5.7.7]
	at org.springframework.security.web.session.DisableEncodeUrlFilter.doFilterInternal(DisableEncodeUrlFilter.java:42) ~[spring-security-web-5.7.7.jar:5.7.7]
	at org.springframework.web.filter.OncePerRequestFilter.doFilter(OncePerRequestFilter.java:117) ~[spring-web-5.3.26.jar:5.3.26]
	at org.springframework.security.web.FilterChainProxy$VirtualFilterChain.doFilter(FilterChainProxy.java:346) ~[spring-security-web-5.7.7.jar:5.7.7]
	at org.springframework.security.web.FilterChainProxy.doFilterInternal(FilterChainProxy.java:221) ~[spring-security-web-5.7.7.jar:5.7.7]
	at org.springframework.security.web.FilterChainProxy.doFilter(FilterChainProxy.java:186) ~[spring-security-web-5.7.7.jar:5.7.7]
	at org.springframework.web.filter.DelegatingFilterProxy.invokeDelegate(DelegatingFilterProxy.java:354) ~[spring-web-5.3.26.jar:5.3.26]
	at org.springframework.web.filter.DelegatingFilterProxy.doFilter(DelegatingFilterProxy.java:267) ~[spring-web-5.3.26.jar:5.3.26]
	at org.apache.catalina.core.ApplicationFilterChain.internalDoFilter(ApplicationFilterChain.java:178) ~[tomcat-embed-core-9.0.73.jar:9.0.73]
	at org.apache.catalina.core.ApplicationFilterChain.doFilter(ApplicationFilterChain.java:153) ~[tomcat-embed-core-9.0.73.jar:9.0.73]
	at org.springframework.web.filter.RequestContextFilter.doFilterInternal(RequestContextFilter.java:100) ~[spring-web-5.3.26.jar:5.3.26]
	at org.springframework.web.filter.OncePerRequestFilter.doFilter(OncePerRequestFilter.java:117) ~[spring-web-5.3.26.jar:5.3.26]
	at org.apache.catalina.core.ApplicationFilterChain.internalDoFilter(ApplicationFilterChain.java:178) ~[tomcat-embed-core-9.0.73.jar:9.0.73]
	at org.apache.catalina.core.ApplicationFilterChain.doFilter(ApplicationFilterChain.java:153) ~[tomcat-embed-core-9.0.73.jar:9.0.73]
	at org.springframework.web.filter.FormContentFilter.doFilterInternal(FormContentFilter.java:93) ~[spring-web-5.3.26.jar:5.3.26]
	at org.springframework.web.filter.OncePerRequestFilter.doFilter(OncePerRequestFilter.java:117) ~[spring-web-5.3.26.jar:5.3.26]
	at org.apache.catalina.core.ApplicationFilterChain.internalDoFilter(ApplicationFilterChain.java:178) ~[tomcat-embed-core-9.0.73.jar:9.0.73]
	at org.apache.catalina.core.ApplicationFilterChain.doFilter(ApplicationFilterChain.java:153) ~[tomcat-embed-core-9.0.73.jar:9.0.73]
	at org.springframework.web.filter.CharacterEncodingFilter.doFilterInternal(CharacterEncodingFilter.java:201) ~[spring-web-5.3.26.jar:5.3.26]
	at org.springframework.web.filter.OncePerRequestFilter.doFilter(OncePerRequestFilter.java:117) ~[spring-web-5.3.26.jar:5.3.26]
	at org.apache.catalina.core.ApplicationFilterChain.internalDoFilter(ApplicationFilterChain.java:178) ~[tomcat-embed-core-9.0.73.jar:9.0.73]
	at org.apache.catalina.core.ApplicationFilterChain.doFilter(ApplicationFilterChain.java:153) ~[tomcat-embed-core-9.0.73.jar:9.0.73]
	at org.apache.catalina.core.StandardWrapperValve.invoke(StandardWrapperValve.java:167) ~[tomcat-embed-core-9.0.73.jar:9.0.73]
	at org.apache.catalina.core.StandardContextValve.invoke(StandardContextValve.java:90) ~[tomcat-embed-core-9.0.73.jar:9.0.73]
	at org.apache.catalina.authenticator.AuthenticatorBase.invoke(AuthenticatorBase.java:492) ~[tomcat-embed-core-9.0.73.jar:9.0.73]
	at org.apache.catalina.core.StandardHostValve.invoke(StandardHostValve.java:130) ~[tomcat-embed-core-9.0.73.jar:9.0.73]
	at org.apache.catalina.valves.ErrorReportValve.invoke(ErrorReportValve.java:93) ~[tomcat-embed-core-9.0.73.jar:9.0.73]
	at org.apache.catalina.core.StandardEngineValve.invoke(StandardEngineValve.java:74) ~[tomcat-embed-core-9.0.73.jar:9.0.73]
	at org.apache.catalina.valves.AbstractAccessLogValve.invoke(AbstractAccessLogValve.java:673) ~[tomcat-embed-core-9.0.73.jar:9.0.73]
	at org.apache.catalina.connector.CoyoteAdapter.service(CoyoteAdapter.java:343) ~[tomcat-embed-core-9.0.73.jar:9.0.73]
	at org.apache.coyote.http11.Http11Processor.service(Http11Processor.java:389) ~[tomcat-embed-core-9.0.73.jar:9.0.73]
	at org.apache.coyote.AbstractProcessorLight.process(AbstractProcessorLight.java:63) ~[tomcat-embed-core-9.0.73.jar:9.0.73]
	at org.apache.coyote.AbstractProtocol$ConnectionHandler.process(AbstractProtocol.java:926) ~[tomcat-embed-core-9.0.73.jar:9.0.73]
	at org.apache.tomcat.util.net.NioEndpoint$SocketProcessor.doRun(NioEndpoint.java:1791) ~[tomcat-embed-core-9.0.73.jar:9.0.73]
	at org.apache.tomcat.util.net.SocketProcessorBase.run(SocketProcessorBase.java:49) ~[tomcat-embed-core-9.0.73.jar:9.0.73]
	at org.apache.tomcat.util.threads.ThreadPoolExecutor.runWorker(ThreadPoolExecutor.java:1191) ~[tomcat-embed-core-9.0.73.jar:9.0.73]
	at org.apache.tomcat.util.threads.ThreadPoolExecutor$Worker.run(ThreadPoolExecutor.java:659) ~[tomcat-embed-core-9.0.73.jar:9.0.73]
	at org.apache.tomcat.util.threads.TaskThread$WrappingRunnable.run(TaskThread.java:61) ~[tomcat-embed-core-9.0.73.jar:9.0.73]
	at java.lang.Thread.run(Thread.java:829) ~[?:?]
Caused by: org.springframework.jdbc.BadSqlGrammarException: 
### Error querying database.  Cause: java.sql.SQLSyntaxErrorException: (conn=1563) You have an error in your SQL syntax; check the manual that corresponds to your MariaDB server version for the right syntax to use near 'FROM
        (
            SELECT
                A.EVENT_TIME
              ...' at line 25
### The error may exist in file [/Users/sclee1115/Project/Dev/poc_gui/01.gui_source/pocgui_backend/target/classes/mybatis/mysql/module/nw/anlaysis_sqlMap.xml]
### The error may involve com.mobigen.cdev.mapper.mysql.module.nw.analysis.getKpiAnalysis-Inline
### The error occurred while setting parameters
### SQL: SELECT                 DATE_FORMAT(EVENT_TIME, '%Y%m%d%H%i%s') EVENT_TIME             , DATE_FORMAT(EVENT_TIME, '%Y-%m-%d %H:%i:%s') EVENT_EXP_TIME             ,  NODE1_TYPE, NODE1_ID, NODE1_NAME, NODE1_EXP_ID             , NODE2_TYPE, NODE2_ID, NODE2_NAME, NODE2_EXP_ID             ,   CALL_TYPE                           , IFNULL(SUM(ATTEMPT_CNT), 0) ATTEMPT_CNT         , IFNULL(SUM(SUCCESS_CNT), 0) SUCCESS_CNT         , CASE IFNULL(SUM(ATTEMPT_CNT), 0) WHEN 0 THEN '0' ELSE ROUND((SUM(SUCCESS_CNT) / SUM(ATTEMPT_CNT)) * 100, 2) END SUCCESS_RATE         , IFNULL(DROP_CNT, 0) DROP_CNT         , CASE WHEN SUM(DATA_SUCCESS_CNT) + SUM(IMS_SUCCESS_CNT) != 0 AND SUM(DROP_CNT) != 0 THEN ROUND(((SUM(DROP_CNT) / (SUM(DATA_SUCCESS_CNT) + SUM(IMS_SUCCESS_CNT))) * 100), 2) ELSE 0 END DROP_RATE         ,  IFNULL(SUM(DATA_ATTEMPT_CNT), 0) DATA_ATTEMPT_CNT         ,  IFNULL(SUM(DATA_SUCCESS_CNT), 0) DATA_SUCCESS_CNT         ,  CASE WHEN SUM(DATA_ATTEMPT_CNT) != 0 AND SUM(DATA_SUCCESS_CNT) != 0 THEN ROUND(((SUM(DATA_SUCCESS_CNT) / SUM(DATA_ATTEMPT_CNT)) * 100), 2) ELSE 0 END DATA_SUCCESS_RATE         , IFNULL(SUM(IMS_ATTEMPT_CNT), 0) IMS_ATTEMPT_CNT         , IFNULL(SUM(IMS_SUCCESS_CNT), 0) IMS_SUCCESS_CNT         ,  CASE WHEN SUM(IMS_ATTEMPT_CNT) != 0 AND SUM(IMS_SUCCESS_CNT) != 0 THEN ROUND(((SUM(IMS_SUCCESS_CNT) / SUM(IMS_ATTEMPT_CNT)) * 100), 2) ELSE 0 END IMS_SUCCESS_RATE                   , IFNULL(SUM(DETACH_CNT), 0) DETACH_CNT                             ,             FROM         (             SELECT                 A.EVENT_TIME                                                                                    , A.NODE_TYPE NODE1_TYPE                     , A.NODE_ID NODE1_ID                     , CONCAT(A.NODE_TYPE, '_', A.NODE_ID) NODE1_NAME                     , CASE WHEN NVL(A.NODE_ID, '0') = '0' THEN '-' ELSE CONCAT(A.NODE_TYPE, '#', LPAD(A.NODE_ID * 1, 2, '0')) END NODE1_EXP_ID                               , '-' NODE2_TYPE             , '-' NODE2_ID             , '-' NODE2_NAME             , '-' NODE2_EXP_ID                                        , A.CALL_TYPE             , A.ATTEMPT_CNT             ,   A.SUCCESS_CNT             ,   A.DROP_CNT             , A.DATA_ATTEMPT_CNT             ,   A.DATA_SUCESS_CNT DATA_SUCCESS_CNT             , A.IMS_ATTEMPT_CNT             ,   A.IMS_SUCESS_CNT IMS_SUCCESS_CNT             , A.DETACH_CNT             , B.CAUSE_TYPE             , CONCAT(B.FAIL_TYPE, '_', B.CAUSE) CAUSE             , B.CAUSE_CNT             FROM                                                               PM_EPC_KPI_1M A LEFT OUTER JOIN                     PM_EPC_ROOT_CAUSE_1M B                     ON A.EVENT_TIME = B.EVENT_TIME                     AND A.NODE_TYPE = B.NODE_TYPE                     AND A.NODE_ID  = B.NODE_ID                     AND A.CALL_TYPE = B.CALL_TYPE                     AND A.MCC = B.MCC                     AND A.MNC = B.MNC                                                         WHERE 1 = 1                                         AND A.EVENT_TIME = DATE_FORMAT(?, '%Y%m%d%H%i%s')                                                                                                    AND A.NODE_TYPE = ?                                               AND A.NODE_ID IN  (  ? , ? , ? , ? )                                            AND A.MCC = 'ALL'                     AND A.MNC = 'ALL'                                                         AND A.CALL_TYPE IN  (  ? , ? , ? , ? , ? , ? , ? )          ) A         GROUP BY EVENT_TIME, NODE1_TYPE, NODE1_ID, NODE2_TYPE, NODE2_ID, CALL_TYPE         ORDER BY EVENT_TIME, NODE1_TYPE, NODE1_ID, NODE2_TYPE, NODE2_ID, CALL_TYPE
### Cause: java.sql.SQLSyntaxErrorException: (conn=1563) You have an error in your SQL syntax; check the manual that corresponds to your MariaDB server version for the right syntax to use near 'FROM
        (
            SELECT
                A.EVENT_TIME
              ...' at line 25
; bad SQL grammar []; nested exception is java.sql.SQLSyntaxErrorException: (conn=1563) You have an error in your SQL syntax; check the manual that corresponds to your MariaDB server version for the right syntax to use near 'FROM
        (
            SELECT
                A.EVENT_TIME
              ...' at line 25
	at org.springframework.jdbc.support.SQLErrorCodeSQLExceptionTranslator.doTranslate(SQLErrorCodeSQLExceptionTranslator.java:239) ~[spring-jdbc-5.3.26.jar:5.3.26]
	at org.springframework.jdbc.support.AbstractFallbackSQLExceptionTranslator.translate(AbstractFallbackSQLExceptionTranslator.java:70) ~[spring-jdbc-5.3.26.jar:5.3.26]
	at org.mybatis.spring.MyBatisExceptionTranslator.translateExceptionIfPossible(MyBatisExceptionTranslator.java:92) ~[mybatis-spring-3.0.0.jar:3.0.0]
	at org.mybatis.spring.SqlSessionTemplate$SqlSessionInterceptor.invoke(SqlSessionTemplate.java:439) ~[mybatis-spring-3.0.0.jar:3.0.0]
	at com.sun.proxy.$Proxy123.selectList(Unknown Source) ~[?:?]
	at org.mybatis.spring.SqlSessionTemplate.selectList(SqlSessionTemplate.java:224) ~[mybatis-spring-3.0.0.jar:3.0.0]
	at com.mobigen.cdev.poc.module.nw.repository.mybatis.NwAnalysisRepositoryImpl.getKpiAnalysis(NwAnalysisRepositoryImpl.java:27) ~[classes/:?]
	at com.mobigen.cdev.poc.module.nw.repository.mybatis.NwAnalysisRepositoryImpl$$FastClassBySpringCGLIB$$c286ed19.invoke(<generated>) ~[classes/:?]
	at org.springframework.cglib.proxy.MethodProxy.invoke(MethodProxy.java:218) ~[spring-core-5.3.26.jar:5.3.26]
	at org.springframework.aop.framework.CglibAopProxy$CglibMethodInvocation.invokeJoinpoint(CglibAopProxy.java:793) ~[spring-aop-5.3.26.jar:5.3.26]
	at org.springframework.aop.framework.ReflectiveMethodInvocation.proceed(ReflectiveMethodInvocation.java:163) ~[spring-aop-5.3.26.jar:5.3.26]
	at org.springframework.aop.framework.CglibAopProxy$CglibMethodInvocation.proceed(CglibAopProxy.java:763) ~[spring-aop-5.3.26.jar:5.3.26]
	at org.springframework.dao.support.PersistenceExceptionTranslationInterceptor.invoke(PersistenceExceptionTranslationInterceptor.java:137) ~[spring-tx-5.3.26.jar:5.3.26]
	at org.springframework.aop.framework.ReflectiveMethodInvocation.proceed(ReflectiveMethodInvocation.java:186) ~[spring-aop-5.3.26.jar:5.3.26]
	at org.springframework.aop.framework.CglibAopProxy$CglibMethodInvocation.proceed(CglibAopProxy.java:763) ~[spring-aop-5.3.26.jar:5.3.26]
	at org.springframework.aop.framework.CglibAopProxy$DynamicAdvisedInterceptor.intercept(CglibAopProxy.java:708) ~[spring-aop-5.3.26.jar:5.3.26]
	at com.mobigen.cdev.poc.module.nw.repository.mybatis.NwAnalysisRepositoryImpl$$EnhancerBySpringCGLIB$$2ee9aeba.getKpiAnalysis(<generated>) ~[classes/:?]
	at com.mobigen.cdev.poc.module.nw.service.NwAnalysisServiceImpl.getKpiAnalysis(NwAnalysisServiceImpl.java:46) ~[classes/:?]
	at com.mobigen.cdev.poc.module.nw.service.NwAnalysisServiceImpl$$FastClassBySpringCGLIB$$fd7da982.invoke(<generated>) ~[classes/:?]
	at org.springframework.cglib.proxy.MethodProxy.invoke(MethodProxy.java:218) ~[spring-core-5.3.26.jar:5.3.26]
	at org.springframework.aop.framework.CglibAopProxy$CglibMethodInvocation.invokeJoinpoint(CglibAopProxy.java:793) ~[spring-aop-5.3.26.jar:5.3.26]
	at org.springframework.aop.framework.ReflectiveMethodInvocation.proceed(ReflectiveMethodInvocation.java:163) ~[spring-aop-5.3.26.jar:5.3.26]
	at org.springframework.aop.framework.CglibAopProxy$CglibMethodInvocation.proceed(CglibAopProxy.java:763) ~[spring-aop-5.3.26.jar:5.3.26]
	at org.springframework.aop.interceptor.ExposeInvocationInterceptor.invoke(ExposeInvocationInterceptor.java:97) ~[spring-aop-5.3.26.jar:5.3.26]
	at org.springframework.aop.framework.ReflectiveMethodInvocation.proceed(ReflectiveMethodInvocation.java:186) ~[spring-aop-5.3.26.jar:5.3.26]
	at org.springframework.aop.framework.CglibAopProxy$CglibMethodInvocation.proceed(CglibAopProxy.java:763) ~[spring-aop-5.3.26.jar:5.3.26]
	at org.springframework.aop.framework.CglibAopProxy$DynamicAdvisedInterceptor.intercept(CglibAopProxy.java:708) ~[spring-aop-5.3.26.jar:5.3.26]
	at com.mobigen.cdev.poc.module.nw.service.NwAnalysisServiceImpl$$EnhancerBySpringCGLIB$$aa0b35bf.getKpiAnalysis(<generated>) ~[classes/:?]
	at com.mobigen.cdev.poc.module.nw.controller.NwAnalysisController.getKpiAnalysis(NwAnalysisController.java:32) ~[classes/:?]
	at com.mobigen.cdev.poc.module.nw.controller.NwAnalysisController$$FastClassBySpringCGLIB$$82a4185e.invoke(<generated>) ~[classes/:?]
	at org.springframework.cglib.proxy.MethodProxy.invoke(MethodProxy.java:218) ~[spring-core-5.3.26.jar:5.3.26]
	at org.springframework.aop.framework.CglibAopProxy$CglibMethodInvocation.invokeJoinpoint(CglibAopProxy.java:793) ~[spring-aop-5.3.26.jar:5.3.26]
	at org.springframework.aop.framework.ReflectiveMethodInvocation.proceed(ReflectiveMethodInvocation.java:163) ~[spring-aop-5.3.26.jar:5.3.26]
	at org.springframework.aop.framework.CglibAopProxy$CglibMethodInvocation.proceed(CglibAopProxy.java:763) ~[spring-aop-5.3.26.jar:5.3.26]
	at org.springframework.aop.aspectj.AspectJAfterThrowingAdvice.invoke(AspectJAfterThrowingAdvice.java:64) ~[spring-aop-5.3.26.jar:5.3.26]
	... 96 more
Caused by: java.sql.SQLSyntaxErrorException: (conn=1563) You have an error in your SQL syntax; check the manual that corresponds to your MariaDB server version for the right syntax to use near 'FROM
        (
            SELECT
                A.EVENT_TIME
              ...' at line 25
	at org.mariadb.jdbc.export.ExceptionFactory.createException(ExceptionFactory.java:282) ~[mariadb-java-client-3.1.0.jar:?]
	at org.mariadb.jdbc.export.ExceptionFactory.create(ExceptionFactory.java:370) ~[mariadb-java-client-3.1.0.jar:?]
	at org.mariadb.jdbc.message.ClientMessage.readPacket(ClientMessage.java:134) ~[mariadb-java-client-3.1.0.jar:?]
	at org.mariadb.jdbc.client.impl.StandardClient.readPacket(StandardClient.java:855) ~[mariadb-java-client-3.1.0.jar:?]
	at org.mariadb.jdbc.client.impl.StandardClient.readResults(StandardClient.java:794) ~[mariadb-java-client-3.1.0.jar:?]
	at org.mariadb.jdbc.client.impl.StandardClient.readResponse(StandardClient.java:713) ~[mariadb-java-client-3.1.0.jar:?]
	at org.mariadb.jdbc.client.impl.StandardClient.execute(StandardClient.java:637) ~[mariadb-java-client-3.1.0.jar:?]
	at org.mariadb.jdbc.ClientPreparedStatement.executeInternal(ClientPreparedStatement.java:95) ~[mariadb-java-client-3.1.0.jar:?]
	at org.mariadb.jdbc.ClientPreparedStatement.execute(ClientPreparedStatement.java:268) ~[mariadb-java-client-3.1.0.jar:?]
	at net.sf.log4jdbc.sql.jdbcapi.PreparedStatementSpy.execute(PreparedStatementSpy.java:443) ~[log4jdbc-log4j2-jdbc4.1-1.16.jar:?]
	at com.zaxxer.hikari.pool.ProxyPreparedStatement.execute(ProxyPreparedStatement.java:44) ~[HikariCP-4.0.3.jar:?]
	at com.zaxxer.hikari.pool.HikariProxyPreparedStatement.execute(HikariProxyPreparedStatement.java) ~[HikariCP-4.0.3.jar:?]
	at org.apache.ibatis.executor.statement.PreparedStatementHandler.query(PreparedStatementHandler.java:64) ~[mybatis-3.5.11.jar:3.5.11]
	at org.apache.ibatis.executor.statement.RoutingStatementHandler.query(RoutingStatementHandler.java:79) ~[mybatis-3.5.11.jar:3.5.11]
	at org.apache.ibatis.executor.SimpleExecutor.doQuery(SimpleExecutor.java:63) ~[mybatis-3.5.11.jar:3.5.11]
	at org.apache.ibatis.executor.BaseExecutor.queryFromDatabase(BaseExecutor.java:325) ~[mybatis-3.5.11.jar:3.5.11]
	at org.apache.ibatis.executor.BaseExecutor.query(BaseExecutor.java:156) ~[mybatis-3.5.11.jar:3.5.11]
	at org.apache.ibatis.executor.CachingExecutor.query(CachingExecutor.java:109) ~[mybatis-3.5.11.jar:3.5.11]
	at org.apache.ibatis.executor.CachingExecutor.query(CachingExecutor.java:89) ~[mybatis-3.5.11.jar:3.5.11]
	at org.apache.ibatis.session.defaults.DefaultSqlSession.selectList(DefaultSqlSession.java:151) ~[mybatis-3.5.11.jar:3.5.11]
	at org.apache.ibatis.session.defaults.DefaultSqlSession.selectList(DefaultSqlSession.java:145) ~[mybatis-3.5.11.jar:3.5.11]
	at org.apache.ibatis.session.defaults.DefaultSqlSession.selectList(DefaultSqlSession.java:140) ~[mybatis-3.5.11.jar:3.5.11]
	at jdk.internal.reflect.NativeMethodAccessorImpl.invoke0(Native Method) ~[?:?]
	at jdk.internal.reflect.NativeMethodAccessorImpl.invoke(NativeMethodAccessorImpl.java:62) ~[?:?]
	at jdk.internal.reflect.DelegatingMethodAccessorImpl.invoke(DelegatingMethodAccessorImpl.java:43) ~[?:?]
	at java.lang.reflect.Method.invoke(Method.java:566) ~[?:?]
	at org.mybatis.spring.SqlSessionTemplate$SqlSessionInterceptor.invoke(SqlSessionTemplate.java:425) ~[mybatis-spring-3.0.0.jar:3.0.0]
	at com.sun.proxy.$Proxy123.selectList(Unknown Source) ~[?:?]
	at org.mybatis.spring.SqlSessionTemplate.selectList(SqlSessionTemplate.java:224) ~[mybatis-spring-3.0.0.jar:3.0.0]
	at com.mobigen.cdev.poc.module.nw.repository.mybatis.NwAnalysisRepositoryImpl.getKpiAnalysis(NwAnalysisRepositoryImpl.java:27) ~[classes/:?]
	at com.mobigen.cdev.poc.module.nw.repository.mybatis.NwAnalysisRepositoryImpl$$FastClassBySpringCGLIB$$c286ed19.invoke(<generated>) ~[classes/:?]
	at org.springframework.cglib.proxy.MethodProxy.invoke(MethodProxy.java:218) ~[spring-core-5.3.26.jar:5.3.26]
	at org.springframework.aop.framework.CglibAopProxy$CglibMethodInvocation.invokeJoinpoint(CglibAopProxy.java:793) ~[spring-aop-5.3.26.jar:5.3.26]
	at org.springframework.aop.framework.ReflectiveMethodInvocation.proceed(ReflectiveMethodInvocation.java:163) ~[spring-aop-5.3.26.jar:5.3.26]
	at org.springframework.aop.framework.CglibAopProxy$CglibMethodInvocation.proceed(CglibAopProxy.java:763) ~[spring-aop-5.3.26.jar:5.3.26]
	at org.springframework.dao.support.PersistenceExceptionTranslationInterceptor.invoke(PersistenceExceptionTranslationInterceptor.java:137) ~[spring-tx-5.3.26.jar:5.3.26]
	at org.springframework.aop.framework.ReflectiveMethodInvocation.proceed(ReflectiveMethodInvocation.java:186) ~[spring-aop-5.3.26.jar:5.3.26]
	at org.springframework.aop.framework.CglibAopProxy$CglibMethodInvocation.proceed(CglibAopProxy.java:763) ~[spring-aop-5.3.26.jar:5.3.26]
	at org.springframework.aop.framework.CglibAopProxy$DynamicAdvisedInterceptor.intercept(CglibAopProxy.java:708) ~[spring-aop-5.3.26.jar:5.3.26]
	at com.mobigen.cdev.poc.module.nw.repository.mybatis.NwAnalysisRepositoryImpl$$EnhancerBySpringCGLIB$$2ee9aeba.getKpiAnalysis(<generated>) ~[classes/:?]
	at com.mobigen.cdev.poc.module.nw.service.NwAnalysisServiceImpl.getKpiAnalysis(NwAnalysisServiceImpl.java:46) ~[classes/:?]
	at com.mobigen.cdev.poc.module.nw.service.NwAnalysisServiceImpl$$FastClassBySpringCGLIB$$fd7da982.invoke(<generated>) ~[classes/:?]
	at org.springframework.cglib.proxy.MethodProxy.invoke(MethodProxy.java:218) ~[spring-core-5.3.26.jar:5.3.26]
	at org.springframework.aop.framework.CglibAopProxy$CglibMethodInvocation.invokeJoinpoint(CglibAopProxy.java:793) ~[spring-aop-5.3.26.jar:5.3.26]
	at org.springframework.aop.framework.ReflectiveMethodInvocation.proceed(ReflectiveMethodInvocation.java:163) ~[spring-aop-5.3.26.jar:5.3.26]
	at org.springframework.aop.framework.CglibAopProxy$CglibMethodInvocation.proceed(CglibAopProxy.java:763) ~[spring-aop-5.3.26.jar:5.3.26]
	at org.springframework.aop.interceptor.ExposeInvocationInterceptor.invoke(ExposeInvocationInterceptor.java:97) ~[spring-aop-5.3.26.jar:5.3.26]
	at org.springframework.aop.framework.ReflectiveMethodInvocation.proceed(ReflectiveMethodInvocation.java:186) ~[spring-aop-5.3.26.jar:5.3.26]
	at org.springframework.aop.framework.CglibAopProxy$CglibMethodInvocation.proceed(CglibAopProxy.java:763) ~[spring-aop-5.3.26.jar:5.3.26]
	at org.springframework.aop.framework.CglibAopProxy$DynamicAdvisedInterceptor.intercept(CglibAopProxy.java:708) ~[spring-aop-5.3.26.jar:5.3.26]
	at com.mobigen.cdev.poc.module.nw.service.NwAnalysisServiceImpl$$EnhancerBySpringCGLIB$$aa0b35bf.getKpiAnalysis(<generated>) ~[classes/:?]
	at com.mobigen.cdev.poc.module.nw.controller.NwAnalysisController.getKpiAnalysis(NwAnalysisController.java:32) ~[classes/:?]
	at com.mobigen.cdev.poc.module.nw.controller.NwAnalysisController$$FastClassBySpringCGLIB$$82a4185e.invoke(<generated>) ~[classes/:?]
	at org.springframework.cglib.proxy.MethodProxy.invoke(MethodProxy.java:218) ~[spring-core-5.3.26.jar:5.3.26]
	at org.springframework.aop.framework.CglibAopProxy$CglibMethodInvocation.invokeJoinpoint(CglibAopProxy.java:793) ~[spring-aop-5.3.26.jar:5.3.26]
	at org.springframework.aop.framework.ReflectiveMethodInvocation.proceed(ReflectiveMethodInvocation.java:163) ~[spring-aop-5.3.26.jar:5.3.26]
	at org.springframework.aop.framework.CglibAopProxy$CglibMethodInvocation.proceed(CglibAopProxy.java:763) ~[spring-aop-5.3.26.jar:5.3.26]
	at org.springframework.aop.aspectj.AspectJAfterThrowingAdvice.invoke(AspectJAfterThrowingAdvice.java:64) ~[spring-aop-5.3.26.jar:5.3.26]
	... 96 more
[36m2024-05-31 16:25:54.468[m [31m[ERROR][m [com.mobigen.cdev.poc.core.exception.GlobalExceptionHandler] [33m[http-nio-9091-exec-7][m- rsResultExcption : {}
com.mobigen.cdev.poc.core.exception.RsResultException: null
	at com.mobigen.cdev.poc.core.exception.ControllerThrowsAdvice.ControllerAfterThrowing(ControllerThrowsAdvice.java:62) ~[classes/:?]
	at jdk.internal.reflect.NativeMethodAccessorImpl.invoke0(Native Method) ~[?:?]
	at jdk.internal.reflect.NativeMethodAccessorImpl.invoke(NativeMethodAccessorImpl.java:62) ~[?:?]
	at jdk.internal.reflect.DelegatingMethodAccessorImpl.invoke(DelegatingMethodAccessorImpl.java:43) ~[?:?]
	at java.lang.reflect.Method.invoke(Method.java:566) ~[?:?]
	at org.springframework.aop.aspectj.AbstractAspectJAdvice.invokeAdviceMethodWithGivenArgs(AbstractAspectJAdvice.java:634) ~[spring-aop-5.3.26.jar:5.3.26]
	at org.springframework.aop.aspectj.AbstractAspectJAdvice.invokeAdviceMethod(AbstractAspectJAdvice.java:617) ~[spring-aop-5.3.26.jar:5.3.26]
	at org.springframework.aop.aspectj.AspectJAfterThrowingAdvice.invoke(AspectJAfterThrowingAdvice.java:68) ~[spring-aop-5.3.26.jar:5.3.26]
	at org.springframework.aop.framework.ReflectiveMethodInvocation.proceed(ReflectiveMethodInvocation.java:186) ~[spring-aop-5.3.26.jar:5.3.26]
	at org.springframework.aop.framework.CglibAopProxy$CglibMethodInvocation.proceed(CglibAopProxy.java:763) ~[spring-aop-5.3.26.jar:5.3.26]
	at org.springframework.aop.interceptor.ExposeInvocationInterceptor.invoke(ExposeInvocationInterceptor.java:97) ~[spring-aop-5.3.26.jar:5.3.26]
	at org.springframework.aop.framework.ReflectiveMethodInvocation.proceed(ReflectiveMethodInvocation.java:186) ~[spring-aop-5.3.26.jar:5.3.26]
	at org.springframework.aop.framework.CglibAopProxy$CglibMethodInvocation.proceed(CglibAopProxy.java:763) ~[spring-aop-5.3.26.jar:5.3.26]
	at org.springframework.aop.framework.CglibAopProxy$DynamicAdvisedInterceptor.intercept(CglibAopProxy.java:708) ~[spring-aop-5.3.26.jar:5.3.26]
	at com.mobigen.cdev.poc.module.nw.controller.NwConfigController$$EnhancerBySpringCGLIB$$121851c.getEnbTreeList(<generated>) ~[classes/:?]
	at jdk.internal.reflect.NativeMethodAccessorImpl.invoke0(Native Method) ~[?:?]
	at jdk.internal.reflect.NativeMethodAccessorImpl.invoke(NativeMethodAccessorImpl.java:62) ~[?:?]
	at jdk.internal.reflect.DelegatingMethodAccessorImpl.invoke(DelegatingMethodAccessorImpl.java:43) ~[?:?]
	at java.lang.reflect.Method.invoke(Method.java:566) ~[?:?]
	at org.springframework.web.method.support.InvocableHandlerMethod.doInvoke(InvocableHandlerMethod.java:205) ~[spring-web-5.3.26.jar:5.3.26]
	at org.springframework.web.method.support.InvocableHandlerMethod.invokeForRequest(InvocableHandlerMethod.java:150) ~[spring-web-5.3.26.jar:5.3.26]
	at org.springframework.web.servlet.mvc.method.annotation.ServletInvocableHandlerMethod.invokeAndHandle(ServletInvocableHandlerMethod.java:117) ~[spring-webmvc-5.3.26.jar:5.3.26]
	at org.springframework.web.servlet.mvc.method.annotation.RequestMappingHandlerAdapter.invokeHandlerMethod(RequestMappingHandlerAdapter.java:895) ~[spring-webmvc-5.3.26.jar:5.3.26]
	at org.springframework.web.servlet.mvc.method.annotation.RequestMappingHandlerAdapter.handleInternal(RequestMappingHandlerAdapter.java:808) ~[spring-webmvc-5.3.26.jar:5.3.26]
	at org.springframework.web.servlet.mvc.method.AbstractHandlerMethodAdapter.handle(AbstractHandlerMethodAdapter.java:87) ~[spring-webmvc-5.3.26.jar:5.3.26]
	at org.springframework.web.servlet.DispatcherServlet.doDispatch(DispatcherServlet.java:1072) ~[spring-webmvc-5.3.26.jar:5.3.26]
	at org.springframework.web.servlet.DispatcherServlet.doService(DispatcherServlet.java:965) ~[spring-webmvc-5.3.26.jar:5.3.26]
	at org.springframework.web.servlet.FrameworkServlet.processRequest(FrameworkServlet.java:1006) ~[spring-webmvc-5.3.26.jar:5.3.26]
	at org.springframework.web.servlet.FrameworkServlet.doPost(FrameworkServlet.java:909) ~[spring-webmvc-5.3.26.jar:5.3.26]
	at javax.servlet.http.HttpServlet.service(HttpServlet.java:528) ~[tomcat-embed-core-9.0.73.jar:4.0.FR]
	at org.springframework.web.servlet.FrameworkServlet.service(FrameworkServlet.java:883) ~[spring-webmvc-5.3.26.jar:5.3.26]
	at javax.servlet.http.HttpServlet.service(HttpServlet.java:596) ~[tomcat-embed-core-9.0.73.jar:4.0.FR]
	at org.apache.catalina.core.ApplicationFilterChain.internalDoFilter(ApplicationFilterChain.java:209) ~[tomcat-embed-core-9.0.73.jar:9.0.73]
	at org.apache.catalina.core.ApplicationFilterChain.doFilter(ApplicationFilterChain.java:153) ~[tomcat-embed-core-9.0.73.jar:9.0.73]
	at org.apache.tomcat.websocket.server.WsFilter.doFilter(WsFilter.java:53) ~[tomcat-embed-websocket-9.0.73.jar:9.0.73]
	at org.apache.catalina.core.ApplicationFilterChain.internalDoFilter(ApplicationFilterChain.java:178) ~[tomcat-embed-core-9.0.73.jar:9.0.73]
	at org.apache.catalina.core.ApplicationFilterChain.doFilter(ApplicationFilterChain.java:153) ~[tomcat-embed-core-9.0.73.jar:9.0.73]
	at org.springframework.security.web.FilterChainProxy$VirtualFilterChain.doFilter(FilterChainProxy.java:337) ~[spring-security-web-5.7.7.jar:5.7.7]
	at org.springframework.security.web.access.intercept.FilterSecurityInterceptor.invoke(FilterSecurityInterceptor.java:115) ~[spring-security-web-5.7.7.jar:5.7.7]
	at org.springframework.security.web.access.intercept.FilterSecurityInterceptor.doFilter(FilterSecurityInterceptor.java:81) ~[spring-security-web-5.7.7.jar:5.7.7]
	at org.springframework.security.web.FilterChainProxy$VirtualFilterChain.doFilter(FilterChainProxy.java:346) ~[spring-security-web-5.7.7.jar:5.7.7]
	at org.springframework.security.web.access.ExceptionTranslationFilter.doFilter(ExceptionTranslationFilter.java:122) ~[spring-security-web-5.7.7.jar:5.7.7]
	at org.springframework.security.web.access.ExceptionTranslationFilter.doFilter(ExceptionTranslationFilter.java:116) ~[spring-security-web-5.7.7.jar:5.7.7]
	at org.springframework.security.web.FilterChainProxy$VirtualFilterChain.doFilter(FilterChainProxy.java:346) ~[spring-security-web-5.7.7.jar:5.7.7]
	at org.springframework.security.web.session.SessionManagementFilter.doFilter(SessionManagementFilter.java:126) ~[spring-security-web-5.7.7.jar:5.7.7]
	at org.springframework.security.web.session.SessionManagementFilter.doFilter(SessionManagementFilter.java:81) ~[spring-security-web-5.7.7.jar:5.7.7]
	at org.springframework.security.web.FilterChainProxy$VirtualFilterChain.doFilter(FilterChainProxy.java:346) ~[spring-security-web-5.7.7.jar:5.7.7]
	at org.springframework.security.web.authentication.AnonymousAuthenticationFilter.doFilter(AnonymousAuthenticationFilter.java:109) ~[spring-security-web-5.7.7.jar:5.7.7]
	at org.springframework.security.web.FilterChainProxy$VirtualFilterChain.doFilter(FilterChainProxy.java:346) ~[spring-security-web-5.7.7.jar:5.7.7]
	at org.springframework.security.web.servletapi.SecurityContextHolderAwareRequestFilter.doFilter(SecurityContextHolderAwareRequestFilter.java:149) ~[spring-security-web-5.7.7.jar:5.7.7]
	at org.springframework.security.web.FilterChainProxy$VirtualFilterChain.doFilter(FilterChainProxy.java:346) ~[spring-security-web-5.7.7.jar:5.7.7]
	at org.springframework.security.web.savedrequest.RequestCacheAwareFilter.doFilter(RequestCacheAwareFilter.java:63) ~[spring-security-web-5.7.7.jar:5.7.7]
	at org.springframework.security.web.FilterChainProxy$VirtualFilterChain.doFilter(FilterChainProxy.java:346) ~[spring-security-web-5.7.7.jar:5.7.7]
	at org.springframework.security.web.authentication.logout.LogoutFilter.doFilter(LogoutFilter.java:103) ~[spring-security-web-5.7.7.jar:5.7.7]
	at org.springframework.security.web.authentication.logout.LogoutFilter.doFilter(LogoutFilter.java:89) ~[spring-security-web-5.7.7.jar:5.7.7]
	at org.springframework.security.web.FilterChainProxy$VirtualFilterChain.doFilter(FilterChainProxy.java:346) ~[spring-security-web-5.7.7.jar:5.7.7]
	at org.springframework.security.web.header.HeaderWriterFilter.doHeadersAfter(HeaderWriterFilter.java:90) ~[spring-security-web-5.7.7.jar:5.7.7]
	at org.springframework.security.web.header.HeaderWriterFilter.doFilterInternal(HeaderWriterFilter.java:75) ~[spring-security-web-5.7.7.jar:5.7.7]
	at org.springframework.web.filter.OncePerRequestFilter.doFilter(OncePerRequestFilter.java:117) ~[spring-web-5.3.26.jar:5.3.26]
	at org.springframework.security.web.FilterChainProxy$VirtualFilterChain.doFilter(FilterChainProxy.java:346) ~[spring-security-web-5.7.7.jar:5.7.7]
	at org.springframework.security.web.context.SecurityContextPersistenceFilter.doFilter(SecurityContextPersistenceFilter.java:112) ~[spring-security-web-5.7.7.jar:5.7.7]
	at org.springframework.security.web.context.SecurityContextPersistenceFilter.doFilter(SecurityContextPersistenceFilter.java:82) ~[spring-security-web-5.7.7.jar:5.7.7]
	at org.springframework.security.web.FilterChainProxy$VirtualFilterChain.doFilter(FilterChainProxy.java:346) ~[spring-security-web-5.7.7.jar:5.7.7]
	at org.springframework.security.web.context.request.async.WebAsyncManagerIntegrationFilter.doFilterInternal(WebAsyncManagerIntegrationFilter.java:55) ~[spring-security-web-5.7.7.jar:5.7.7]
	at org.springframework.web.filter.OncePerRequestFilter.doFilter(OncePerRequestFilter.java:117) ~[spring-web-5.3.26.jar:5.3.26]
	at org.springframework.security.web.FilterChainProxy$VirtualFilterChain.doFilter(FilterChainProxy.java:346) ~[spring-security-web-5.7.7.jar:5.7.7]
	at org.springframework.security.web.session.DisableEncodeUrlFilter.doFilterInternal(DisableEncodeUrlFilter.java:42) ~[spring-security-web-5.7.7.jar:5.7.7]
	at org.springframework.web.filter.OncePerRequestFilter.doFilter(OncePerRequestFilter.java:117) ~[spring-web-5.3.26.jar:5.3.26]
	at org.springframework.security.web.FilterChainProxy$VirtualFilterChain.doFilter(FilterChainProxy.java:346) ~[spring-security-web-5.7.7.jar:5.7.7]
	at org.springframework.security.web.FilterChainProxy.doFilterInternal(FilterChainProxy.java:221) ~[spring-security-web-5.7.7.jar:5.7.7]
	at org.springframework.security.web.FilterChainProxy.doFilter(FilterChainProxy.java:186) ~[spring-security-web-5.7.7.jar:5.7.7]
	at org.springframework.web.filter.DelegatingFilterProxy.invokeDelegate(DelegatingFilterProxy.java:354) ~[spring-web-5.3.26.jar:5.3.26]
	at org.springframework.web.filter.DelegatingFilterProxy.doFilter(DelegatingFilterProxy.java:267) ~[spring-web-5.3.26.jar:5.3.26]
	at org.apache.catalina.core.ApplicationFilterChain.internalDoFilter(ApplicationFilterChain.java:178) ~[tomcat-embed-core-9.0.73.jar:9.0.73]
	at org.apache.catalina.core.ApplicationFilterChain.doFilter(ApplicationFilterChain.java:153) ~[tomcat-embed-core-9.0.73.jar:9.0.73]
	at org.springframework.web.filter.RequestContextFilter.doFilterInternal(RequestContextFilter.java:100) ~[spring-web-5.3.26.jar:5.3.26]
	at org.springframework.web.filter.OncePerRequestFilter.doFilter(OncePerRequestFilter.java:117) ~[spring-web-5.3.26.jar:5.3.26]
	at org.apache.catalina.core.ApplicationFilterChain.internalDoFilter(ApplicationFilterChain.java:178) ~[tomcat-embed-core-9.0.73.jar:9.0.73]
	at org.apache.catalina.core.ApplicationFilterChain.doFilter(ApplicationFilterChain.java:153) ~[tomcat-embed-core-9.0.73.jar:9.0.73]
	at org.springframework.web.filter.FormContentFilter.doFilterInternal(FormContentFilter.java:93) ~[spring-web-5.3.26.jar:5.3.26]
	at org.springframework.web.filter.OncePerRequestFilter.doFilter(OncePerRequestFilter.java:117) ~[spring-web-5.3.26.jar:5.3.26]
	at org.apache.catalina.core.ApplicationFilterChain.internalDoFilter(ApplicationFilterChain.java:178) ~[tomcat-embed-core-9.0.73.jar:9.0.73]
	at org.apache.catalina.core.ApplicationFilterChain.doFilter(ApplicationFilterChain.java:153) ~[tomcat-embed-core-9.0.73.jar:9.0.73]
	at org.springframework.web.filter.CharacterEncodingFilter.doFilterInternal(CharacterEncodingFilter.java:201) ~[spring-web-5.3.26.jar:5.3.26]
	at org.springframework.web.filter.OncePerRequestFilter.doFilter(OncePerRequestFilter.java:117) ~[spring-web-5.3.26.jar:5.3.26]
	at org.apache.catalina.core.ApplicationFilterChain.internalDoFilter(ApplicationFilterChain.java:178) ~[tomcat-embed-core-9.0.73.jar:9.0.73]
	at org.apache.catalina.core.ApplicationFilterChain.doFilter(ApplicationFilterChain.java:153) ~[tomcat-embed-core-9.0.73.jar:9.0.73]
	at org.apache.catalina.core.StandardWrapperValve.invoke(StandardWrapperValve.java:167) ~[tomcat-embed-core-9.0.73.jar:9.0.73]
	at org.apache.catalina.core.StandardContextValve.invoke(StandardContextValve.java:90) ~[tomcat-embed-core-9.0.73.jar:9.0.73]
	at org.apache.catalina.authenticator.AuthenticatorBase.invoke(AuthenticatorBase.java:492) ~[tomcat-embed-core-9.0.73.jar:9.0.73]
	at org.apache.catalina.core.StandardHostValve.invoke(StandardHostValve.java:130) ~[tomcat-embed-core-9.0.73.jar:9.0.73]
	at org.apache.catalina.valves.ErrorReportValve.invoke(ErrorReportValve.java:93) ~[tomcat-embed-core-9.0.73.jar:9.0.73]
	at org.apache.catalina.core.StandardEngineValve.invoke(StandardEngineValve.java:74) ~[tomcat-embed-core-9.0.73.jar:9.0.73]
	at org.apache.catalina.valves.AbstractAccessLogValve.invoke(AbstractAccessLogValve.java:673) ~[tomcat-embed-core-9.0.73.jar:9.0.73]
	at org.apache.catalina.connector.CoyoteAdapter.service(CoyoteAdapter.java:343) ~[tomcat-embed-core-9.0.73.jar:9.0.73]
	at org.apache.coyote.http11.Http11Processor.service(Http11Processor.java:389) ~[tomcat-embed-core-9.0.73.jar:9.0.73]
	at org.apache.coyote.AbstractProcessorLight.process(AbstractProcessorLight.java:63) ~[tomcat-embed-core-9.0.73.jar:9.0.73]
	at org.apache.coyote.AbstractProtocol$ConnectionHandler.process(AbstractProtocol.java:926) ~[tomcat-embed-core-9.0.73.jar:9.0.73]
	at org.apache.tomcat.util.net.NioEndpoint$SocketProcessor.doRun(NioEndpoint.java:1791) ~[tomcat-embed-core-9.0.73.jar:9.0.73]
	at org.apache.tomcat.util.net.SocketProcessorBase.run(SocketProcessorBase.java:49) ~[tomcat-embed-core-9.0.73.jar:9.0.73]
	at org.apache.tomcat.util.threads.ThreadPoolExecutor.runWorker(ThreadPoolExecutor.java:1191) ~[tomcat-embed-core-9.0.73.jar:9.0.73]
	at org.apache.tomcat.util.threads.ThreadPoolExecutor$Worker.run(ThreadPoolExecutor.java:659) ~[tomcat-embed-core-9.0.73.jar:9.0.73]
	at org.apache.tomcat.util.threads.TaskThread$WrappingRunnable.run(TaskThread.java:61) ~[tomcat-embed-core-9.0.73.jar:9.0.73]
	at java.lang.Thread.run(Thread.java:829) ~[?:?]
Caused by: org.springframework.dao.QueryTimeoutException: 
### Error querying database.  Cause: java.sql.SQLTimeoutException: (conn=1910) Query execution was interrupted (max_statement_time exceeded)
### The error may exist in file [/Users/sclee1115/Project/Dev/poc_gui/01.gui_source/pocgui_backend/target/classes/mybatis/mysql/module/nw/config_sqlMap.xml]
### The error may involve com.mobigen.cdev.mapper.mysql.module.nw.config.getEnbList-Inline
### The error occurred while setting parameters
### SQL: select             A.*         , case                 when ifnull(LAG(A.branch_id, 1) over (partition by A.branch_id order by A.branch_id, opteam_id, part_id), 'F') = 'F' then 'Y'                 else 'N'             end branch_first         , case                 when ifnull(LEAD(A.branch_id, 1) over (partition by A.branch_id order by A.branch_id, opteam_id, part_id), 'L') = 'L' then 'Y'                 else 'N'             end branch_last         , case                 when ifnull(LAG(A.opteam_id, 1) over (partition by A.opteam_id order by A.branch_id, opteam_id, part_id), 'F') = 'F' then 'Y'                 else 'N'             end opteam_first         , case                 when ifnull(LEAD(A.opteam_id, 1) over (partition by A.opteam_id order by A.branch_id, opteam_id, part_id), 'L') = 'L' then 'Y'                 else 'N'             end opteam_last         , case                 when ifnull(LAG(A.part_id, 1) over (partition by A.part_id order by A.branch_id, opteam_id, part_id), 'F') = 'F' then 'Y'                 else 'N'             end part_first         , case                 when ifnull(LEAD(A.part_id, 1) over (partition by A.part_id order by A.branch_id, opteam_id, part_id), 'L') = 'L' then 'Y'                 else 'N'             end part_last         from         (                       select             A.branch_id         , B.branch_name         , A.opteam_id         , C.team_name opteam_name         , A.part_id         , D.part_name         , A.mtso_name         , E.mtso_id         , enb_id         , bts_name         ,   enb_id value         ,   concat(ifnull(bts_name, '-'), ' (', enb_id, ')') label         ,   case when ifnull(opteam_name, '-') = '-' then '미분류'                 else concat(opteam_name, ' (', opteam_id, ')')             end group_filter         ,   concat(ifnull(bts_name, '-'), ' (', enb_id, ')') description         from              CL_ENB  A             left outer join  CM_BRANCH  B             on A.branch_id = B.branch_id             left outer join  CM_TEAM  C             on A.opteam_id = C.team_id             left outer join  CM_PART  D             on A.part_id = D.part_id             left outer join  CB_MTSO  E             on A.mtso_name = E.mtso_name         where 1 = 1         and opr_status = 'ACT'               ) A         where 1 = 1         and branch_name is not null         and opteam_name is not null         and part_name is not null                     order by branch_id, opteam_id, part_id
### Cause: java.sql.SQLTimeoutException: (conn=1910) Query execution was interrupted (max_statement_time exceeded)
; (conn=1910) Query execution was interrupted (max_statement_time exceeded); nested exception is java.sql.SQLTimeoutException: (conn=1910) Query execution was interrupted (max_statement_time exceeded)
	at org.springframework.jdbc.support.SQLExceptionSubclassTranslator.doTranslate(SQLExceptionSubclassTranslator.java:76) ~[spring-jdbc-5.3.26.jar:5.3.26]
	at org.springframework.jdbc.support.AbstractFallbackSQLExceptionTranslator.translate(AbstractFallbackSQLExceptionTranslator.java:70) ~[spring-jdbc-5.3.26.jar:5.3.26]
	at org.springframework.jdbc.support.AbstractFallbackSQLExceptionTranslator.translate(AbstractFallbackSQLExceptionTranslator.java:79) ~[spring-jdbc-5.3.26.jar:5.3.26]
	at org.mybatis.spring.MyBatisExceptionTranslator.translateExceptionIfPossible(MyBatisExceptionTranslator.java:92) ~[mybatis-spring-3.0.0.jar:3.0.0]
	at org.mybatis.spring.SqlSessionTemplate$SqlSessionInterceptor.invoke(SqlSessionTemplate.java:439) ~[mybatis-spring-3.0.0.jar:3.0.0]
	at com.sun.proxy.$Proxy123.selectList(Unknown Source) ~[?:?]
	at org.mybatis.spring.SqlSessionTemplate.selectList(SqlSessionTemplate.java:224) ~[mybatis-spring-3.0.0.jar:3.0.0]
	at com.mobigen.cdev.poc.module.nw.repository.mybatis.NwConfigRepositoryImpl.getEnbList(NwConfigRepositoryImpl.java:30) ~[classes/:?]
	at com.mobigen.cdev.poc.module.nw.repository.mybatis.NwConfigRepositoryImpl$$FastClassBySpringCGLIB$$16341bbf.invoke(<generated>) ~[classes/:?]
	at org.springframework.cglib.proxy.MethodProxy.invoke(MethodProxy.java:218) ~[spring-core-5.3.26.jar:5.3.26]
	at org.springframework.aop.framework.CglibAopProxy$CglibMethodInvocation.invokeJoinpoint(CglibAopProxy.java:793) ~[spring-aop-5.3.26.jar:5.3.26]
	at org.springframework.aop.framework.ReflectiveMethodInvocation.proceed(ReflectiveMethodInvocation.java:163) ~[spring-aop-5.3.26.jar:5.3.26]
	at org.springframework.aop.framework.CglibAopProxy$CglibMethodInvocation.proceed(CglibAopProxy.java:763) ~[spring-aop-5.3.26.jar:5.3.26]
	at org.springframework.dao.support.PersistenceExceptionTranslationInterceptor.invoke(PersistenceExceptionTranslationInterceptor.java:137) ~[spring-tx-5.3.26.jar:5.3.26]
	at org.springframework.aop.framework.ReflectiveMethodInvocation.proceed(ReflectiveMethodInvocation.java:186) ~[spring-aop-5.3.26.jar:5.3.26]
	at org.springframework.aop.framework.CglibAopProxy$CglibMethodInvocation.proceed(CglibAopProxy.java:763) ~[spring-aop-5.3.26.jar:5.3.26]
	at org.springframework.aop.framework.CglibAopProxy$DynamicAdvisedInterceptor.intercept(CglibAopProxy.java:708) ~[spring-aop-5.3.26.jar:5.3.26]
	at com.mobigen.cdev.poc.module.nw.repository.mybatis.NwConfigRepositoryImpl$$EnhancerBySpringCGLIB$$191aa30e.getEnbList(<generated>) ~[classes/:?]
	at com.mobigen.cdev.poc.module.nw.service.NwConfigServiceImpl.getEnbTreeList(NwConfigServiceImpl.java:129) ~[classes/:?]
	at com.mobigen.cdev.poc.module.nw.service.NwConfigServiceImpl$$FastClassBySpringCGLIB$$12378b9c.invoke(<generated>) ~[classes/:?]
	at org.springframework.cglib.proxy.MethodProxy.invoke(MethodProxy.java:218) ~[spring-core-5.3.26.jar:5.3.26]
	at org.springframework.aop.framework.CglibAopProxy$CglibMethodInvocation.invokeJoinpoint(CglibAopProxy.java:793) ~[spring-aop-5.3.26.jar:5.3.26]
	at org.springframework.aop.framework.ReflectiveMethodInvocation.proceed(ReflectiveMethodInvocation.java:163) ~[spring-aop-5.3.26.jar:5.3.26]
	at org.springframework.aop.framework.CglibAopProxy$CglibMethodInvocation.proceed(CglibAopProxy.java:763) ~[spring-aop-5.3.26.jar:5.3.26]
	at org.springframework.aop.aspectj.MethodInvocationProceedingJoinPoint.proceed(MethodInvocationProceedingJoinPoint.java:89) ~[spring-aop-5.3.26.jar:5.3.26]
	at com.mobigen.cdev.poc.core.util.aop.EnvStatusAspect.autoAddEnvStatusToParam(EnvStatusAspect.java:37) ~[classes/:?]
	at jdk.internal.reflect.NativeMethodAccessorImpl.invoke0(Native Method) ~[?:?]
	at jdk.internal.reflect.NativeMethodAccessorImpl.invoke(NativeMethodAccessorImpl.java:62) ~[?:?]
	at jdk.internal.reflect.DelegatingMethodAccessorImpl.invoke(DelegatingMethodAccessorImpl.java:43) ~[?:?]
	at java.lang.reflect.Method.invoke(Method.java:566) ~[?:?]
	at org.springframework.aop.aspectj.AbstractAspectJAdvice.invokeAdviceMethodWithGivenArgs(AbstractAspectJAdvice.java:634) ~[spring-aop-5.3.26.jar:5.3.26]
	at org.springframework.aop.aspectj.AbstractAspectJAdvice.invokeAdviceMethod(AbstractAspectJAdvice.java:624) ~[spring-aop-5.3.26.jar:5.3.26]
	at org.springframework.aop.aspectj.AspectJAroundAdvice.invoke(AspectJAroundAdvice.java:72) ~[spring-aop-5.3.26.jar:5.3.26]
	at org.springframework.aop.framework.ReflectiveMethodInvocation.proceed(ReflectiveMethodInvocation.java:175) ~[spring-aop-5.3.26.jar:5.3.26]
	at org.springframework.aop.framework.CglibAopProxy$CglibMethodInvocation.proceed(CglibAopProxy.java:763) ~[spring-aop-5.3.26.jar:5.3.26]
	at org.springframework.aop.interceptor.ExposeInvocationInterceptor.invoke(ExposeInvocationInterceptor.java:97) ~[spring-aop-5.3.26.jar:5.3.26]
	at org.springframework.aop.framework.ReflectiveMethodInvocation.proceed(ReflectiveMethodInvocation.java:186) ~[spring-aop-5.3.26.jar:5.3.26]
	at org.springframework.aop.framework.CglibAopProxy$CglibMethodInvocation.proceed(CglibAopProxy.java:763) ~[spring-aop-5.3.26.jar:5.3.26]
	at org.springframework.aop.framework.CglibAopProxy$DynamicAdvisedInterceptor.intercept(CglibAopProxy.java:708) ~[spring-aop-5.3.26.jar:5.3.26]
	at com.mobigen.cdev.poc.module.nw.service.NwConfigServiceImpl$$EnhancerBySpringCGLIB$$207f1574.getEnbTreeList(<generated>) ~[classes/:?]
	at com.mobigen.cdev.poc.module.nw.controller.NwConfigController.getEnbTreeList(NwConfigController.java:55) ~[classes/:?]
	at com.mobigen.cdev.poc.module.nw.controller.NwConfigController$$FastClassBySpringCGLIB$$1d261ac4.invoke(<generated>) ~[classes/:?]
	at org.springframework.cglib.proxy.MethodProxy.invoke(MethodProxy.java:218) ~[spring-core-5.3.26.jar:5.3.26]
	at org.springframework.aop.framework.CglibAopProxy$CglibMethodInvocation.invokeJoinpoint(CglibAopProxy.java:793) ~[spring-aop-5.3.26.jar:5.3.26]
	at org.springframework.aop.framework.ReflectiveMethodInvocation.proceed(ReflectiveMethodInvocation.java:163) ~[spring-aop-5.3.26.jar:5.3.26]
	at org.springframework.aop.framework.CglibAopProxy$CglibMethodInvocation.proceed(CglibAopProxy.java:763) ~[spring-aop-5.3.26.jar:5.3.26]
	at org.springframework.aop.aspectj.AspectJAfterThrowingAdvice.invoke(AspectJAfterThrowingAdvice.java:64) ~[spring-aop-5.3.26.jar:5.3.26]
	... 96 more
Caused by: java.sql.SQLTimeoutException: (conn=1910) Query execution was interrupted (max_statement_time exceeded)
	at org.mariadb.jdbc.export.ExceptionFactory.createException(ExceptionFactory.java:257) ~[mariadb-java-client-3.1.0.jar:?]
	at org.mariadb.jdbc.export.ExceptionFactory.create(ExceptionFactory.java:370) ~[mariadb-java-client-3.1.0.jar:?]
	at org.mariadb.jdbc.client.result.Result.readNext(Result.java:176) ~[mariadb-java-client-3.1.0.jar:?]
	at org.mariadb.jdbc.client.result.CompleteResult.<init>(CompleteResult.java:68) ~[mariadb-java-client-3.1.0.jar:?]
	at org.mariadb.jdbc.message.ClientMessage.readPacket(ClientMessage.java:263) ~[mariadb-java-client-3.1.0.jar:?]
	at org.mariadb.jdbc.client.impl.StandardClient.readPacket(StandardClient.java:855) ~[mariadb-java-client-3.1.0.jar:?]
	at org.mariadb.jdbc.client.impl.StandardClient.readResults(StandardClient.java:794) ~[mariadb-java-client-3.1.0.jar:?]
	at org.mariadb.jdbc.client.impl.StandardClient.readResponse(StandardClient.java:713) ~[mariadb-java-client-3.1.0.jar:?]
	at org.mariadb.jdbc.client.impl.StandardClient.execute(StandardClient.java:637) ~[mariadb-java-client-3.1.0.jar:?]
	at org.mariadb.jdbc.ClientPreparedStatement.executeInternal(ClientPreparedStatement.java:95) ~[mariadb-java-client-3.1.0.jar:?]
	at org.mariadb.jdbc.ClientPreparedStatement.execute(ClientPreparedStatement.java:268) ~[mariadb-java-client-3.1.0.jar:?]
	at net.sf.log4jdbc.sql.jdbcapi.PreparedStatementSpy.execute(PreparedStatementSpy.java:443) ~[log4jdbc-log4j2-jdbc4.1-1.16.jar:?]
	at com.zaxxer.hikari.pool.ProxyPreparedStatement.execute(ProxyPreparedStatement.java:44) ~[HikariCP-4.0.3.jar:?]
	at com.zaxxer.hikari.pool.HikariProxyPreparedStatement.execute(HikariProxyPreparedStatement.java) ~[HikariCP-4.0.3.jar:?]
	at org.apache.ibatis.executor.statement.PreparedStatementHandler.query(PreparedStatementHandler.java:64) ~[mybatis-3.5.11.jar:3.5.11]
	at org.apache.ibatis.executor.statement.RoutingStatementHandler.query(RoutingStatementHandler.java:79) ~[mybatis-3.5.11.jar:3.5.11]
	at org.apache.ibatis.executor.SimpleExecutor.doQuery(SimpleExecutor.java:63) ~[mybatis-3.5.11.jar:3.5.11]
	at org.apache.ibatis.executor.BaseExecutor.queryFromDatabase(BaseExecutor.java:325) ~[mybatis-3.5.11.jar:3.5.11]
	at org.apache.ibatis.executor.BaseExecutor.query(BaseExecutor.java:156) ~[mybatis-3.5.11.jar:3.5.11]
	at org.apache.ibatis.executor.CachingExecutor.query(CachingExecutor.java:109) ~[mybatis-3.5.11.jar:3.5.11]
	at org.apache.ibatis.executor.CachingExecutor.query(CachingExecutor.java:89) ~[mybatis-3.5.11.jar:3.5.11]
	at org.apache.ibatis.session.defaults.DefaultSqlSession.selectList(DefaultSqlSession.java:151) ~[mybatis-3.5.11.jar:3.5.11]
	at org.apache.ibatis.session.defaults.DefaultSqlSession.selectList(DefaultSqlSession.java:145) ~[mybatis-3.5.11.jar:3.5.11]
	at org.apache.ibatis.session.defaults.DefaultSqlSession.selectList(DefaultSqlSession.java:140) ~[mybatis-3.5.11.jar:3.5.11]
	at jdk.internal.reflect.NativeMethodAccessorImpl.invoke0(Native Method) ~[?:?]
	at jdk.internal.reflect.NativeMethodAccessorImpl.invoke(NativeMethodAccessorImpl.java:62) ~[?:?]
	at jdk.internal.reflect.DelegatingMethodAccessorImpl.invoke(DelegatingMethodAccessorImpl.java:43) ~[?:?]
	at java.lang.reflect.Method.invoke(Method.java:566) ~[?:?]
	at org.mybatis.spring.SqlSessionTemplate$SqlSessionInterceptor.invoke(SqlSessionTemplate.java:425) ~[mybatis-spring-3.0.0.jar:3.0.0]
	at com.sun.proxy.$Proxy123.selectList(Unknown Source) ~[?:?]
	at org.mybatis.spring.SqlSessionTemplate.selectList(SqlSessionTemplate.java:224) ~[mybatis-spring-3.0.0.jar:3.0.0]
	at com.mobigen.cdev.poc.module.nw.repository.mybatis.NwConfigRepositoryImpl.getEnbList(NwConfigRepositoryImpl.java:30) ~[classes/:?]
	at com.mobigen.cdev.poc.module.nw.repository.mybatis.NwConfigRepositoryImpl$$FastClassBySpringCGLIB$$16341bbf.invoke(<generated>) ~[classes/:?]
	at org.springframework.cglib.proxy.MethodProxy.invoke(MethodProxy.java:218) ~[spring-core-5.3.26.jar:5.3.26]
	at org.springframework.aop.framework.CglibAopProxy$CglibMethodInvocation.invokeJoinpoint(CglibAopProxy.java:793) ~[spring-aop-5.3.26.jar:5.3.26]
	at org.springframework.aop.framework.ReflectiveMethodInvocation.proceed(ReflectiveMethodInvocation.java:163) ~[spring-aop-5.3.26.jar:5.3.26]
	at org.springframework.aop.framework.CglibAopProxy$CglibMethodInvocation.proceed(CglibAopProxy.java:763) ~[spring-aop-5.3.26.jar:5.3.26]
	at org.springframework.dao.support.PersistenceExceptionTranslationInterceptor.invoke(PersistenceExceptionTranslationInterceptor.java:137) ~[spring-tx-5.3.26.jar:5.3.26]
	at org.springframework.aop.framework.ReflectiveMethodInvocation.proceed(ReflectiveMethodInvocation.java:186) ~[spring-aop-5.3.26.jar:5.3.26]
	at org.springframework.aop.framework.CglibAopProxy$CglibMethodInvocation.proceed(CglibAopProxy.java:763) ~[spring-aop-5.3.26.jar:5.3.26]
	at org.springframework.aop.framework.CglibAopProxy$DynamicAdvisedInterceptor.intercept(CglibAopProxy.java:708) ~[spring-aop-5.3.26.jar:5.3.26]
	at com.mobigen.cdev.poc.module.nw.repository.mybatis.NwConfigRepositoryImpl$$EnhancerBySpringCGLIB$$191aa30e.getEnbList(<generated>) ~[classes/:?]
	at com.mobigen.cdev.poc.module.nw.service.NwConfigServiceImpl.getEnbTreeList(NwConfigServiceImpl.java:129) ~[classes/:?]
	at com.mobigen.cdev.poc.module.nw.service.NwConfigServiceImpl$$FastClassBySpringCGLIB$$12378b9c.invoke(<generated>) ~[classes/:?]
	at org.springframework.cglib.proxy.MethodProxy.invoke(MethodProxy.java:218) ~[spring-core-5.3.26.jar:5.3.26]
	at org.springframework.aop.framework.CglibAopProxy$CglibMethodInvocation.invokeJoinpoint(CglibAopProxy.java:793) ~[spring-aop-5.3.26.jar:5.3.26]
	at org.springframework.aop.framework.ReflectiveMethodInvocation.proceed(ReflectiveMethodInvocation.java:163) ~[spring-aop-5.3.26.jar:5.3.26]
	at org.springframework.aop.framework.CglibAopProxy$CglibMethodInvocation.proceed(CglibAopProxy.java:763) ~[spring-aop-5.3.26.jar:5.3.26]
	at org.springframework.aop.aspectj.MethodInvocationProceedingJoinPoint.proceed(MethodInvocationProceedingJoinPoint.java:89) ~[spring-aop-5.3.26.jar:5.3.26]
	at com.mobigen.cdev.poc.core.util.aop.EnvStatusAspect.autoAddEnvStatusToParam(EnvStatusAspect.java:37) ~[classes/:?]
	at jdk.internal.reflect.NativeMethodAccessorImpl.invoke0(Native Method) ~[?:?]
	at jdk.internal.reflect.NativeMethodAccessorImpl.invoke(NativeMethodAccessorImpl.java:62) ~[?:?]
	at jdk.internal.reflect.DelegatingMethodAccessorImpl.invoke(DelegatingMethodAccessorImpl.java:43) ~[?:?]
	at java.lang.reflect.Method.invoke(Method.java:566) ~[?:?]
	at org.springframework.aop.aspectj.AbstractAspectJAdvice.invokeAdviceMethodWithGivenArgs(AbstractAspectJAdvice.java:634) ~[spring-aop-5.3.26.jar:5.3.26]
	at org.springframework.aop.aspectj.AbstractAspectJAdvice.invokeAdviceMethod(AbstractAspectJAdvice.java:624) ~[spring-aop-5.3.26.jar:5.3.26]
	at org.springframework.aop.aspectj.AspectJAroundAdvice.invoke(AspectJAroundAdvice.java:72) ~[spring-aop-5.3.26.jar:5.3.26]
	at org.springframework.aop.framework.ReflectiveMethodInvocation.proceed(ReflectiveMethodInvocation.java:175) ~[spring-aop-5.3.26.jar:5.3.26]
	at org.springframework.aop.framework.CglibAopProxy$CglibMethodInvocation.proceed(CglibAopProxy.java:763) ~[spring-aop-5.3.26.jar:5.3.26]
	at org.springframework.aop.interceptor.ExposeInvocationInterceptor.invoke(ExposeInvocationInterceptor.java:97) ~[spring-aop-5.3.26.jar:5.3.26]
	at org.springframework.aop.framework.ReflectiveMethodInvocation.proceed(ReflectiveMethodInvocation.java:186) ~[spring-aop-5.3.26.jar:5.3.26]
	at org.springframework.aop.framework.CglibAopProxy$CglibMethodInvocation.proceed(CglibAopProxy.java:763) ~[spring-aop-5.3.26.jar:5.3.26]
	at org.springframework.aop.framework.CglibAopProxy$DynamicAdvisedInterceptor.intercept(CglibAopProxy.java:708) ~[spring-aop-5.3.26.jar:5.3.26]
	at com.mobigen.cdev.poc.module.nw.service.NwConfigServiceImpl$$EnhancerBySpringCGLIB$$207f1574.getEnbTreeList(<generated>) ~[classes/:?]
	at com.mobigen.cdev.poc.module.nw.controller.NwConfigController.getEnbTreeList(NwConfigController.java:55) ~[classes/:?]
	at com.mobigen.cdev.poc.module.nw.controller.NwConfigController$$FastClassBySpringCGLIB$$1d261ac4.invoke(<generated>) ~[classes/:?]
	at org.springframework.cglib.proxy.MethodProxy.invoke(MethodProxy.java:218) ~[spring-core-5.3.26.jar:5.3.26]
	at org.springframework.aop.framework.CglibAopProxy$CglibMethodInvocation.invokeJoinpoint(CglibAopProxy.java:793) ~[spring-aop-5.3.26.jar:5.3.26]
	at org.springframework.aop.framework.ReflectiveMethodInvocation.proceed(ReflectiveMethodInvocation.java:163) ~[spring-aop-5.3.26.jar:5.3.26]
	at org.springframework.aop.framework.CglibAopProxy$CglibMethodInvocation.proceed(CglibAopProxy.java:763) ~[spring-aop-5.3.26.jar:5.3.26]
	at org.springframework.aop.aspectj.AspectJAfterThrowingAdvice.invoke(AspectJAfterThrowingAdvice.java:64) ~[spring-aop-5.3.26.jar:5.3.26]
	... 96 more
[36m2024-05-31 16:33:46.767[m [31m[ERROR][m [com.mobigen.cdev.poc.core.exception.GlobalExceptionHandler] [33m[http-nio-9091-exec-4][m- rsResultExcption : {}
com.mobigen.cdev.poc.core.exception.RsResultException: null
	at com.mobigen.cdev.poc.core.exception.ControllerThrowsAdvice.ControllerAfterThrowing(ControllerThrowsAdvice.java:62) ~[classes/:?]
	at jdk.internal.reflect.NativeMethodAccessorImpl.invoke0(Native Method) ~[?:?]
	at jdk.internal.reflect.NativeMethodAccessorImpl.invoke(NativeMethodAccessorImpl.java:62) ~[?:?]
	at jdk.internal.reflect.DelegatingMethodAccessorImpl.invoke(DelegatingMethodAccessorImpl.java:43) ~[?:?]
	at java.lang.reflect.Method.invoke(Method.java:566) ~[?:?]
	at org.springframework.aop.aspectj.AbstractAspectJAdvice.invokeAdviceMethodWithGivenArgs(AbstractAspectJAdvice.java:634) ~[spring-aop-5.3.26.jar:5.3.26]
	at org.springframework.aop.aspectj.AbstractAspectJAdvice.invokeAdviceMethod(AbstractAspectJAdvice.java:617) ~[spring-aop-5.3.26.jar:5.3.26]
	at org.springframework.aop.aspectj.AspectJAfterThrowingAdvice.invoke(AspectJAfterThrowingAdvice.java:68) ~[spring-aop-5.3.26.jar:5.3.26]
	at org.springframework.aop.framework.ReflectiveMethodInvocation.proceed(ReflectiveMethodInvocation.java:186) ~[spring-aop-5.3.26.jar:5.3.26]
	at org.springframework.aop.framework.CglibAopProxy$CglibMethodInvocation.proceed(CglibAopProxy.java:763) ~[spring-aop-5.3.26.jar:5.3.26]
	at org.springframework.aop.interceptor.ExposeInvocationInterceptor.invoke(ExposeInvocationInterceptor.java:97) ~[spring-aop-5.3.26.jar:5.3.26]
	at org.springframework.aop.framework.ReflectiveMethodInvocation.proceed(ReflectiveMethodInvocation.java:186) ~[spring-aop-5.3.26.jar:5.3.26]
	at org.springframework.aop.framework.CglibAopProxy$CglibMethodInvocation.proceed(CglibAopProxy.java:763) ~[spring-aop-5.3.26.jar:5.3.26]
	at org.springframework.aop.framework.CglibAopProxy$DynamicAdvisedInterceptor.intercept(CglibAopProxy.java:708) ~[spring-aop-5.3.26.jar:5.3.26]
	at com.mobigen.cdev.poc.module.nw.controller.NwConfigController$$EnhancerBySpringCGLIB$$d28e1c39.getEnbTreeList(<generated>) ~[classes/:?]
	at jdk.internal.reflect.NativeMethodAccessorImpl.invoke0(Native Method) ~[?:?]
	at jdk.internal.reflect.NativeMethodAccessorImpl.invoke(NativeMethodAccessorImpl.java:62) ~[?:?]
	at jdk.internal.reflect.DelegatingMethodAccessorImpl.invoke(DelegatingMethodAccessorImpl.java:43) ~[?:?]
	at java.lang.reflect.Method.invoke(Method.java:566) ~[?:?]
	at org.springframework.web.method.support.InvocableHandlerMethod.doInvoke(InvocableHandlerMethod.java:205) ~[spring-web-5.3.26.jar:5.3.26]
	at org.springframework.web.method.support.InvocableHandlerMethod.invokeForRequest(InvocableHandlerMethod.java:150) ~[spring-web-5.3.26.jar:5.3.26]
	at org.springframework.web.servlet.mvc.method.annotation.ServletInvocableHandlerMethod.invokeAndHandle(ServletInvocableHandlerMethod.java:117) ~[spring-webmvc-5.3.26.jar:5.3.26]
	at org.springframework.web.servlet.mvc.method.annotation.RequestMappingHandlerAdapter.invokeHandlerMethod(RequestMappingHandlerAdapter.java:895) ~[spring-webmvc-5.3.26.jar:5.3.26]
	at org.springframework.web.servlet.mvc.method.annotation.RequestMappingHandlerAdapter.handleInternal(RequestMappingHandlerAdapter.java:808) ~[spring-webmvc-5.3.26.jar:5.3.26]
	at org.springframework.web.servlet.mvc.method.AbstractHandlerMethodAdapter.handle(AbstractHandlerMethodAdapter.java:87) ~[spring-webmvc-5.3.26.jar:5.3.26]
	at org.springframework.web.servlet.DispatcherServlet.doDispatch(DispatcherServlet.java:1072) ~[spring-webmvc-5.3.26.jar:5.3.26]
	at org.springframework.web.servlet.DispatcherServlet.doService(DispatcherServlet.java:965) ~[spring-webmvc-5.3.26.jar:5.3.26]
	at org.springframework.web.servlet.FrameworkServlet.processRequest(FrameworkServlet.java:1006) ~[spring-webmvc-5.3.26.jar:5.3.26]
	at org.springframework.web.servlet.FrameworkServlet.doPost(FrameworkServlet.java:909) ~[spring-webmvc-5.3.26.jar:5.3.26]
	at javax.servlet.http.HttpServlet.service(HttpServlet.java:528) ~[tomcat-embed-core-9.0.73.jar:4.0.FR]
	at org.springframework.web.servlet.FrameworkServlet.service(FrameworkServlet.java:883) ~[spring-webmvc-5.3.26.jar:5.3.26]
	at javax.servlet.http.HttpServlet.service(HttpServlet.java:596) ~[tomcat-embed-core-9.0.73.jar:4.0.FR]
	at org.apache.catalina.core.ApplicationFilterChain.internalDoFilter(ApplicationFilterChain.java:209) ~[tomcat-embed-core-9.0.73.jar:9.0.73]
	at org.apache.catalina.core.ApplicationFilterChain.doFilter(ApplicationFilterChain.java:153) ~[tomcat-embed-core-9.0.73.jar:9.0.73]
	at org.apache.tomcat.websocket.server.WsFilter.doFilter(WsFilter.java:53) ~[tomcat-embed-websocket-9.0.73.jar:9.0.73]
	at org.apache.catalina.core.ApplicationFilterChain.internalDoFilter(ApplicationFilterChain.java:178) ~[tomcat-embed-core-9.0.73.jar:9.0.73]
	at org.apache.catalina.core.ApplicationFilterChain.doFilter(ApplicationFilterChain.java:153) ~[tomcat-embed-core-9.0.73.jar:9.0.73]
	at org.springframework.security.web.FilterChainProxy$VirtualFilterChain.doFilter(FilterChainProxy.java:337) ~[spring-security-web-5.7.7.jar:5.7.7]
	at org.springframework.security.web.access.intercept.FilterSecurityInterceptor.invoke(FilterSecurityInterceptor.java:115) ~[spring-security-web-5.7.7.jar:5.7.7]
	at org.springframework.security.web.access.intercept.FilterSecurityInterceptor.doFilter(FilterSecurityInterceptor.java:81) ~[spring-security-web-5.7.7.jar:5.7.7]
	at org.springframework.security.web.FilterChainProxy$VirtualFilterChain.doFilter(FilterChainProxy.java:346) ~[spring-security-web-5.7.7.jar:5.7.7]
	at org.springframework.security.web.access.ExceptionTranslationFilter.doFilter(ExceptionTranslationFilter.java:122) ~[spring-security-web-5.7.7.jar:5.7.7]
	at org.springframework.security.web.access.ExceptionTranslationFilter.doFilter(ExceptionTranslationFilter.java:116) ~[spring-security-web-5.7.7.jar:5.7.7]
	at org.springframework.security.web.FilterChainProxy$VirtualFilterChain.doFilter(FilterChainProxy.java:346) ~[spring-security-web-5.7.7.jar:5.7.7]
	at org.springframework.security.web.session.SessionManagementFilter.doFilter(SessionManagementFilter.java:126) ~[spring-security-web-5.7.7.jar:5.7.7]
	at org.springframework.security.web.session.SessionManagementFilter.doFilter(SessionManagementFilter.java:81) ~[spring-security-web-5.7.7.jar:5.7.7]
	at org.springframework.security.web.FilterChainProxy$VirtualFilterChain.doFilter(FilterChainProxy.java:346) ~[spring-security-web-5.7.7.jar:5.7.7]
	at org.springframework.security.web.authentication.AnonymousAuthenticationFilter.doFilter(AnonymousAuthenticationFilter.java:109) ~[spring-security-web-5.7.7.jar:5.7.7]
	at org.springframework.security.web.FilterChainProxy$VirtualFilterChain.doFilter(FilterChainProxy.java:346) ~[spring-security-web-5.7.7.jar:5.7.7]
	at org.springframework.security.web.servletapi.SecurityContextHolderAwareRequestFilter.doFilter(SecurityContextHolderAwareRequestFilter.java:149) ~[spring-security-web-5.7.7.jar:5.7.7]
	at org.springframework.security.web.FilterChainProxy$VirtualFilterChain.doFilter(FilterChainProxy.java:346) ~[spring-security-web-5.7.7.jar:5.7.7]
	at org.springframework.security.web.savedrequest.RequestCacheAwareFilter.doFilter(RequestCacheAwareFilter.java:63) ~[spring-security-web-5.7.7.jar:5.7.7]
	at org.springframework.security.web.FilterChainProxy$VirtualFilterChain.doFilter(FilterChainProxy.java:346) ~[spring-security-web-5.7.7.jar:5.7.7]
	at org.springframework.security.web.authentication.logout.LogoutFilter.doFilter(LogoutFilter.java:103) ~[spring-security-web-5.7.7.jar:5.7.7]
	at org.springframework.security.web.authentication.logout.LogoutFilter.doFilter(LogoutFilter.java:89) ~[spring-security-web-5.7.7.jar:5.7.7]
	at org.springframework.security.web.FilterChainProxy$VirtualFilterChain.doFilter(FilterChainProxy.java:346) ~[spring-security-web-5.7.7.jar:5.7.7]
	at org.springframework.security.web.header.HeaderWriterFilter.doHeadersAfter(HeaderWriterFilter.java:90) ~[spring-security-web-5.7.7.jar:5.7.7]
	at org.springframework.security.web.header.HeaderWriterFilter.doFilterInternal(HeaderWriterFilter.java:75) ~[spring-security-web-5.7.7.jar:5.7.7]
	at org.springframework.web.filter.OncePerRequestFilter.doFilter(OncePerRequestFilter.java:117) ~[spring-web-5.3.26.jar:5.3.26]
	at org.springframework.security.web.FilterChainProxy$VirtualFilterChain.doFilter(FilterChainProxy.java:346) ~[spring-security-web-5.7.7.jar:5.7.7]
	at org.springframework.security.web.context.SecurityContextPersistenceFilter.doFilter(SecurityContextPersistenceFilter.java:112) ~[spring-security-web-5.7.7.jar:5.7.7]
	at org.springframework.security.web.context.SecurityContextPersistenceFilter.doFilter(SecurityContextPersistenceFilter.java:82) ~[spring-security-web-5.7.7.jar:5.7.7]
	at org.springframework.security.web.FilterChainProxy$VirtualFilterChain.doFilter(FilterChainProxy.java:346) ~[spring-security-web-5.7.7.jar:5.7.7]
	at org.springframework.security.web.context.request.async.WebAsyncManagerIntegrationFilter.doFilterInternal(WebAsyncManagerIntegrationFilter.java:55) ~[spring-security-web-5.7.7.jar:5.7.7]
	at org.springframework.web.filter.OncePerRequestFilter.doFilter(OncePerRequestFilter.java:117) ~[spring-web-5.3.26.jar:5.3.26]
	at org.springframework.security.web.FilterChainProxy$VirtualFilterChain.doFilter(FilterChainProxy.java:346) ~[spring-security-web-5.7.7.jar:5.7.7]
	at org.springframework.security.web.session.DisableEncodeUrlFilter.doFilterInternal(DisableEncodeUrlFilter.java:42) ~[spring-security-web-5.7.7.jar:5.7.7]
	at org.springframework.web.filter.OncePerRequestFilter.doFilter(OncePerRequestFilter.java:117) ~[spring-web-5.3.26.jar:5.3.26]
	at org.springframework.security.web.FilterChainProxy$VirtualFilterChain.doFilter(FilterChainProxy.java:346) ~[spring-security-web-5.7.7.jar:5.7.7]
	at org.springframework.security.web.FilterChainProxy.doFilterInternal(FilterChainProxy.java:221) ~[spring-security-web-5.7.7.jar:5.7.7]
	at org.springframework.security.web.FilterChainProxy.doFilter(FilterChainProxy.java:186) ~[spring-security-web-5.7.7.jar:5.7.7]
	at org.springframework.web.filter.DelegatingFilterProxy.invokeDelegate(DelegatingFilterProxy.java:354) ~[spring-web-5.3.26.jar:5.3.26]
	at org.springframework.web.filter.DelegatingFilterProxy.doFilter(DelegatingFilterProxy.java:267) ~[spring-web-5.3.26.jar:5.3.26]
	at org.apache.catalina.core.ApplicationFilterChain.internalDoFilter(ApplicationFilterChain.java:178) ~[tomcat-embed-core-9.0.73.jar:9.0.73]
	at org.apache.catalina.core.ApplicationFilterChain.doFilter(ApplicationFilterChain.java:153) ~[tomcat-embed-core-9.0.73.jar:9.0.73]
	at org.springframework.web.filter.RequestContextFilter.doFilterInternal(RequestContextFilter.java:100) ~[spring-web-5.3.26.jar:5.3.26]
	at org.springframework.web.filter.OncePerRequestFilter.doFilter(OncePerRequestFilter.java:117) ~[spring-web-5.3.26.jar:5.3.26]
	at org.apache.catalina.core.ApplicationFilterChain.internalDoFilter(ApplicationFilterChain.java:178) ~[tomcat-embed-core-9.0.73.jar:9.0.73]
	at org.apache.catalina.core.ApplicationFilterChain.doFilter(ApplicationFilterChain.java:153) ~[tomcat-embed-core-9.0.73.jar:9.0.73]
	at org.springframework.web.filter.FormContentFilter.doFilterInternal(FormContentFilter.java:93) ~[spring-web-5.3.26.jar:5.3.26]
	at org.springframework.web.filter.OncePerRequestFilter.doFilter(OncePerRequestFilter.java:117) ~[spring-web-5.3.26.jar:5.3.26]
	at org.apache.catalina.core.ApplicationFilterChain.internalDoFilter(ApplicationFilterChain.java:178) ~[tomcat-embed-core-9.0.73.jar:9.0.73]
	at org.apache.catalina.core.ApplicationFilterChain.doFilter(ApplicationFilterChain.java:153) ~[tomcat-embed-core-9.0.73.jar:9.0.73]
	at org.springframework.web.filter.CharacterEncodingFilter.doFilterInternal(CharacterEncodingFilter.java:201) ~[spring-web-5.3.26.jar:5.3.26]
	at org.springframework.web.filter.OncePerRequestFilter.doFilter(OncePerRequestFilter.java:117) ~[spring-web-5.3.26.jar:5.3.26]
	at org.apache.catalina.core.ApplicationFilterChain.internalDoFilter(ApplicationFilterChain.java:178) ~[tomcat-embed-core-9.0.73.jar:9.0.73]
	at org.apache.catalina.core.ApplicationFilterChain.doFilter(ApplicationFilterChain.java:153) ~[tomcat-embed-core-9.0.73.jar:9.0.73]
	at org.apache.catalina.core.StandardWrapperValve.invoke(StandardWrapperValve.java:167) ~[tomcat-embed-core-9.0.73.jar:9.0.73]
	at org.apache.catalina.core.StandardContextValve.invoke(StandardContextValve.java:90) ~[tomcat-embed-core-9.0.73.jar:9.0.73]
	at org.apache.catalina.authenticator.AuthenticatorBase.invoke(AuthenticatorBase.java:492) ~[tomcat-embed-core-9.0.73.jar:9.0.73]
	at org.apache.catalina.core.StandardHostValve.invoke(StandardHostValve.java:130) ~[tomcat-embed-core-9.0.73.jar:9.0.73]
	at org.apache.catalina.valves.ErrorReportValve.invoke(ErrorReportValve.java:93) ~[tomcat-embed-core-9.0.73.jar:9.0.73]
	at org.apache.catalina.core.StandardEngineValve.invoke(StandardEngineValve.java:74) ~[tomcat-embed-core-9.0.73.jar:9.0.73]
	at org.apache.catalina.valves.AbstractAccessLogValve.invoke(AbstractAccessLogValve.java:673) ~[tomcat-embed-core-9.0.73.jar:9.0.73]
	at org.apache.catalina.connector.CoyoteAdapter.service(CoyoteAdapter.java:343) ~[tomcat-embed-core-9.0.73.jar:9.0.73]
	at org.apache.coyote.http11.Http11Processor.service(Http11Processor.java:389) ~[tomcat-embed-core-9.0.73.jar:9.0.73]
	at org.apache.coyote.AbstractProcessorLight.process(AbstractProcessorLight.java:63) ~[tomcat-embed-core-9.0.73.jar:9.0.73]
	at org.apache.coyote.AbstractProtocol$ConnectionHandler.process(AbstractProtocol.java:926) ~[tomcat-embed-core-9.0.73.jar:9.0.73]
	at org.apache.tomcat.util.net.NioEndpoint$SocketProcessor.doRun(NioEndpoint.java:1791) ~[tomcat-embed-core-9.0.73.jar:9.0.73]
	at org.apache.tomcat.util.net.SocketProcessorBase.run(SocketProcessorBase.java:49) ~[tomcat-embed-core-9.0.73.jar:9.0.73]
	at org.apache.tomcat.util.threads.ThreadPoolExecutor.runWorker(ThreadPoolExecutor.java:1191) ~[tomcat-embed-core-9.0.73.jar:9.0.73]
	at org.apache.tomcat.util.threads.ThreadPoolExecutor$Worker.run(ThreadPoolExecutor.java:659) ~[tomcat-embed-core-9.0.73.jar:9.0.73]
	at org.apache.tomcat.util.threads.TaskThread$WrappingRunnable.run(TaskThread.java:61) ~[tomcat-embed-core-9.0.73.jar:9.0.73]
	at java.lang.Thread.run(Thread.java:829) ~[?:?]
Caused by: org.springframework.dao.QueryTimeoutException: 
### Error querying database.  Cause: java.sql.SQLTimeoutException: (conn=1926) Query execution was interrupted (max_statement_time exceeded)
### The error may exist in file [/Users/sclee1115/Project/Dev/poc_gui/01.gui_source/pocgui_backend/target/classes/mybatis/mysql/module/nw/config_sqlMap.xml]
### The error may involve com.mobigen.cdev.mapper.mysql.module.nw.config.getEnbList-Inline
### The error occurred while setting parameters
### SQL: select             A.*         , case                 when ifnull(LAG(A.branch_id, 1) over (partition by A.branch_id order by A.branch_id, opteam_id, part_id), 'F') = 'F' then 'Y'                 else 'N'             end branch_first         , case                 when ifnull(LEAD(A.branch_id, 1) over (partition by A.branch_id order by A.branch_id, opteam_id, part_id), 'L') = 'L' then 'Y'                 else 'N'             end branch_last         , case                 when ifnull(LAG(A.opteam_id, 1) over (partition by A.opteam_id order by A.branch_id, opteam_id, part_id), 'F') = 'F' then 'Y'                 else 'N'             end opteam_first         , case                 when ifnull(LEAD(A.opteam_id, 1) over (partition by A.opteam_id order by A.branch_id, opteam_id, part_id), 'L') = 'L' then 'Y'                 else 'N'             end opteam_last         , case                 when ifnull(LAG(A.part_id, 1) over (partition by A.part_id order by A.branch_id, opteam_id, part_id), 'F') = 'F' then 'Y'                 else 'N'             end part_first         , case                 when ifnull(LEAD(A.part_id, 1) over (partition by A.part_id order by A.branch_id, opteam_id, part_id), 'L') = 'L' then 'Y'                 else 'N'             end part_last         from         (                       select             A.branch_id         , B.branch_name         , A.opteam_id         , C.team_name opteam_name         , A.part_id         , D.part_name         , A.mtso_name         , E.mtso_id         , enb_id         , bts_name         ,   enb_id value         ,   concat(ifnull(bts_name, '-'), ' (', enb_id, ')') label         ,   case when ifnull(opteam_name, '-') = '-' then '미분류'                 else concat(opteam_name, ' (', opteam_id, ')')             end group_filter         ,   concat(ifnull(bts_name, '-'), ' (', enb_id, ')') description         from              CL_ENB  A             left outer join  CM_BRANCH  B             on A.branch_id = B.branch_id             left outer join  CM_TEAM  C             on A.opteam_id = C.team_id             left outer join  CM_PART  D             on A.part_id = D.part_id             left outer join  CB_MTSO  E             on A.mtso_name = E.mtso_name         where 1 = 1         and opr_status = 'ACT'               ) A         where 1 = 1         and branch_name is not null         and opteam_name is not null         and part_name is not null                     order by branch_id, opteam_id, part_id
### Cause: java.sql.SQLTimeoutException: (conn=1926) Query execution was interrupted (max_statement_time exceeded)
; (conn=1926) Query execution was interrupted (max_statement_time exceeded); nested exception is java.sql.SQLTimeoutException: (conn=1926) Query execution was interrupted (max_statement_time exceeded)
	at org.springframework.jdbc.support.SQLExceptionSubclassTranslator.doTranslate(SQLExceptionSubclassTranslator.java:76) ~[spring-jdbc-5.3.26.jar:5.3.26]
	at org.springframework.jdbc.support.AbstractFallbackSQLExceptionTranslator.translate(AbstractFallbackSQLExceptionTranslator.java:70) ~[spring-jdbc-5.3.26.jar:5.3.26]
	at org.springframework.jdbc.support.AbstractFallbackSQLExceptionTranslator.translate(AbstractFallbackSQLExceptionTranslator.java:79) ~[spring-jdbc-5.3.26.jar:5.3.26]
	at org.mybatis.spring.MyBatisExceptionTranslator.translateExceptionIfPossible(MyBatisExceptionTranslator.java:92) ~[mybatis-spring-3.0.0.jar:3.0.0]
	at org.mybatis.spring.SqlSessionTemplate$SqlSessionInterceptor.invoke(SqlSessionTemplate.java:439) ~[mybatis-spring-3.0.0.jar:3.0.0]
	at com.sun.proxy.$Proxy123.selectList(Unknown Source) ~[?:?]
	at org.mybatis.spring.SqlSessionTemplate.selectList(SqlSessionTemplate.java:224) ~[mybatis-spring-3.0.0.jar:3.0.0]
	at com.mobigen.cdev.poc.module.nw.repository.mybatis.NwConfigRepositoryImpl.getEnbList(NwConfigRepositoryImpl.java:30) ~[classes/:?]
	at com.mobigen.cdev.poc.module.nw.repository.mybatis.NwConfigRepositoryImpl$$FastClassBySpringCGLIB$$16341bbf.invoke(<generated>) ~[classes/:?]
	at org.springframework.cglib.proxy.MethodProxy.invoke(MethodProxy.java:218) ~[spring-core-5.3.26.jar:5.3.26]
	at org.springframework.aop.framework.CglibAopProxy$CglibMethodInvocation.invokeJoinpoint(CglibAopProxy.java:793) ~[spring-aop-5.3.26.jar:5.3.26]
	at org.springframework.aop.framework.ReflectiveMethodInvocation.proceed(ReflectiveMethodInvocation.java:163) ~[spring-aop-5.3.26.jar:5.3.26]
	at org.springframework.aop.framework.CglibAopProxy$CglibMethodInvocation.proceed(CglibAopProxy.java:763) ~[spring-aop-5.3.26.jar:5.3.26]
	at org.springframework.dao.support.PersistenceExceptionTranslationInterceptor.invoke(PersistenceExceptionTranslationInterceptor.java:137) ~[spring-tx-5.3.26.jar:5.3.26]
	at org.springframework.aop.framework.ReflectiveMethodInvocation.proceed(ReflectiveMethodInvocation.java:186) ~[spring-aop-5.3.26.jar:5.3.26]
	at org.springframework.aop.framework.CglibAopProxy$CglibMethodInvocation.proceed(CglibAopProxy.java:763) ~[spring-aop-5.3.26.jar:5.3.26]
	at org.springframework.aop.framework.CglibAopProxy$DynamicAdvisedInterceptor.intercept(CglibAopProxy.java:708) ~[spring-aop-5.3.26.jar:5.3.26]
	at com.mobigen.cdev.poc.module.nw.repository.mybatis.NwConfigRepositoryImpl$$EnhancerBySpringCGLIB$$3da1d70d.getEnbList(<generated>) ~[classes/:?]
	at com.mobigen.cdev.poc.module.nw.service.NwConfigServiceImpl.getEnbTreeList(NwConfigServiceImpl.java:129) ~[classes/:?]
	at com.mobigen.cdev.poc.module.nw.service.NwConfigServiceImpl$$FastClassBySpringCGLIB$$12378b9c.invoke(<generated>) ~[classes/:?]
	at org.springframework.cglib.proxy.MethodProxy.invoke(MethodProxy.java:218) ~[spring-core-5.3.26.jar:5.3.26]
	at org.springframework.aop.framework.CglibAopProxy$CglibMethodInvocation.invokeJoinpoint(CglibAopProxy.java:793) ~[spring-aop-5.3.26.jar:5.3.26]
	at org.springframework.aop.framework.ReflectiveMethodInvocation.proceed(ReflectiveMethodInvocation.java:163) ~[spring-aop-5.3.26.jar:5.3.26]
	at org.springframework.aop.framework.CglibAopProxy$CglibMethodInvocation.proceed(CglibAopProxy.java:763) ~[spring-aop-5.3.26.jar:5.3.26]
	at org.springframework.aop.aspectj.MethodInvocationProceedingJoinPoint.proceed(MethodInvocationProceedingJoinPoint.java:89) ~[spring-aop-5.3.26.jar:5.3.26]
	at com.mobigen.cdev.poc.core.util.aop.EnvStatusAspect.autoAddEnvStatusToParam(EnvStatusAspect.java:37) ~[classes/:?]
	at jdk.internal.reflect.NativeMethodAccessorImpl.invoke0(Native Method) ~[?:?]
	at jdk.internal.reflect.NativeMethodAccessorImpl.invoke(NativeMethodAccessorImpl.java:62) ~[?:?]
	at jdk.internal.reflect.DelegatingMethodAccessorImpl.invoke(DelegatingMethodAccessorImpl.java:43) ~[?:?]
	at java.lang.reflect.Method.invoke(Method.java:566) ~[?:?]
	at org.springframework.aop.aspectj.AbstractAspectJAdvice.invokeAdviceMethodWithGivenArgs(AbstractAspectJAdvice.java:634) ~[spring-aop-5.3.26.jar:5.3.26]
	at org.springframework.aop.aspectj.AbstractAspectJAdvice.invokeAdviceMethod(AbstractAspectJAdvice.java:624) ~[spring-aop-5.3.26.jar:5.3.26]
	at org.springframework.aop.aspectj.AspectJAroundAdvice.invoke(AspectJAroundAdvice.java:72) ~[spring-aop-5.3.26.jar:5.3.26]
	at org.springframework.aop.framework.ReflectiveMethodInvocation.proceed(ReflectiveMethodInvocation.java:175) ~[spring-aop-5.3.26.jar:5.3.26]
	at org.springframework.aop.framework.CglibAopProxy$CglibMethodInvocation.proceed(CglibAopProxy.java:763) ~[spring-aop-5.3.26.jar:5.3.26]
	at org.springframework.aop.interceptor.ExposeInvocationInterceptor.invoke(ExposeInvocationInterceptor.java:97) ~[spring-aop-5.3.26.jar:5.3.26]
	at org.springframework.aop.framework.ReflectiveMethodInvocation.proceed(ReflectiveMethodInvocation.java:186) ~[spring-aop-5.3.26.jar:5.3.26]
	at org.springframework.aop.framework.CglibAopProxy$CglibMethodInvocation.proceed(CglibAopProxy.java:763) ~[spring-aop-5.3.26.jar:5.3.26]
	at org.springframework.aop.framework.CglibAopProxy$DynamicAdvisedInterceptor.intercept(CglibAopProxy.java:708) ~[spring-aop-5.3.26.jar:5.3.26]
	at com.mobigen.cdev.poc.module.nw.service.NwConfigServiceImpl$$EnhancerBySpringCGLIB$$68deb174.getEnbTreeList(<generated>) ~[classes/:?]
	at com.mobigen.cdev.poc.module.nw.controller.NwConfigController.getEnbTreeList(NwConfigController.java:55) ~[classes/:?]
	at com.mobigen.cdev.poc.module.nw.controller.NwConfigController$$FastClassBySpringCGLIB$$1d261ac4.invoke(<generated>) ~[classes/:?]
	at org.springframework.cglib.proxy.MethodProxy.invoke(MethodProxy.java:218) ~[spring-core-5.3.26.jar:5.3.26]
	at org.springframework.aop.framework.CglibAopProxy$CglibMethodInvocation.invokeJoinpoint(CglibAopProxy.java:793) ~[spring-aop-5.3.26.jar:5.3.26]
	at org.springframework.aop.framework.ReflectiveMethodInvocation.proceed(ReflectiveMethodInvocation.java:163) ~[spring-aop-5.3.26.jar:5.3.26]
	at org.springframework.aop.framework.CglibAopProxy$CglibMethodInvocation.proceed(CglibAopProxy.java:763) ~[spring-aop-5.3.26.jar:5.3.26]
	at org.springframework.aop.aspectj.AspectJAfterThrowingAdvice.invoke(AspectJAfterThrowingAdvice.java:64) ~[spring-aop-5.3.26.jar:5.3.26]
	... 96 more
Caused by: java.sql.SQLTimeoutException: (conn=1926) Query execution was interrupted (max_statement_time exceeded)
	at org.mariadb.jdbc.export.ExceptionFactory.createException(ExceptionFactory.java:257) ~[mariadb-java-client-3.1.0.jar:?]
	at org.mariadb.jdbc.export.ExceptionFactory.create(ExceptionFactory.java:370) ~[mariadb-java-client-3.1.0.jar:?]
	at org.mariadb.jdbc.client.result.Result.readNext(Result.java:176) ~[mariadb-java-client-3.1.0.jar:?]
	at org.mariadb.jdbc.client.result.CompleteResult.<init>(CompleteResult.java:68) ~[mariadb-java-client-3.1.0.jar:?]
	at org.mariadb.jdbc.message.ClientMessage.readPacket(ClientMessage.java:263) ~[mariadb-java-client-3.1.0.jar:?]
	at org.mariadb.jdbc.client.impl.StandardClient.readPacket(StandardClient.java:855) ~[mariadb-java-client-3.1.0.jar:?]
	at org.mariadb.jdbc.client.impl.StandardClient.readResults(StandardClient.java:794) ~[mariadb-java-client-3.1.0.jar:?]
	at org.mariadb.jdbc.client.impl.StandardClient.readResponse(StandardClient.java:713) ~[mariadb-java-client-3.1.0.jar:?]
	at org.mariadb.jdbc.client.impl.StandardClient.execute(StandardClient.java:637) ~[mariadb-java-client-3.1.0.jar:?]
	at org.mariadb.jdbc.ClientPreparedStatement.executeInternal(ClientPreparedStatement.java:95) ~[mariadb-java-client-3.1.0.jar:?]
	at org.mariadb.jdbc.ClientPreparedStatement.execute(ClientPreparedStatement.java:268) ~[mariadb-java-client-3.1.0.jar:?]
	at net.sf.log4jdbc.sql.jdbcapi.PreparedStatementSpy.execute(PreparedStatementSpy.java:443) ~[log4jdbc-log4j2-jdbc4.1-1.16.jar:?]
	at com.zaxxer.hikari.pool.ProxyPreparedStatement.execute(ProxyPreparedStatement.java:44) ~[HikariCP-4.0.3.jar:?]
	at com.zaxxer.hikari.pool.HikariProxyPreparedStatement.execute(HikariProxyPreparedStatement.java) ~[HikariCP-4.0.3.jar:?]
	at org.apache.ibatis.executor.statement.PreparedStatementHandler.query(PreparedStatementHandler.java:64) ~[mybatis-3.5.11.jar:3.5.11]
	at org.apache.ibatis.executor.statement.RoutingStatementHandler.query(RoutingStatementHandler.java:79) ~[mybatis-3.5.11.jar:3.5.11]
	at org.apache.ibatis.executor.SimpleExecutor.doQuery(SimpleExecutor.java:63) ~[mybatis-3.5.11.jar:3.5.11]
	at org.apache.ibatis.executor.BaseExecutor.queryFromDatabase(BaseExecutor.java:325) ~[mybatis-3.5.11.jar:3.5.11]
	at org.apache.ibatis.executor.BaseExecutor.query(BaseExecutor.java:156) ~[mybatis-3.5.11.jar:3.5.11]
	at org.apache.ibatis.executor.CachingExecutor.query(CachingExecutor.java:109) ~[mybatis-3.5.11.jar:3.5.11]
	at org.apache.ibatis.executor.CachingExecutor.query(CachingExecutor.java:89) ~[mybatis-3.5.11.jar:3.5.11]
	at org.apache.ibatis.session.defaults.DefaultSqlSession.selectList(DefaultSqlSession.java:151) ~[mybatis-3.5.11.jar:3.5.11]
	at org.apache.ibatis.session.defaults.DefaultSqlSession.selectList(DefaultSqlSession.java:145) ~[mybatis-3.5.11.jar:3.5.11]
	at org.apache.ibatis.session.defaults.DefaultSqlSession.selectList(DefaultSqlSession.java:140) ~[mybatis-3.5.11.jar:3.5.11]
	at jdk.internal.reflect.NativeMethodAccessorImpl.invoke0(Native Method) ~[?:?]
	at jdk.internal.reflect.NativeMethodAccessorImpl.invoke(NativeMethodAccessorImpl.java:62) ~[?:?]
	at jdk.internal.reflect.DelegatingMethodAccessorImpl.invoke(DelegatingMethodAccessorImpl.java:43) ~[?:?]
	at java.lang.reflect.Method.invoke(Method.java:566) ~[?:?]
	at org.mybatis.spring.SqlSessionTemplate$SqlSessionInterceptor.invoke(SqlSessionTemplate.java:425) ~[mybatis-spring-3.0.0.jar:3.0.0]
	at com.sun.proxy.$Proxy123.selectList(Unknown Source) ~[?:?]
	at org.mybatis.spring.SqlSessionTemplate.selectList(SqlSessionTemplate.java:224) ~[mybatis-spring-3.0.0.jar:3.0.0]
	at com.mobigen.cdev.poc.module.nw.repository.mybatis.NwConfigRepositoryImpl.getEnbList(NwConfigRepositoryImpl.java:30) ~[classes/:?]
	at com.mobigen.cdev.poc.module.nw.repository.mybatis.NwConfigRepositoryImpl$$FastClassBySpringCGLIB$$16341bbf.invoke(<generated>) ~[classes/:?]
	at org.springframework.cglib.proxy.MethodProxy.invoke(MethodProxy.java:218) ~[spring-core-5.3.26.jar:5.3.26]
	at org.springframework.aop.framework.CglibAopProxy$CglibMethodInvocation.invokeJoinpoint(CglibAopProxy.java:793) ~[spring-aop-5.3.26.jar:5.3.26]
	at org.springframework.aop.framework.ReflectiveMethodInvocation.proceed(ReflectiveMethodInvocation.java:163) ~[spring-aop-5.3.26.jar:5.3.26]
	at org.springframework.aop.framework.CglibAopProxy$CglibMethodInvocation.proceed(CglibAopProxy.java:763) ~[spring-aop-5.3.26.jar:5.3.26]
	at org.springframework.dao.support.PersistenceExceptionTranslationInterceptor.invoke(PersistenceExceptionTranslationInterceptor.java:137) ~[spring-tx-5.3.26.jar:5.3.26]
	at org.springframework.aop.framework.ReflectiveMethodInvocation.proceed(ReflectiveMethodInvocation.java:186) ~[spring-aop-5.3.26.jar:5.3.26]
	at org.springframework.aop.framework.CglibAopProxy$CglibMethodInvocation.proceed(CglibAopProxy.java:763) ~[spring-aop-5.3.26.jar:5.3.26]
	at org.springframework.aop.framework.CglibAopProxy$DynamicAdvisedInterceptor.intercept(CglibAopProxy.java:708) ~[spring-aop-5.3.26.jar:5.3.26]
	at com.mobigen.cdev.poc.module.nw.repository.mybatis.NwConfigRepositoryImpl$$EnhancerBySpringCGLIB$$3da1d70d.getEnbList(<generated>) ~[classes/:?]
	at com.mobigen.cdev.poc.module.nw.service.NwConfigServiceImpl.getEnbTreeList(NwConfigServiceImpl.java:129) ~[classes/:?]
	at com.mobigen.cdev.poc.module.nw.service.NwConfigServiceImpl$$FastClassBySpringCGLIB$$12378b9c.invoke(<generated>) ~[classes/:?]
	at org.springframework.cglib.proxy.MethodProxy.invoke(MethodProxy.java:218) ~[spring-core-5.3.26.jar:5.3.26]
	at org.springframework.aop.framework.CglibAopProxy$CglibMethodInvocation.invokeJoinpoint(CglibAopProxy.java:793) ~[spring-aop-5.3.26.jar:5.3.26]
	at org.springframework.aop.framework.ReflectiveMethodInvocation.proceed(ReflectiveMethodInvocation.java:163) ~[spring-aop-5.3.26.jar:5.3.26]
	at org.springframework.aop.framework.CglibAopProxy$CglibMethodInvocation.proceed(CglibAopProxy.java:763) ~[spring-aop-5.3.26.jar:5.3.26]
	at org.springframework.aop.aspectj.MethodInvocationProceedingJoinPoint.proceed(MethodInvocationProceedingJoinPoint.java:89) ~[spring-aop-5.3.26.jar:5.3.26]
	at com.mobigen.cdev.poc.core.util.aop.EnvStatusAspect.autoAddEnvStatusToParam(EnvStatusAspect.java:37) ~[classes/:?]
	at jdk.internal.reflect.NativeMethodAccessorImpl.invoke0(Native Method) ~[?:?]
	at jdk.internal.reflect.NativeMethodAccessorImpl.invoke(NativeMethodAccessorImpl.java:62) ~[?:?]
	at jdk.internal.reflect.DelegatingMethodAccessorImpl.invoke(DelegatingMethodAccessorImpl.java:43) ~[?:?]
	at java.lang.reflect.Method.invoke(Method.java:566) ~[?:?]
	at org.springframework.aop.aspectj.AbstractAspectJAdvice.invokeAdviceMethodWithGivenArgs(AbstractAspectJAdvice.java:634) ~[spring-aop-5.3.26.jar:5.3.26]
	at org.springframework.aop.aspectj.AbstractAspectJAdvice.invokeAdviceMethod(AbstractAspectJAdvice.java:624) ~[spring-aop-5.3.26.jar:5.3.26]
	at org.springframework.aop.aspectj.AspectJAroundAdvice.invoke(AspectJAroundAdvice.java:72) ~[spring-aop-5.3.26.jar:5.3.26]
	at org.springframework.aop.framework.ReflectiveMethodInvocation.proceed(ReflectiveMethodInvocation.java:175) ~[spring-aop-5.3.26.jar:5.3.26]
	at org.springframework.aop.framework.CglibAopProxy$CglibMethodInvocation.proceed(CglibAopProxy.java:763) ~[spring-aop-5.3.26.jar:5.3.26]
	at org.springframework.aop.interceptor.ExposeInvocationInterceptor.invoke(ExposeInvocationInterceptor.java:97) ~[spring-aop-5.3.26.jar:5.3.26]
	at org.springframework.aop.framework.ReflectiveMethodInvocation.proceed(ReflectiveMethodInvocation.java:186) ~[spring-aop-5.3.26.jar:5.3.26]
	at org.springframework.aop.framework.CglibAopProxy$CglibMethodInvocation.proceed(CglibAopProxy.java:763) ~[spring-aop-5.3.26.jar:5.3.26]
	at org.springframework.aop.framework.CglibAopProxy$DynamicAdvisedInterceptor.intercept(CglibAopProxy.java:708) ~[spring-aop-5.3.26.jar:5.3.26]
	at com.mobigen.cdev.poc.module.nw.service.NwConfigServiceImpl$$EnhancerBySpringCGLIB$$68deb174.getEnbTreeList(<generated>) ~[classes/:?]
	at com.mobigen.cdev.poc.module.nw.controller.NwConfigController.getEnbTreeList(NwConfigController.java:55) ~[classes/:?]
	at com.mobigen.cdev.poc.module.nw.controller.NwConfigController$$FastClassBySpringCGLIB$$1d261ac4.invoke(<generated>) ~[classes/:?]
	at org.springframework.cglib.proxy.MethodProxy.invoke(MethodProxy.java:218) ~[spring-core-5.3.26.jar:5.3.26]
	at org.springframework.aop.framework.CglibAopProxy$CglibMethodInvocation.invokeJoinpoint(CglibAopProxy.java:793) ~[spring-aop-5.3.26.jar:5.3.26]
	at org.springframework.aop.framework.ReflectiveMethodInvocation.proceed(ReflectiveMethodInvocation.java:163) ~[spring-aop-5.3.26.jar:5.3.26]
	at org.springframework.aop.framework.CglibAopProxy$CglibMethodInvocation.proceed(CglibAopProxy.java:763) ~[spring-aop-5.3.26.jar:5.3.26]
	at org.springframework.aop.aspectj.AspectJAfterThrowingAdvice.invoke(AspectJAfterThrowingAdvice.java:64) ~[spring-aop-5.3.26.jar:5.3.26]
	... 96 more
