[36m2024-04-30 10:32:51.220[m [32m[INFO ][m [org.springframework.boot.StartupInfoLogger] [33m[main][m- Starting PocApplication using Java 11.0.18 on isangchan-ui-MacBookPro.local with PID 3506 (/Users/sclee1115/Project/Dev/poc_gui/01.gui_source/pocgui_backend/target/classes started by sclee1115 in /Users/sclee1115/Project/Dev/poc_gui/01.gui_source/pocgui_backend)
[36m2024-04-30 10:32:51.228[m [34m[DEBUG][m [org.springframework.boot.StartupInfoLogger] [33m[main][m- Running with Spring Boot v2.7.10, Spring v5.3.26
[36m2024-04-30 10:32:51.228[m [32m[INFO ][m [org.springframework.boot.SpringApplication] [33m[main][m- The following 7 profiles are active: "db", "config", "log", "local", "db-local", "config-local", "log-local"
[36m2024-04-30 10:32:51.520[m [32m[INFO ][m [org.springframework.data.repository.config.RepositoryConfigurationDelegate] [33m[main][m- Bootstrapping Spring Data JPA repositories in DEFAULT mode.
[36m2024-04-30 10:32:51.557[m [32m[INFO ][m [org.springframework.data.repository.config.RepositoryConfigurationDelegate] [33m[main][m- Finished Spring Data repository scanning in 32 ms. Found 1 JPA repository interfaces.
[36m2024-04-30 10:32:51.709[m [33m[WARN ][m [org.mybatis.logging.Logger] [33m[main][m- No MyBatis mapper was found in '[com.mobigen.cdev.poc]' package. Please check your configuration.
[36m2024-04-30 10:32:52.136[m [32m[INFO ][m [org.springframework.boot.web.embedded.tomcat.TomcatWebServer] [33m[main][m- Tomcat initialized with port(s): 9091 (http)
[36m2024-04-30 10:32:52.144[m [32m[INFO ][m [org.apache.juli.logging.DirectJDKLog] [33m[main][m- Initializing ProtocolHandler ["http-nio-9091"]
[36m2024-04-30 10:32:52.145[m [32m[INFO ][m [org.apache.juli.logging.DirectJDKLog] [33m[main][m- Starting service [Tomcat]
[36m2024-04-30 10:32:52.145[m [32m[INFO ][m [org.apache.juli.logging.DirectJDKLog] [33m[main][m- Starting Servlet engine: [Apache Tomcat/9.0.73]
[36m2024-04-30 10:32:52.229[m [32m[INFO ][m [org.apache.juli.logging.DirectJDKLog] [33m[main][m- Initializing Spring embedded WebApplicationContext
[36m2024-04-30 10:32:52.229[m [32m[INFO ][m [org.springframework.boot.web.servlet.context.ServletWebServerApplicationContext] [33m[main][m- Root WebApplicationContext: initialization completed in 979 ms
[36m2024-04-30 10:32:52.357[m [32m[INFO ][m [org.hibernate.jpa.internal.util.LogHelper] [33m[main][m- HHH000204: Processing PersistenceUnitInfo [name: default]
[36m2024-04-30 10:32:52.394[m [32m[INFO ][m [org.hibernate.Version] [33m[main][m- HHH000412: Hibernate ORM core version 5.6.15.Final
[36m2024-04-30 10:32:52.498[m [32m[INFO ][m [org.hibernate.annotations.common.reflection.java.JavaReflectionManager] [33m[main][m- HCANN000001: Hibernate Commons Annotations {5.1.2.Final}
[36m2024-04-30 10:32:52.605[m [32m[INFO ][m [com.zaxxer.hikari.HikariDataSource] [33m[main][m- HikariPool-1 - Starting...
[36m2024-04-30 10:32:52.854[m [32m[INFO ][m [com.zaxxer.hikari.HikariDataSource] [33m[main][m- HikariPool-1 - Start completed.
[36m2024-04-30 10:32:52.876[m [32m[INFO ][m [org.hibernate.dialect.Dialect] [33m[main][m- HHH000400: Using dialect: org.hibernate.dialect.MariaDB106Dialect
[36m2024-04-30 10:32:53.386[m [32m[INFO ][m [org.hibernate.engine.transaction.jta.platform.internal.JtaPlatformInitiator] [33m[main][m- HHH000490: Using JtaPlatform implementation: [org.hibernate.engine.transaction.jta.platform.internal.NoJtaPlatform]
[36m2024-04-30 10:32:53.394[m [32m[INFO ][m [org.springframework.orm.jpa.AbstractEntityManagerFactoryBean] [33m[main][m- Initialized JPA EntityManagerFactory for persistence unit 'default'
[36m2024-04-30 10:32:54.013[m [32m[INFO ][m [org.springframework.security.web.DefaultSecurityFilterChain] [33m[main][m- Will secure any request with [org.springframework.security.web.session.DisableEncodeUrlFilter@3a7f382, org.springframework.security.web.context.request.async.WebAsyncManagerIntegrationFilter@5a2297d7, org.springframework.security.web.context.SecurityContextPersistenceFilter@1f4fa465, org.springframework.security.web.header.HeaderWriterFilter@88fc9cb, org.springframework.security.web.authentication.logout.LogoutFilter@7a25f8ee, org.springframework.security.web.savedrequest.RequestCacheAwareFilter@6b888692, org.springframework.security.web.servletapi.SecurityContextHolderAwareRequestFilter@6414eb98, org.springframework.security.web.authentication.AnonymousAuthenticationFilter@52e34db, org.springframework.security.web.session.SessionManagementFilter@793248d, org.springframework.security.web.access.ExceptionTranslationFilter@202ba60a, org.springframework.security.web.access.intercept.FilterSecurityInterceptor@108d59b6]
[36m2024-04-30 10:32:54.053[m [33m[WARN ][m [org.springframework.boot.autoconfigure.orm.jpa.JpaBaseConfiguration$JpaWebConfiguration] [33m[main][m- spring.jpa.open-in-view is enabled by default. Therefore, database queries may be performed during view rendering. Explicitly configure spring.jpa.open-in-view to disable this warning
[36m2024-04-30 10:32:54.330[m [32m[INFO ][m [org.apache.juli.logging.DirectJDKLog] [33m[main][m- Starting ProtocolHandler ["http-nio-9091"]
[36m2024-04-30 10:32:54.353[m [32m[INFO ][m [org.springframework.boot.web.embedded.tomcat.TomcatWebServer] [33m[main][m- Tomcat started on port(s): 9091 (http) with context path '/poc_service'
[36m2024-04-30 10:32:54.362[m [32m[INFO ][m [org.springframework.boot.StartupInfoLogger] [33m[main][m- Started PocApplication in 3.599 seconds (JVM running for 4.292)
[36m2024-04-30 12:23:59.951[m [33m[WARN ][m [com.zaxxer.hikari.pool.HikariPool$HouseKeeper] [33m[HikariPool-1 housekeeper][m- HikariPool-1 - Thread starvation or clock leap detected (housekeeper delta=6m36s102ms).
[36m2024-04-30 12:33:18.239[m [33m[WARN ][m [com.zaxxer.hikari.pool.HikariPool$HouseKeeper] [33m[HikariPool-1 housekeeper][m- HikariPool-1 - Thread starvation or clock leap detected (housekeeper delta=8m48s162ms).
[36m2024-04-30 12:42:32.198[m [33m[WARN ][m [com.zaxxer.hikari.pool.HikariPool$HouseKeeper] [33m[HikariPool-1 housekeeper][m- HikariPool-1 - Thread starvation or clock leap detected (housekeeper delta=6m13s932ms).
[36m2024-04-30 12:52:04.369[m [33m[WARN ][m [com.zaxxer.hikari.pool.HikariPool$HouseKeeper] [33m[HikariPool-1 housekeeper][m- HikariPool-1 - Thread starvation or clock leap detected (housekeeper delta=8m32s175ms).
[36m2024-04-30 13:00:52.957[m [33m[WARN ][m [com.zaxxer.hikari.pool.HikariPool$HouseKeeper] [33m[HikariPool-1 housekeeper][m- HikariPool-1 - Thread starvation or clock leap detected (housekeeper delta=8m48s588ms).
[36m2024-04-30 13:04:20.246[m [33m[WARN ][m [com.zaxxer.hikari.pool.HikariPool$HouseKeeper] [33m[HikariPool-1 housekeeper][m- HikariPool-1 - Thread starvation or clock leap detected (housekeeper delta=2m27s271ms).
[36m2024-04-30 13:55:39.996[m [33m[WARN ][m [com.zaxxer.hikari.pool.HikariPool$HouseKeeper] [33m[HikariPool-1 housekeeper][m- HikariPool-1 - Thread starvation or clock leap detected (housekeeper delta=5m19s344ms).
[36m2024-04-30 14:04:28.104[m [33m[WARN ][m [com.zaxxer.hikari.pool.HikariPool$HouseKeeper] [33m[HikariPool-1 housekeeper][m- HikariPool-1 - Thread starvation or clock leap detected (housekeeper delta=8m48s109ms).
[36m2024-04-30 14:13:46.800[m [33m[WARN ][m [com.zaxxer.hikari.pool.HikariPool$HouseKeeper] [33m[HikariPool-1 housekeeper][m- HikariPool-1 - Thread starvation or clock leap detected (housekeeper delta=8m48s679ms).
[36m2024-04-30 14:22:35.154[m [33m[WARN ][m [com.zaxxer.hikari.pool.HikariPool$HouseKeeper] [33m[HikariPool-1 housekeeper][m- HikariPool-1 - Thread starvation or clock leap detected (housekeeper delta=8m48s354ms).
[36m2024-04-30 14:31:53.881[m [33m[WARN ][m [com.zaxxer.hikari.pool.HikariPool$HouseKeeper] [33m[HikariPool-1 housekeeper][m- HikariPool-1 - Thread starvation or clock leap detected (housekeeper delta=8m48s717ms).
[36m2024-04-30 14:41:12.206[m [33m[WARN ][m [com.zaxxer.hikari.pool.HikariPool$HouseKeeper] [33m[HikariPool-1 housekeeper][m- HikariPool-1 - Thread starvation or clock leap detected (housekeeper delta=8m48s320ms).
[36m2024-04-30 14:50:16.789[m [33m[WARN ][m [com.zaxxer.hikari.pool.HikariPool$HouseKeeper] [33m[HikariPool-1 housekeeper][m- HikariPool-1 - Thread starvation or clock leap detected (housekeeper delta=8m34s572ms).
[36m2024-04-30 18:52:44.854[m [32m[INFO ][m [org.springframework.orm.jpa.AbstractEntityManagerFactoryBean] [33m[SpringApplicationShutdownHook][m- Closing JPA EntityManagerFactory for persistence unit 'default'
[36m2024-04-30 18:52:44.855[m [32m[INFO ][m [com.zaxxer.hikari.HikariDataSource] [33m[SpringApplicationShutdownHook][m- HikariPool-1 - Shutdown initiated...
[36m2024-04-30 18:52:44.897[m [32m[INFO ][m [com.zaxxer.hikari.HikariDataSource] [33m[SpringApplicationShutdownHook][m- HikariPool-1 - Shutdown completed.
