[36m2024-04-27 11:16:48.826[m [32m[INFO ][m [org.springframework.boot.StartupInfoLogger] [33m[main][m- Starting PocApplication using Java 11.0.18 on isangchcBookPro with PID 1183 (/Users/sclee1115/Project/Dev/poc/01.gui_source/pocgui_backend/target/classes started by sclee1115 in /Users/sclee1115/Project/Dev/poc/01.gui_source/pocgui_backend)
[36m2024-04-27 11:16:48.834[m [34m[DEBUG][m [org.springframework.boot.StartupInfoLogger] [33m[main][m- Running with Spring Boot v2.7.10, Spring v5.3.26
[36m2024-04-27 11:16:48.835[m [32m[INFO ][m [org.springframework.boot.SpringApplication] [33m[main][m- The following 7 profiles are active: "db", "config", "log", "local", "db-local", "config-local", "log-local"
[36m2024-04-27 11:16:49.235[m [32m[INFO ][m [org.springframework.data.repository.config.RepositoryConfigurationDelegate] [33m[main][m- Bootstrapping Spring Data JPA repositories in DEFAULT mode.
[36m2024-04-27 11:16:49.277[m [32m[INFO ][m [org.springframework.data.repository.config.RepositoryConfigurationDelegate] [33m[main][m- Finished Spring Data repository scanning in 36 ms. Found 1 JPA repository interfaces.
[36m2024-04-27 11:16:49.478[m [33m[WARN ][m [org.mybatis.logging.Logger] [33m[main][m- No MyBatis mapper was found in '[com.mobigen.cdev.poc]' package. Please check your configuration.
[36m2024-04-27 11:16:49.947[m [32m[INFO ][m [org.springframework.boot.web.embedded.tomcat.TomcatWebServer] [33m[main][m- Tomcat initialized with port(s): 9091 (http)
[36m2024-04-27 11:16:49.952[m [32m[INFO ][m [org.apache.juli.logging.DirectJDKLog] [33m[main][m- Initializing ProtocolHandler ["http-nio-9091"]
[36m2024-04-27 11:16:49.953[m [32m[INFO ][m [org.apache.juli.logging.DirectJDKLog] [33m[main][m- Starting service [Tomcat]
[36m2024-04-27 11:16:49.953[m [32m[INFO ][m [org.apache.juli.logging.DirectJDKLog] [33m[main][m- Starting Servlet engine: [Apache Tomcat/9.0.73]
[36m2024-04-27 11:16:50.018[m [32m[INFO ][m [org.apache.juli.logging.DirectJDKLog] [33m[main][m- Initializing Spring embedded WebApplicationContext
[36m2024-04-27 11:16:50.018[m [32m[INFO ][m [org.springframework.boot.web.servlet.context.ServletWebServerApplicationContext] [33m[main][m- Root WebApplicationContext: initialization completed in 1154 ms
[36m2024-04-27 11:16:50.128[m [32m[INFO ][m [org.hibernate.jpa.internal.util.LogHelper] [33m[main][m- HHH000204: Processing PersistenceUnitInfo [name: default]
[36m2024-04-27 11:16:50.177[m [32m[INFO ][m [org.hibernate.Version] [33m[main][m- HHH000412: Hibernate ORM core version 5.6.15.Final
[36m2024-04-27 11:16:50.287[m [32m[INFO ][m [org.hibernate.annotations.common.reflection.java.JavaReflectionManager] [33m[main][m- HCANN000001: Hibernate Commons Annotations {5.1.2.Final}
[36m2024-04-27 11:16:50.397[m [32m[INFO ][m [com.zaxxer.hikari.HikariDataSource] [33m[main][m- HikariPool-1 - Starting...
[36m2024-04-27 11:16:50.736[m [32m[INFO ][m [com.zaxxer.hikari.HikariDataSource] [33m[main][m- HikariPool-1 - Start completed.
[36m2024-04-27 11:16:50.759[m [32m[INFO ][m [org.hibernate.dialect.Dialect] [33m[main][m- HHH000400: Using dialect: org.hibernate.dialect.MariaDB106Dialect
[36m2024-04-27 11:16:51.134[m [32m[INFO ][m [org.hibernate.engine.transaction.jta.platform.internal.JtaPlatformInitiator] [33m[main][m- HHH000490: Using JtaPlatform implementation: [org.hibernate.engine.transaction.jta.platform.internal.NoJtaPlatform]
[36m2024-04-27 11:16:51.144[m [32m[INFO ][m [org.springframework.orm.jpa.AbstractEntityManagerFactoryBean] [33m[main][m- Initialized JPA EntityManagerFactory for persistence unit 'default'
[36m2024-04-27 11:16:51.816[m [32m[INFO ][m [org.springframework.security.web.DefaultSecurityFilterChain] [33m[main][m- Will secure any request with [org.springframework.security.web.session.DisableEncodeUrlFilter@52e34db, org.springframework.security.web.context.request.async.WebAsyncManagerIntegrationFilter@39d37da8, org.springframework.security.web.context.SecurityContextPersistenceFilter@6b888692, org.springframework.security.web.header.HeaderWriterFilter@39a1c200, org.springframework.security.web.authentication.logout.LogoutFilter@673e1cf2, org.springframework.security.web.savedrequest.RequestCacheAwareFilter@61a17f3, org.springframework.security.web.servletapi.SecurityContextHolderAwareRequestFilter@352d3749, org.springframework.security.web.authentication.AnonymousAuthenticationFilter@554a2f3, org.springframework.security.web.session.SessionManagementFilter@768f2398, org.springframework.security.web.access.ExceptionTranslationFilter@30dd23e2, org.springframework.security.web.access.intercept.FilterSecurityInterceptor@a4388f1]
[36m2024-04-27 11:16:51.863[m [33m[WARN ][m [org.springframework.boot.autoconfigure.orm.jpa.JpaBaseConfiguration$JpaWebConfiguration] [33m[main][m- spring.jpa.open-in-view is enabled by default. Therefore, database queries may be performed during view rendering. Explicitly configure spring.jpa.open-in-view to disable this warning
[36m2024-04-27 11:16:52.197[m [32m[INFO ][m [org.apache.juli.logging.DirectJDKLog] [33m[main][m- Starting ProtocolHandler ["http-nio-9091"]
[36m2024-04-27 11:16:52.226[m [32m[INFO ][m [org.springframework.boot.web.embedded.tomcat.TomcatWebServer] [33m[main][m- Tomcat started on port(s): 9091 (http) with context path '/poc_service'
[36m2024-04-27 11:16:52.235[m [32m[INFO ][m [org.springframework.boot.StartupInfoLogger] [33m[main][m- Started PocApplication in 3.866 seconds (JVM running for 4.646)
[36m2024-04-27 12:09:16.212[m [32m[INFO ][m [org.springframework.orm.jpa.AbstractEntityManagerFactoryBean] [33m[SpringApplicationShutdownHook][m- Closing JPA EntityManagerFactory for persistence unit 'default'
[36m2024-04-27 12:09:16.214[m [32m[INFO ][m [com.zaxxer.hikari.HikariDataSource] [33m[SpringApplicationShutdownHook][m- HikariPool-1 - Shutdown initiated...
[36m2024-04-27 12:09:16.256[m [32m[INFO ][m [com.zaxxer.hikari.HikariDataSource] [33m[SpringApplicationShutdownHook][m- HikariPool-1 - Shutdown completed.
