[36m2024-05-25 11:28:00.335[m [32m[INFO ][m [org.springframework.boot.StartupInfoLogger] [33m[main][m- Starting PocApplication using Java 11.0.18 on isangchan-ui-MacBookPro.local with PID 1303 (/Users/sclee1115/Project/Dev/poc_gui/01.gui_source/pocgui_backend/target/classes started by sclee1115 in /Users/sclee1115/Project/Dev/poc_gui/01.gui_source/pocgui_backend)
[36m2024-05-25 11:28:00.342[m [34m[DEBUG][m [org.springframework.boot.StartupInfoLogger] [33m[main][m- Running with Spring Boot v2.7.10, Spring v5.3.26
[36m2024-05-25 11:28:00.343[m [32m[INFO ][m [org.springframework.boot.SpringApplication] [33m[main][m- The following 7 profiles are active: "db", "config", "log", "local", "db-local", "config-local", "log-local"
[36m2024-05-25 11:28:00.732[m [32m[INFO ][m [org.springframework.data.repository.config.RepositoryConfigurationDelegate] [33m[main][m- Bootstrapping Spring Data JPA repositories in DEFAULT mode.
[36m2024-05-25 11:28:00.770[m [32m[INFO ][m [org.springframework.data.repository.config.RepositoryConfigurationDelegate] [33m[main][m- Finished Spring Data repository scanning in 33 ms. Found 1 JPA repository interfaces.
[36m2024-05-25 11:28:00.959[m [33m[WARN ][m [org.mybatis.logging.Logger] [33m[main][m- No MyBatis mapper was found in '[com.mobigen.cdev.poc]' package. Please check your configuration.
[36m2024-05-25 11:28:01.525[m [32m[INFO ][m [org.springframework.boot.web.embedded.tomcat.TomcatWebServer] [33m[main][m- Tomcat initialized with port(s): 9091 (http)
[36m2024-05-25 11:28:01.532[m [32m[INFO ][m [org.apache.juli.logging.DirectJDKLog] [33m[main][m- Initializing ProtocolHandler ["http-nio-9091"]
[36m2024-05-25 11:28:01.533[m [32m[INFO ][m [org.apache.juli.logging.DirectJDKLog] [33m[main][m- Starting service [Tomcat]
[36m2024-05-25 11:28:01.533[m [32m[INFO ][m [org.apache.juli.logging.DirectJDKLog] [33m[main][m- Starting Servlet engine: [Apache Tomcat/9.0.73]
[36m2024-05-25 11:28:01.621[m [32m[INFO ][m [org.apache.juli.logging.DirectJDKLog] [33m[main][m- Initializing Spring embedded WebApplicationContext
[36m2024-05-25 11:28:01.621[m [32m[INFO ][m [org.springframework.boot.web.servlet.context.ServletWebServerApplicationContext] [33m[main][m- Root WebApplicationContext: initialization completed in 1245 ms
[36m2024-05-25 11:28:01.768[m [32m[INFO ][m [org.hibernate.jpa.internal.util.LogHelper] [33m[main][m- HHH000204: Processing PersistenceUnitInfo [name: default]
[36m2024-05-25 11:28:01.823[m [32m[INFO ][m [org.hibernate.Version] [33m[main][m- HHH000412: Hibernate ORM core version 5.6.15.Final
[36m2024-05-25 11:28:01.953[m [32m[INFO ][m [org.hibernate.annotations.common.reflection.java.JavaReflectionManager] [33m[main][m- HCANN000001: Hibernate Commons Annotations {5.1.2.Final}
[36m2024-05-25 11:28:02.078[m [32m[INFO ][m [com.zaxxer.hikari.HikariDataSource] [33m[main][m- HikariPool-1 - Starting...
[36m2024-05-25 11:28:02.365[m [32m[INFO ][m [com.zaxxer.hikari.HikariDataSource] [33m[main][m- HikariPool-1 - Start completed.
[36m2024-05-25 11:28:02.392[m [32m[INFO ][m [org.hibernate.dialect.Dialect] [33m[main][m- HHH000400: Using dialect: org.hibernate.dialect.MariaDB106Dialect
[36m2024-05-25 11:28:02.700[m [32m[INFO ][m [org.hibernate.engine.transaction.jta.platform.internal.JtaPlatformInitiator] [33m[main][m- HHH000490: Using JtaPlatform implementation: [org.hibernate.engine.transaction.jta.platform.internal.NoJtaPlatform]
[36m2024-05-25 11:28:02.706[m [32m[INFO ][m [org.springframework.orm.jpa.AbstractEntityManagerFactoryBean] [33m[main][m- Initialized JPA EntityManagerFactory for persistence unit 'default'
[36m2024-05-25 11:28:03.337[m [32m[INFO ][m [org.springframework.security.web.DefaultSecurityFilterChain] [33m[main][m- Will secure any request with [org.springframework.security.web.session.DisableEncodeUrlFilter@4e77f29e, org.springframework.security.web.context.request.async.WebAsyncManagerIntegrationFilter@1a598e30, org.springframework.security.web.context.SecurityContextPersistenceFilter@3687b83c, org.springframework.security.web.header.HeaderWriterFilter@78a0d664, org.springframework.security.web.authentication.logout.LogoutFilter@48b744fd, org.springframework.security.web.savedrequest.RequestCacheAwareFilter@3a5c6009, org.springframework.security.web.servletapi.SecurityContextHolderAwareRequestFilter@2c4e63b3, org.springframework.security.web.authentication.AnonymousAuthenticationFilter@6768dc74, org.springframework.security.web.session.SessionManagementFilter@108d59b6, org.springframework.security.web.access.ExceptionTranslationFilter@5cdf61d, org.springframework.security.web.access.intercept.FilterSecurityInterceptor@32d3b965]
[36m2024-05-25 11:28:03.384[m [33m[WARN ][m [org.springframework.boot.autoconfigure.orm.jpa.JpaBaseConfiguration$JpaWebConfiguration] [33m[main][m- spring.jpa.open-in-view is enabled by default. Therefore, database queries may be performed during view rendering. Explicitly configure spring.jpa.open-in-view to disable this warning
[36m2024-05-25 11:28:03.690[m [32m[INFO ][m [org.apache.juli.logging.DirectJDKLog] [33m[main][m- Starting ProtocolHandler ["http-nio-9091"]
[36m2024-05-25 11:28:03.728[m [32m[INFO ][m [org.springframework.boot.web.embedded.tomcat.TomcatWebServer] [33m[main][m- Tomcat started on port(s): 9091 (http) with context path '/poc_service'
[36m2024-05-25 11:28:03.739[m [32m[INFO ][m [org.springframework.boot.StartupInfoLogger] [33m[main][m- Started PocApplication in 3.834 seconds (JVM running for 4.488)
[36m2024-05-25 11:30:58.395[m [32m[INFO ][m [org.apache.juli.logging.DirectJDKLog] [33m[http-nio-9091-exec-1][m- Initializing Spring DispatcherServlet 'dispatcherServlet'
[36m2024-05-25 11:30:58.396[m [32m[INFO ][m [org.springframework.web.servlet.FrameworkServlet] [33m[http-nio-9091-exec-1][m- Initializing Servlet 'dispatcherServlet'
[36m2024-05-25 11:30:58.398[m [32m[INFO ][m [org.springframework.web.servlet.FrameworkServlet] [33m[http-nio-9091-exec-1][m- Completed initialization in 2 ms
[36m2024-05-25 11:30:58.649[m [32m[INFO ][m [net.sf.log4jdbc.log.slf4j.Slf4jSpyLogDelegator] [33m[http-nio-9091-exec-2][m- SELECT
			USER_ID
		,	USER_NAME
		,	USER_PASS PASSWORD
		,	PHONE
		,	EMAIL
		,	INSA_TEAM_ID
		,	INSA_TEAM_NAME
		,	LAST_LOGIN_TIME
		,	UPDATE_TIME
		,	UPDATE_USER
		FROM
			 cm_user 
		WHERE 1 = 1
		AND USE_YN = 'Y'

				AND USER_ID = 'ADMIN'

		 AND USER_PASS = '71a31cd5c6cb81eb70776c2ce80ce8719ddeebc0fa0903ce3bc8bd568ddcda05ec47b176322842750fbafe029722a47b62983e4a03013f6f03faa58d3f3f86dc' 
		 AND 1 = 1

[36m2024-05-25 11:30:58.668[m [32m[INFO ][m [net.sf.log4jdbc.log.slf4j.Slf4jSpyLogDelegator] [33m[http-nio-9091-exec-2][m- select
			menu_pcode, menu_code
		,	lead(menu_code) over (order by menu_code, menu_order) menu_code_next
		,	lead(menu_pcode) over (order by menu_code, menu_order) menu_pcode_next
		,	lag(menu_code) over (order by menu_code, menu_order) menu_code_prev
		,	lag(menu_pcode) over (order by menu_code, menu_order) menu_pcode_prev
		, 	menu_order, menu_name, menu_navigation, menu_location
		,	A.use_yn
		,	A.end_flag
		,	A.default_menu_yn
		,	A.module_id, module_name, module_desc
		,	role_id
		,	role_name
		,	role_desc
		,	case when allow_use_lv >= target_use_lv then '1' else '0' end allow_use_auth
		,	case when allow_read_lv >= target_read_lv then '1' else '0' end allow_read_auth
		,	case when allow_create_lv >= target_create_lv then '1' else '0' end allow_create_auth
		,	case when allow_modify_lv >= target_modify_lv then '1' else '0' end allow_modify_auth
		,	case when allow_delete_lv >= target_delete_lv then '1' else '0' end allow_delete_auth
		,	case when allow_confirm_lv >= target_confirm_lv then '1' else '0' end allow_confirm_auth
		,	case when allow_func01_lv >= target_func01_lv then '1' else '0' end allow_func01_auth
		,	case when allow_func02_lv >= target_func02_lv then '1' else '0' end allow_func02_auth
		,	case when allow_func03_lv >= target_func03_lv then '1' else '0' end allow_func03_auth
		,	case when allow_func04_lv >= target_func04_lv then '1' else '0' end allow_func04_auth
		,	case when allow_func05_lv >= target_func05_lv then '1' else '0' end allow_func05_auth
		,	case when allow_func06_lv >= target_func06_lv then '1' else '0' end allow_func06_auth
		,	case when allow_func07_lv >= target_func07_lv then '1' else '0' end allow_func07_auth
		,	case when allow_func08_lv >= target_func08_lv then '1' else '0' end allow_func08_auth
		,	case when allow_func09_lv >= target_func09_lv then '1' else '0' end allow_func09_auth
		,	case when allow_func10_lv >= target_func10_lv then '1' else '0' end allow_func10_auth
		,	update_user
		,	update_time
		from
		(
			select
				A.menu_pcode
			,	A.menu_code
			,	A.menu_order
			,	A.menu_name
			,	A.menu_navigation
			,	A.menu_location
			,	A.use_yn
			,	A.end_flag
			,	A.default_menu_yn
			,	B.module_id
			,	B.module_name
			,	B.module_desc
			,	B.allow_use_lv
			,	B.allow_read_lv
			,	B.allow_create_lv
			,	B.allow_modify_lv
			,	B.allow_delete_lv
			,	B.allow_confirm_lv
			,	B.allow_func01_lv
			,	B.allow_func02_lv
			,	B.allow_func03_lv
			,	B.allow_func04_lv
			,	B.allow_func05_lv
			,	B.allow_func06_lv
			,	B.allow_func07_lv
			,	B.allow_func08_lv
			,	B.allow_func09_lv
			,	B.allow_func10_lv
			,	A.update_user
			,	A.update_time
			from
				cm_menu A
				left outer join
				(
					select
					A.module_id
					,	A.module_name
					,	A.module_desc
					,	B.menu_code
					,	ifnull(B.allow_use_lv, 5) allow_use_lv
					,	ifnull(B.allow_read_lv, 5) allow_read_lv
					,	ifnull(B.allow_create_lv, 5) allow_create_lv
					,	ifnull(B.allow_modify_lv, 5) allow_modify_lv
					,	ifnull(B.allow_delete_lv, 5) allow_delete_lv
					,	ifnull(B.allow_confirm_lv, 5) allow_confirm_lv
					,	ifnull(B.allow_func01_lv, 5) allow_func01_lv
					,	ifnull(B.allow_func02_lv, 5) allow_func02_lv
					,	ifnull(B.allow_func03_lv, 5) allow_func03_lv
					,	ifnull(B.allow_func04_lv, 5) allow_func04_lv
					,	ifnull(B.allow_func05_lv, 5) allow_func05_lv
					,	ifnull(B.allow_func06_lv, 5) allow_func06_lv
					,	ifnull(B.allow_func07_lv, 5) allow_func07_lv
					,	ifnull(B.allow_func08_lv, 5) allow_func08_lv
					,	ifnull(B.allow_func09_lv, 5) allow_func09_lv
					,	ifnull(B.allow_func10_lv, 5) allow_func10_lv
					from
						cm_module A
						left outer join
						cm_menu_module B
						on A.module_id = B.module_id
				) B
				on A.menu_code = B.menu_code
			where A.use_yn = 'Y'
		) A
		left outer join
		(
			select
				A.user_id, A.user_name
			,	A.phone, A.email
			,	A.role_id, A.role_name, A.role_desc
			,	B.module_id
			,	min(nvl(target_use_lv, 5)) target_use_lv
			,	min(nvl(target_read_lv, 5)) target_read_lv
			,	min(nvl(target_create_lv, 5)) target_create_lv
			,	min(nvl(target_modify_lv, 5)) target_modify_lv
			,	min(nvl(target_delete_lv, 5)) target_delete_lv
			,	min(nvl(target_confirm_lv, 5)) target_confirm_lv
			,	min(nvl(target_func01_lv, 5)) target_func01_lv
			,	min(nvl(target_func02_lv, 5)) target_func02_lv
			,	min(nvl(target_func03_lv, 5)) target_func03_lv
			,	min(nvl(target_func04_lv, 5)) target_func04_lv
			,	min(nvl(target_func05_lv, 5)) target_func05_lv
			,	min(nvl(target_func06_lv, 5)) target_func06_lv
			,	min(nvl(target_func07_lv, 5)) target_func07_lv
			,	min(nvl(target_func08_lv, 5)) target_func08_lv
			,	min(nvl(target_func09_lv, 5)) target_func09_lv
			,	min(nvl(target_func10_lv, 5)) target_func10_lv
			from
			(
				select
					A.user_id, A.user_name
				,	A.phone, A.email
				,	B.role_id, B.role_name, B.role_desc
				from
					cm_user A
					left outer join
					(
						select
							A.role_id
						,	A.role_name
						,	A.role_desc
						,	B.user_Id
						from
							cm_role A
							left outer join
							cm_user_role B
							on A.role_id = B.role_id
					) B
					on A.user_id  = B.user_id
					where 1 = 1
					and a.use_yn = 'Y'
					and a.user_id = 'ADMIN'
				) A
				left outer join
				cm_role_module B
				on A.role_id = B.role_id
				where 1 = 1
				group by module_id, user_id, user_name, phone, email
			) B
		on A.module_id = B.module_id
		where 1 = 1

		ORDER BY menu_pcode, menu_code

[36m2024-05-25 11:30:58.684[m [32m[INFO ][m [net.sf.log4jdbc.log.slf4j.Slf4jSpyLogDelegator] [33m[http-nio-9091-exec-2][m- select
			A.user_id
		,	A.user_name
		,	B.role_id
		,	C.role_id
		,	C.role_name
		,	C.role_desc
		from cm_user A
			left outer join cm_user_role B
			on A.user_id = B.user_id
			left outer join cm_role C
			on B.role_id  = C.role_id
		where A.user_id  = 'ADMIN'

[36m2024-05-25 11:30:58.695[m [32m[INFO ][m [net.sf.log4jdbc.log.slf4j.Slf4jSpyLogDelegator] [33m[http-nio-9091-exec-2][m- SELECT
            CASE

                (select config_value from cm_main_config where config_type = 'use_sms_auth')
            WHEN 'N'

                THEN 'Y'
            ELSE

                CASE COUNT(*)
                    WHEN 0 THEN 'N'
                    ELSE
                        CASE expire_cond
                            WHEN 'UL' THEN 'Y'
                            ELSE
                                CASE
                                    WHEN
                                        (
                                            SELECT
                                                MAX(auth_passed_time)
                                            FROM

		cm_sms_authontication

                                            WHERE user_id = 'ADMIN'
                                        )
                                        >=
                                        (
                                            CASE
                                                WHEN expire_cond = 'MIN' OR expire_cond = 'MINUTE' THEN DATE_SUB(SYSDATE(), INTERVAL expire_value MINUTE)
                                                WHEN expire_cond = 'HOUR' THEN DATE_SUB(SYSDATE(), INTERVAL expire_value HOUR)
                                                WHEN expire_cond = 'DAY' THEN DATE_SUB(SYSDATE(), INTERVAL expire_value DAY)
                                                WHEN expire_cond = 'WEEK' THEN DATE_SUB(SYSDATE(), INTERVAL expire_value WEEK)
                                                WHEN expire_cond = 'MON' OR expire_cond = 'MONTH' THEN DATE_SUB(SYSDATE(), INTERVAL expire_value MONTH)
                                                WHEN expire_cond = 'YEAR' THEN DATE_SUB(SYSDATE(), INTERVAL expire_value YEAR)
                                            END
                                        )
                                    THEN 'Y'
                                    ELSE 'N'
                                END
                        END
                END
            END allow_exception
        ,	expire_cond
        ,	expire_value
        ,	CASE 
                WHEN expire_cond = 'MIN' OR expire_cond = 'MINUTE' THEN DATE_SUB(SYSDATE(), INTERVAL expire_value MINUTE)
                WHEN expire_cond = 'HOUR' THEN DATE_SUB(SYSDATE(), INTERVAL expire_value HOUR)
                WHEN expire_cond = 'DAY' THEN DATE_SUB(SYSDATE(), INTERVAL expire_value DAY)
                WHEN expire_cond = 'WEEK' THEN DATE_SUB(SYSDATE(), INTERVAL expire_value WEEK)
                WHEN expire_cond = 'MON' OR expire_cond = 'MONTH' THEN DATE_SUB(SYSDATE(), INTERVAL expire_value MONTH)
                WHEN expire_cond = 'YEAR' THEN DATE_SUB(SYSDATE(), INTERVAL expire_value YEAR)
            END compare_time
        FROM

        cm_exception_sms_auth

        WHERE 1 = 1
        AND user_id  = 'ADMIN'
        AND use_yn = 'Y'

[36m2024-05-25 11:30:58.706[m [32m[INFO ][m [net.sf.log4jdbc.log.slf4j.Slf4jSpyLogDelegator] [33m[http-nio-9091-exec-2][m- SELECT
			A.*
		FROM
		(

		select
			menu_pcode, menu_code
		,	lead(menu_code) over (order by menu_code, menu_order) menu_code_next
		,	lead(menu_pcode) over (order by menu_code, menu_order) menu_pcode_next
		,	lag(menu_code) over (order by menu_code, menu_order) menu_code_prev
		,	lag(menu_pcode) over (order by menu_code, menu_order) menu_pcode_prev
		, 	menu_order, menu_name, menu_navigation, menu_location
		,	A.use_yn
		,	A.end_flag
		,	A.default_menu_yn
		,	A.module_id, module_name, module_desc
		,	role_id
		,	role_name
		,	role_desc
		,	case when allow_use_lv >= target_use_lv then '1' else '0' end allow_use_auth
		,	case when allow_read_lv >= target_read_lv then '1' else '0' end allow_read_auth
		,	case when allow_create_lv >= target_create_lv then '1' else '0' end allow_create_auth
		,	case when allow_modify_lv >= target_modify_lv then '1' else '0' end allow_modify_auth
		,	case when allow_delete_lv >= target_delete_lv then '1' else '0' end allow_delete_auth
		,	case when allow_confirm_lv >= target_confirm_lv then '1' else '0' end allow_confirm_auth
		,	case when allow_func01_lv >= target_func01_lv then '1' else '0' end allow_func01_auth
		,	case when allow_func02_lv >= target_func02_lv then '1' else '0' end allow_func02_auth
		,	case when allow_func03_lv >= target_func03_lv then '1' else '0' end allow_func03_auth
		,	case when allow_func04_lv >= target_func04_lv then '1' else '0' end allow_func04_auth
		,	case when allow_func05_lv >= target_func05_lv then '1' else '0' end allow_func05_auth
		,	case when allow_func06_lv >= target_func06_lv then '1' else '0' end allow_func06_auth
		,	case when allow_func07_lv >= target_func07_lv then '1' else '0' end allow_func07_auth
		,	case when allow_func08_lv >= target_func08_lv then '1' else '0' end allow_func08_auth
		,	case when allow_func09_lv >= target_func09_lv then '1' else '0' end allow_func09_auth
		,	case when allow_func10_lv >= target_func10_lv then '1' else '0' end allow_func10_auth
		,	update_user
		,	update_time
		from
		(
			select
				A.menu_pcode
			,	A.menu_code
			,	A.menu_order
			,	A.menu_name
			,	A.menu_navigation
			,	A.menu_location
			,	A.use_yn
			,	A.end_flag
			,	A.default_menu_yn
			,	B.module_id
			,	B.module_name
			,	B.module_desc
			,	B.allow_use_lv
			,	B.allow_read_lv
			,	B.allow_create_lv
			,	B.allow_modify_lv
			,	B.allow_delete_lv
			,	B.allow_confirm_lv
			,	B.allow_func01_lv
			,	B.allow_func02_lv
			,	B.allow_func03_lv
			,	B.allow_func04_lv
			,	B.allow_func05_lv
			,	B.allow_func06_lv
			,	B.allow_func07_lv
			,	B.allow_func08_lv
			,	B.allow_func09_lv
			,	B.allow_func10_lv
			,	A.update_user
			,	A.update_time
			from
				cm_menu A
				left outer join
				(
					select
					A.module_id
					,	A.module_name
					,	A.module_desc
					,	B.menu_code
					,	ifnull(B.allow_use_lv, 5) allow_use_lv
					,	ifnull(B.allow_read_lv, 5) allow_read_lv
					,	ifnull(B.allow_create_lv, 5) allow_create_lv
					,	ifnull(B.allow_modify_lv, 5) allow_modify_lv
					,	ifnull(B.allow_delete_lv, 5) allow_delete_lv
					,	ifnull(B.allow_confirm_lv, 5) allow_confirm_lv
					,	ifnull(B.allow_func01_lv, 5) allow_func01_lv
					,	ifnull(B.allow_func02_lv, 5) allow_func02_lv
					,	ifnull(B.allow_func03_lv, 5) allow_func03_lv
					,	ifnull(B.allow_func04_lv, 5) allow_func04_lv
					,	ifnull(B.allow_func05_lv, 5) allow_func05_lv
					,	ifnull(B.allow_func06_lv, 5) allow_func06_lv
					,	ifnull(B.allow_func07_lv, 5) allow_func07_lv
					,	ifnull(B.allow_func08_lv, 5) allow_func08_lv
					,	ifnull(B.allow_func09_lv, 5) allow_func09_lv
					,	ifnull(B.allow_func10_lv, 5) allow_func10_lv
					from
						cm_module A
						left outer join
						cm_menu_module B
						on A.module_id = B.module_id
				) B
				on A.menu_code = B.menu_code
			where A.use_yn = 'Y'
		) A
		left outer join
		(
			select
				A.user_id, A.user_name
			,	A.phone, A.email
			,	A.role_id, A.role_name, A.role_desc
			,	B.module_id
			,	min(nvl(target_use_lv, 5)) target_use_lv
			,	min(nvl(target_read_lv, 5)) target_read_lv
			,	min(nvl(target_create_lv, 5)) target_create_lv
			,	min(nvl(target_modify_lv, 5)) target_modify_lv
			,	min(nvl(target_delete_lv, 5)) target_delete_lv
			,	min(nvl(target_confirm_lv, 5)) target_confirm_lv
			,	min(nvl(target_func01_lv, 5)) target_func01_lv
			,	min(nvl(target_func02_lv, 5)) target_func02_lv
			,	min(nvl(target_func03_lv, 5)) target_func03_lv
			,	min(nvl(target_func04_lv, 5)) target_func04_lv
			,	min(nvl(target_func05_lv, 5)) target_func05_lv
			,	min(nvl(target_func06_lv, 5)) target_func06_lv
			,	min(nvl(target_func07_lv, 5)) target_func07_lv
			,	min(nvl(target_func08_lv, 5)) target_func08_lv
			,	min(nvl(target_func09_lv, 5)) target_func09_lv
			,	min(nvl(target_func10_lv, 5)) target_func10_lv
			from
			(
				select
					A.user_id, A.user_name
				,	A.phone, A.email
				,	B.role_id, B.role_name, B.role_desc
				from
					cm_user A
					left outer join
					(
						select
							A.role_id
						,	A.role_name
						,	A.role_desc
						,	B.user_Id
						from
							cm_role A
							left outer join
							cm_user_role B
							on A.role_id = B.role_id
					) B
					on A.user_id  = B.user_id
					where 1 = 1
					and a.use_yn = 'Y'
					and a.user_id = 'ADMIN'
				) A
				left outer join
				cm_role_module B
				on A.role_id = B.role_id
				where 1 = 1
				group by module_id, user_id, user_name, phone, email
			) B
		on A.module_id = B.module_id
		where 1 = 1

		) A
		WHERE A.default_menu_yn = 'Y'

[36m2024-05-25 11:30:58.750[m [32m[INFO ][m [com.mobigen.cdev.poc.core.security.interceptor.AuthInterceptPreHandle] [33m[http-nio-9091-exec-4][m- firstAuthenticationStatus : 1
[36m2024-05-25 11:30:58.750[m [32m[INFO ][m [com.mobigen.cdev.poc.core.security.interceptor.AuthInterceptPreHandle] [33m[http-nio-9091-exec-4][m- secondaryAuthenticationStatus : 1
[36m2024-05-25 11:30:58.777[m [32m[INFO ][m [net.sf.log4jdbc.log.slf4j.Slf4jSpyLogDelegator] [33m[http-nio-9091-exec-4][m- select
			menu_pcode, menu_code
		,	lead(menu_code) over (order by menu_code, menu_order) menu_code_next
		,	lead(menu_pcode) over (order by menu_code, menu_order) menu_pcode_next
		,	lag(menu_code) over (order by menu_code, menu_order) menu_code_prev
		,	lag(menu_pcode) over (order by menu_code, menu_order) menu_pcode_prev
		, 	menu_order, menu_name, menu_navigation, menu_location
		,	A.use_yn
		,	A.end_flag
		,	A.default_menu_yn
		,	A.module_id, module_name, module_desc
		,	role_id
		,	role_name
		,	role_desc
		,	case when allow_use_lv >= target_use_lv then '1' else '0' end allow_use_auth
		,	case when allow_read_lv >= target_read_lv then '1' else '0' end allow_read_auth
		,	case when allow_create_lv >= target_create_lv then '1' else '0' end allow_create_auth
		,	case when allow_modify_lv >= target_modify_lv then '1' else '0' end allow_modify_auth
		,	case when allow_delete_lv >= target_delete_lv then '1' else '0' end allow_delete_auth
		,	case when allow_confirm_lv >= target_confirm_lv then '1' else '0' end allow_confirm_auth
		,	case when allow_func01_lv >= target_func01_lv then '1' else '0' end allow_func01_auth
		,	case when allow_func02_lv >= target_func02_lv then '1' else '0' end allow_func02_auth
		,	case when allow_func03_lv >= target_func03_lv then '1' else '0' end allow_func03_auth
		,	case when allow_func04_lv >= target_func04_lv then '1' else '0' end allow_func04_auth
		,	case when allow_func05_lv >= target_func05_lv then '1' else '0' end allow_func05_auth
		,	case when allow_func06_lv >= target_func06_lv then '1' else '0' end allow_func06_auth
		,	case when allow_func07_lv >= target_func07_lv then '1' else '0' end allow_func07_auth
		,	case when allow_func08_lv >= target_func08_lv then '1' else '0' end allow_func08_auth
		,	case when allow_func09_lv >= target_func09_lv then '1' else '0' end allow_func09_auth
		,	case when allow_func10_lv >= target_func10_lv then '1' else '0' end allow_func10_auth
		,	update_user
		,	update_time
		from
		(
			select
				A.menu_pcode
			,	A.menu_code
			,	A.menu_order
			,	A.menu_name
			,	A.menu_navigation
			,	A.menu_location
			,	A.use_yn
			,	A.end_flag
			,	A.default_menu_yn
			,	B.module_id
			,	B.module_name
			,	B.module_desc
			,	B.allow_use_lv
			,	B.allow_read_lv
			,	B.allow_create_lv
			,	B.allow_modify_lv
			,	B.allow_delete_lv
			,	B.allow_confirm_lv
			,	B.allow_func01_lv
			,	B.allow_func02_lv
			,	B.allow_func03_lv
			,	B.allow_func04_lv
			,	B.allow_func05_lv
			,	B.allow_func06_lv
			,	B.allow_func07_lv
			,	B.allow_func08_lv
			,	B.allow_func09_lv
			,	B.allow_func10_lv
			,	A.update_user
			,	A.update_time
			from
				cm_menu A
				left outer join
				(
					select
					A.module_id
					,	A.module_name
					,	A.module_desc
					,	B.menu_code
					,	ifnull(B.allow_use_lv, 5) allow_use_lv
					,	ifnull(B.allow_read_lv, 5) allow_read_lv
					,	ifnull(B.allow_create_lv, 5) allow_create_lv
					,	ifnull(B.allow_modify_lv, 5) allow_modify_lv
					,	ifnull(B.allow_delete_lv, 5) allow_delete_lv
					,	ifnull(B.allow_confirm_lv, 5) allow_confirm_lv
					,	ifnull(B.allow_func01_lv, 5) allow_func01_lv
					,	ifnull(B.allow_func02_lv, 5) allow_func02_lv
					,	ifnull(B.allow_func03_lv, 5) allow_func03_lv
					,	ifnull(B.allow_func04_lv, 5) allow_func04_lv
					,	ifnull(B.allow_func05_lv, 5) allow_func05_lv
					,	ifnull(B.allow_func06_lv, 5) allow_func06_lv
					,	ifnull(B.allow_func07_lv, 5) allow_func07_lv
					,	ifnull(B.allow_func08_lv, 5) allow_func08_lv
					,	ifnull(B.allow_func09_lv, 5) allow_func09_lv
					,	ifnull(B.allow_func10_lv, 5) allow_func10_lv
					from
						cm_module A
						left outer join
						cm_menu_module B
						on A.module_id = B.module_id
				) B
				on A.menu_code = B.menu_code
			where A.use_yn = 'Y'
		) A
		left outer join
		(
			select
				A.user_id, A.user_name
			,	A.phone, A.email
			,	A.role_id, A.role_name, A.role_desc
			,	B.module_id
			,	min(nvl(target_use_lv, 5)) target_use_lv
			,	min(nvl(target_read_lv, 5)) target_read_lv
			,	min(nvl(target_create_lv, 5)) target_create_lv
			,	min(nvl(target_modify_lv, 5)) target_modify_lv
			,	min(nvl(target_delete_lv, 5)) target_delete_lv
			,	min(nvl(target_confirm_lv, 5)) target_confirm_lv
			,	min(nvl(target_func01_lv, 5)) target_func01_lv
			,	min(nvl(target_func02_lv, 5)) target_func02_lv
			,	min(nvl(target_func03_lv, 5)) target_func03_lv
			,	min(nvl(target_func04_lv, 5)) target_func04_lv
			,	min(nvl(target_func05_lv, 5)) target_func05_lv
			,	min(nvl(target_func06_lv, 5)) target_func06_lv
			,	min(nvl(target_func07_lv, 5)) target_func07_lv
			,	min(nvl(target_func08_lv, 5)) target_func08_lv
			,	min(nvl(target_func09_lv, 5)) target_func09_lv
			,	min(nvl(target_func10_lv, 5)) target_func10_lv
			from
			(
				select
					A.user_id, A.user_name
				,	A.phone, A.email
				,	B.role_id, B.role_name, B.role_desc
				from
					cm_user A
					left outer join
					(
						select
							A.role_id
						,	A.role_name
						,	A.role_desc
						,	B.user_Id
						from
							cm_role A
							left outer join
							cm_user_role B
							on A.role_id = B.role_id
					) B
					on A.user_id  = B.user_id
					where 1 = 1
					and a.use_yn = 'Y'
					and a.user_id = 'ADMIN'
				) A
				left outer join
				cm_role_module B
				on A.role_id = B.role_id
				where 1 = 1
				group by module_id, user_id, user_name, phone, email
			) B
		on A.module_id = B.module_id
		where 1 = 1

		ORDER BY menu_pcode, menu_code

[36m2024-05-25 11:30:58.926[m [32m[INFO ][m [com.mobigen.cdev.poc.core.security.interceptor.AuthInterceptPreHandle] [33m[http-nio-9091-exec-3][m- firstAuthenticationStatus : 1
[36m2024-05-25 11:30:58.927[m [32m[INFO ][m [com.mobigen.cdev.poc.core.security.interceptor.AuthInterceptPreHandle] [33m[http-nio-9091-exec-3][m- secondaryAuthenticationStatus : 1
[36m2024-05-25 11:30:58.953[m [32m[INFO ][m [com.mobigen.cdev.poc.core.security.interceptor.AuthInterceptPreHandle] [33m[http-nio-9091-exec-5][m- firstAuthenticationStatus : 1
[36m2024-05-25 11:30:58.953[m [32m[INFO ][m [com.mobigen.cdev.poc.core.security.interceptor.AuthInterceptPreHandle] [33m[http-nio-9091-exec-5][m- secondaryAuthenticationStatus : 1
[36m2024-05-25 11:30:58.961[m [32m[INFO ][m [net.sf.log4jdbc.log.slf4j.Slf4jSpyLogDelegator] [33m[http-nio-9091-exec-5][m- select
			menu_pcode, menu_code
		,	lead(menu_code) over (order by menu_code, menu_order) menu_code_next
		,	lead(menu_pcode) over (order by menu_code, menu_order) menu_pcode_next
		,	lag(menu_code) over (order by menu_code, menu_order) menu_code_prev
		,	lag(menu_pcode) over (order by menu_code, menu_order) menu_pcode_prev
		, 	menu_order, menu_name, menu_navigation, menu_location
		,	A.use_yn
		,	A.end_flag
		,	A.default_menu_yn
		,	A.module_id, module_name, module_desc
		,	role_id
		,	role_name
		,	role_desc
		,	case when allow_use_lv >= target_use_lv then '1' else '0' end allow_use_auth
		,	case when allow_read_lv >= target_read_lv then '1' else '0' end allow_read_auth
		,	case when allow_create_lv >= target_create_lv then '1' else '0' end allow_create_auth
		,	case when allow_modify_lv >= target_modify_lv then '1' else '0' end allow_modify_auth
		,	case when allow_delete_lv >= target_delete_lv then '1' else '0' end allow_delete_auth
		,	case when allow_confirm_lv >= target_confirm_lv then '1' else '0' end allow_confirm_auth
		,	case when allow_func01_lv >= target_func01_lv then '1' else '0' end allow_func01_auth
		,	case when allow_func02_lv >= target_func02_lv then '1' else '0' end allow_func02_auth
		,	case when allow_func03_lv >= target_func03_lv then '1' else '0' end allow_func03_auth
		,	case when allow_func04_lv >= target_func04_lv then '1' else '0' end allow_func04_auth
		,	case when allow_func05_lv >= target_func05_lv then '1' else '0' end allow_func05_auth
		,	case when allow_func06_lv >= target_func06_lv then '1' else '0' end allow_func06_auth
		,	case when allow_func07_lv >= target_func07_lv then '1' else '0' end allow_func07_auth
		,	case when allow_func08_lv >= target_func08_lv then '1' else '0' end allow_func08_auth
		,	case when allow_func09_lv >= target_func09_lv then '1' else '0' end allow_func09_auth
		,	case when allow_func10_lv >= target_func10_lv then '1' else '0' end allow_func10_auth
		,	update_user
		,	update_time
		from
		(
			select
				A.menu_pcode
			,	A.menu_code
			,	A.menu_order
			,	A.menu_name
			,	A.menu_navigation
			,	A.menu_location
			,	A.use_yn
			,	A.end_flag
			,	A.default_menu_yn
			,	B.module_id
			,	B.module_name
			,	B.module_desc
			,	B.allow_use_lv
			,	B.allow_read_lv
			,	B.allow_create_lv
			,	B.allow_modify_lv
			,	B.allow_delete_lv
			,	B.allow_confirm_lv
			,	B.allow_func01_lv
			,	B.allow_func02_lv
			,	B.allow_func03_lv
			,	B.allow_func04_lv
			,	B.allow_func05_lv
			,	B.allow_func06_lv
			,	B.allow_func07_lv
			,	B.allow_func08_lv
			,	B.allow_func09_lv
			,	B.allow_func10_lv
			,	A.update_user
			,	A.update_time
			from
				cm_menu A
				left outer join
				(
					select
					A.module_id
					,	A.module_name
					,	A.module_desc
					,	B.menu_code
					,	ifnull(B.allow_use_lv, 5) allow_use_lv
					,	ifnull(B.allow_read_lv, 5) allow_read_lv
					,	ifnull(B.allow_create_lv, 5) allow_create_lv
					,	ifnull(B.allow_modify_lv, 5) allow_modify_lv
					,	ifnull(B.allow_delete_lv, 5) allow_delete_lv
					,	ifnull(B.allow_confirm_lv, 5) allow_confirm_lv
					,	ifnull(B.allow_func01_lv, 5) allow_func01_lv
					,	ifnull(B.allow_func02_lv, 5) allow_func02_lv
					,	ifnull(B.allow_func03_lv, 5) allow_func03_lv
					,	ifnull(B.allow_func04_lv, 5) allow_func04_lv
					,	ifnull(B.allow_func05_lv, 5) allow_func05_lv
					,	ifnull(B.allow_func06_lv, 5) allow_func06_lv
					,	ifnull(B.allow_func07_lv, 5) allow_func07_lv
					,	ifnull(B.allow_func08_lv, 5) allow_func08_lv
					,	ifnull(B.allow_func09_lv, 5) allow_func09_lv
					,	ifnull(B.allow_func10_lv, 5) allow_func10_lv
					from
						cm_module A
						left outer join
						cm_menu_module B
						on A.module_id = B.module_id
				) B
				on A.menu_code = B.menu_code
			where A.use_yn = 'Y'
		) A
		left outer join
		(
			select
				A.user_id, A.user_name
			,	A.phone, A.email
			,	A.role_id, A.role_name, A.role_desc
			,	B.module_id
			,	min(nvl(target_use_lv, 5)) target_use_lv
			,	min(nvl(target_read_lv, 5)) target_read_lv
			,	min(nvl(target_create_lv, 5)) target_create_lv
			,	min(nvl(target_modify_lv, 5)) target_modify_lv
			,	min(nvl(target_delete_lv, 5)) target_delete_lv
			,	min(nvl(target_confirm_lv, 5)) target_confirm_lv
			,	min(nvl(target_func01_lv, 5)) target_func01_lv
			,	min(nvl(target_func02_lv, 5)) target_func02_lv
			,	min(nvl(target_func03_lv, 5)) target_func03_lv
			,	min(nvl(target_func04_lv, 5)) target_func04_lv
			,	min(nvl(target_func05_lv, 5)) target_func05_lv
			,	min(nvl(target_func06_lv, 5)) target_func06_lv
			,	min(nvl(target_func07_lv, 5)) target_func07_lv
			,	min(nvl(target_func08_lv, 5)) target_func08_lv
			,	min(nvl(target_func09_lv, 5)) target_func09_lv
			,	min(nvl(target_func10_lv, 5)) target_func10_lv
			from
			(
				select
					A.user_id, A.user_name
				,	A.phone, A.email
				,	B.role_id, B.role_name, B.role_desc
				from
					cm_user A
					left outer join
					(
						select
							A.role_id
						,	A.role_name
						,	A.role_desc
						,	B.user_Id
						from
							cm_role A
							left outer join
							cm_user_role B
							on A.role_id = B.role_id
					) B
					on A.user_id  = B.user_id
					where 1 = 1
					and a.use_yn = 'Y'
					and a.user_id = 'ADMIN'
				) A
				left outer join
				cm_role_module B
				on A.role_id = B.role_id
				where 1 = 1
				group by module_id, user_id, user_name, phone, email
			) B
		on A.module_id = B.module_id
		where 1 = 1

		ORDER BY menu_pcode, menu_code

[36m2024-05-25 11:30:59.270[m [32m[INFO ][m [com.mobigen.cdev.poc.core.security.interceptor.AuthInterceptPreHandle] [33m[http-nio-9091-exec-6][m- firstAuthenticationStatus : 1
[36m2024-05-25 11:30:59.270[m [32m[INFO ][m [com.mobigen.cdev.poc.core.security.interceptor.AuthInterceptPreHandle] [33m[http-nio-9091-exec-6][m- secondaryAuthenticationStatus : 1
[36m2024-05-25 11:30:59.275[m [32m[INFO ][m [com.mobigen.cdev.poc.core.security.interceptor.AuthInterceptPreHandle] [33m[http-nio-9091-exec-9][m- firstAuthenticationStatus : 1
[36m2024-05-25 11:30:59.276[m [32m[INFO ][m [com.mobigen.cdev.poc.core.security.interceptor.AuthInterceptPreHandle] [33m[http-nio-9091-exec-7][m- firstAuthenticationStatus : 1
[36m2024-05-25 11:30:59.276[m [32m[INFO ][m [com.mobigen.cdev.poc.core.security.interceptor.AuthInterceptPreHandle] [33m[http-nio-9091-exec-9][m- secondaryAuthenticationStatus : 1
[36m2024-05-25 11:30:59.276[m [32m[INFO ][m [com.mobigen.cdev.poc.core.security.interceptor.AuthInterceptPreHandle] [33m[http-nio-9091-exec-8][m- firstAuthenticationStatus : 1
[36m2024-05-25 11:30:59.276[m [32m[INFO ][m [com.mobigen.cdev.poc.core.security.interceptor.AuthInterceptPreHandle] [33m[http-nio-9091-exec-7][m- secondaryAuthenticationStatus : 1
[36m2024-05-25 11:30:59.276[m [32m[INFO ][m [com.mobigen.cdev.poc.core.security.interceptor.AuthInterceptPreHandle] [33m[http-nio-9091-exec-8][m- secondaryAuthenticationStatus : 1
[36m2024-05-25 11:30:59.284[m [32m[INFO ][m [net.sf.log4jdbc.log.slf4j.Slf4jSpyLogDelegator] [33m[http-nio-9091-exec-6][m- select
            A.mtso_id
        ,	B.mtso_name
        ,	case
                when ifnull(LAG(A.mtso_id, 1) over (partition by A.mtso_id order by A.mtso_id, mme_id), 'F') = 'F' then 'Y'
                else 'N'
            end mtso_first
        ,	case
                when ifnull(LEAD(A.mtso_id, 1) over (partition by A.mtso_id order by A.mtso_id, mme_id), 'L') = 'L' then 'Y'
                else 'N'
            end mtso_last
        ,   'MME' node_type
        ,	A.mme_id node_id
        ,	concat('MME#', lpad(cast(mme_id as integer), 2, '0')) node_exp_id
        ,	A.mme_name node_name
        ,   A.mme_id value
        ,   concat('MME#', lpad(cast(mme_id as integer), 2, '0')) label
        ,   concat(B.mtso_name, ' (', A.mtso_id, ')') group_filter
        from
        cl_mme A left outer join cb_mtso B
        on A.mtso_id = B.mtso_id
        where 1 = 1
        and opr_status = 'ACT'

[36m2024-05-25 11:30:59.292[m [32m[INFO ][m [net.sf.log4jdbc.log.slf4j.Slf4jSpyLogDelegator] [33m[http-nio-9091-exec-8][m- select
            A.mtso_id
        ,	B.mtso_name
        ,	case
                when ifnull(LAG(A.mtso_id, 1) over (partition by A.mtso_id order by A.mtso_id, mme_id), 'F') = 'F' then 'Y'
                else 'N'
            end mtso_first
        ,	case
                when ifnull(LEAD(A.mtso_id, 1) over (partition by A.mtso_id order by A.mtso_id, mme_id), 'L') = 'L' then 'Y'
                else 'N'
            end mtso_last
        ,   'MME' node_type
        ,	A.mme_id node_id
        ,	concat('MME#', lpad(cast(mme_id as integer), 2, '0')) node_exp_id
        ,	A.mme_name node_name
        ,   A.mme_id value
        ,   concat('MME#', lpad(cast(mme_id as integer), 2, '0')) label
        ,   concat(B.mtso_name, ' (', A.mtso_id, ')') group_filter
        from
        cl_mme A left outer join cb_mtso B
        on A.mtso_id = B.mtso_id
        where 1 = 1
        and opr_status = 'ACT'

[36m2024-05-25 11:30:59.293[m [32m[INFO ][m [net.sf.log4jdbc.log.slf4j.Slf4jSpyLogDelegator] [33m[http-nio-9091-exec-7][m- select
            A.*
        ,	case
                when ifnull(LAG(A.branch_id, 1) over (partition by A.branch_id order by A.branch_id, opteam_id, part_id), 'F') = 'F' then 'Y'
                else 'N'
            end branch_first
        ,	case
                when ifnull(LEAD(A.branch_id, 1) over (partition by A.branch_id order by A.branch_id, opteam_id, part_id), 'L') = 'L' then 'Y'
                else 'N'
            end branch_last
        ,	case
                when ifnull(LAG(A.opteam_id, 1) over (partition by A.opteam_id order by A.branch_id, opteam_id, part_id), 'F') = 'F' then 'Y'
                else 'N'
            end opteam_first
        ,	case
                when ifnull(LEAD(A.opteam_id, 1) over (partition by A.opteam_id order by A.branch_id, opteam_id, part_id), 'L') = 'L' then 'Y'
                else 'N'
            end opteam_last
        ,	case
                when ifnull(LAG(A.part_id, 1) over (partition by A.part_id order by A.branch_id, opteam_id, part_id), 'F') = 'F' then 'Y'
                else 'N'
            end part_first
        ,	case
                when ifnull(LEAD(A.part_id, 1) over (partition by A.part_id order by A.branch_id, opteam_id, part_id), 'L') = 'L' then 'Y'
                else 'N'
            end part_last
        from
        (

        select
            A.branch_id
        ,	B.branch_name
        ,	A.opteam_id
        ,	C.team_name opteam_name
        ,	A.part_id
        ,	D.part_name
        ,	A.mtso_name
        ,	E.mtso_id
        ,	enb_id
        ,	bts_name
        ,   enb_id value
        ,   concat(ifnull(bts_name, '-'), ' (', enb_id, ')') label
        ,   case when ifnull(opteam_name, '-') = '-' then '미분류'
                else concat(opteam_name, ' (', opteam_id, ')')
            end group_filter
        from
            cl_enb A
            left outer join cm_branch B
            on A.branch_id = B.branch_id
            left outer join cm_team C
            on A.opteam_id = C.team_id
            left outer join cm_part D
            on A.part_id = D.part_id
            left outer join cb_mtso E
            on a.mtso_name = e.mtso_name
        where 1 = 1
        and opr_status = 'ACT'

        ) A
        where 1 = 1
        and branch_name is not null
        and opteam_name is not null
        and part_name is not null
        order by branch_id, opteam_id, part_id

[36m2024-05-25 11:30:59.293[m [32m[INFO ][m [net.sf.log4jdbc.log.slf4j.Slf4jSpyLogDelegator] [33m[http-nio-9091-exec-9][m- select
            A.*
        ,	case
                when ifnull(LAG(A.branch_id, 1) over (partition by A.branch_id order by A.branch_id, opteam_id, part_id), 'F') = 'F' then 'Y'
                else 'N'
            end branch_first
        ,	case
                when ifnull(LEAD(A.branch_id, 1) over (partition by A.branch_id order by A.branch_id, opteam_id, part_id), 'L') = 'L' then 'Y'
                else 'N'
            end branch_last
        ,	case
                when ifnull(LAG(A.opteam_id, 1) over (partition by A.opteam_id order by A.branch_id, opteam_id, part_id), 'F') = 'F' then 'Y'
                else 'N'
            end opteam_first
        ,	case
                when ifnull(LEAD(A.opteam_id, 1) over (partition by A.opteam_id order by A.branch_id, opteam_id, part_id), 'L') = 'L' then 'Y'
                else 'N'
            end opteam_last
        ,	case
                when ifnull(LAG(A.part_id, 1) over (partition by A.part_id order by A.branch_id, opteam_id, part_id), 'F') = 'F' then 'Y'
                else 'N'
            end part_first
        ,	case
                when ifnull(LEAD(A.part_id, 1) over (partition by A.part_id order by A.branch_id, opteam_id, part_id), 'L') = 'L' then 'Y'
                else 'N'
            end part_last
        from
        (

        select
            A.branch_id
        ,	B.branch_name
        ,	A.opteam_id
        ,	C.team_name opteam_name
        ,	A.part_id
        ,	D.part_name
        ,	A.mtso_name
        ,	E.mtso_id
        ,	enb_id
        ,	bts_name
        ,   enb_id value
        ,   concat(ifnull(bts_name, '-'), ' (', enb_id, ')') label
        ,   case when ifnull(opteam_name, '-') = '-' then '미분류'
                else concat(opteam_name, ' (', opteam_id, ')')
            end group_filter
        from
            cl_enb A
            left outer join cm_branch B
            on A.branch_id = B.branch_id
            left outer join cm_team C
            on A.opteam_id = C.team_id
            left outer join cm_part D
            on A.part_id = D.part_id
            left outer join cb_mtso E
            on a.mtso_name = e.mtso_name
        where 1 = 1
        and opr_status = 'ACT'

        ) A
        where 1 = 1
        and branch_name is not null
        and opteam_name is not null
        and part_name is not null
        order by branch_id, opteam_id, part_id

[36m2024-05-25 11:35:17.284[m [32m[INFO ][m [com.mobigen.cdev.poc.core.security.interceptor.AuthInterceptPreHandle] [33m[http-nio-9091-exec-10][m- firstAuthenticationStatus : 1
[36m2024-05-25 11:35:17.285[m [32m[INFO ][m [com.mobigen.cdev.poc.core.security.interceptor.AuthInterceptPreHandle] [33m[http-nio-9091-exec-10][m- secondaryAuthenticationStatus : 1
[36m2024-05-25 11:35:17.301[m [32m[INFO ][m [net.sf.log4jdbc.log.slf4j.Slf4jSpyLogDelegator] [33m[http-nio-9091-exec-10][m- select
			menu_pcode, menu_code
		,	lead(menu_code) over (order by menu_code, menu_order) menu_code_next
		,	lead(menu_pcode) over (order by menu_code, menu_order) menu_pcode_next
		,	lag(menu_code) over (order by menu_code, menu_order) menu_code_prev
		,	lag(menu_pcode) over (order by menu_code, menu_order) menu_pcode_prev
		, 	menu_order, menu_name, menu_navigation, menu_location
		,	A.use_yn
		,	A.end_flag
		,	A.default_menu_yn
		,	A.module_id, module_name, module_desc
		,	role_id
		,	role_name
		,	role_desc
		,	case when allow_use_lv >= target_use_lv then '1' else '0' end allow_use_auth
		,	case when allow_read_lv >= target_read_lv then '1' else '0' end allow_read_auth
		,	case when allow_create_lv >= target_create_lv then '1' else '0' end allow_create_auth
		,	case when allow_modify_lv >= target_modify_lv then '1' else '0' end allow_modify_auth
		,	case when allow_delete_lv >= target_delete_lv then '1' else '0' end allow_delete_auth
		,	case when allow_confirm_lv >= target_confirm_lv then '1' else '0' end allow_confirm_auth
		,	case when allow_func01_lv >= target_func01_lv then '1' else '0' end allow_func01_auth
		,	case when allow_func02_lv >= target_func02_lv then '1' else '0' end allow_func02_auth
		,	case when allow_func03_lv >= target_func03_lv then '1' else '0' end allow_func03_auth
		,	case when allow_func04_lv >= target_func04_lv then '1' else '0' end allow_func04_auth
		,	case when allow_func05_lv >= target_func05_lv then '1' else '0' end allow_func05_auth
		,	case when allow_func06_lv >= target_func06_lv then '1' else '0' end allow_func06_auth
		,	case when allow_func07_lv >= target_func07_lv then '1' else '0' end allow_func07_auth
		,	case when allow_func08_lv >= target_func08_lv then '1' else '0' end allow_func08_auth
		,	case when allow_func09_lv >= target_func09_lv then '1' else '0' end allow_func09_auth
		,	case when allow_func10_lv >= target_func10_lv then '1' else '0' end allow_func10_auth
		,	update_user
		,	update_time
		from
		(
			select
				A.menu_pcode
			,	A.menu_code
			,	A.menu_order
			,	A.menu_name
			,	A.menu_navigation
			,	A.menu_location
			,	A.use_yn
			,	A.end_flag
			,	A.default_menu_yn
			,	B.module_id
			,	B.module_name
			,	B.module_desc
			,	B.allow_use_lv
			,	B.allow_read_lv
			,	B.allow_create_lv
			,	B.allow_modify_lv
			,	B.allow_delete_lv
			,	B.allow_confirm_lv
			,	B.allow_func01_lv
			,	B.allow_func02_lv
			,	B.allow_func03_lv
			,	B.allow_func04_lv
			,	B.allow_func05_lv
			,	B.allow_func06_lv
			,	B.allow_func07_lv
			,	B.allow_func08_lv
			,	B.allow_func09_lv
			,	B.allow_func10_lv
			,	A.update_user
			,	A.update_time
			from
				cm_menu A
				left outer join
				(
					select
					A.module_id
					,	A.module_name
					,	A.module_desc
					,	B.menu_code
					,	ifnull(B.allow_use_lv, 5) allow_use_lv
					,	ifnull(B.allow_read_lv, 5) allow_read_lv
					,	ifnull(B.allow_create_lv, 5) allow_create_lv
					,	ifnull(B.allow_modify_lv, 5) allow_modify_lv
					,	ifnull(B.allow_delete_lv, 5) allow_delete_lv
					,	ifnull(B.allow_confirm_lv, 5) allow_confirm_lv
					,	ifnull(B.allow_func01_lv, 5) allow_func01_lv
					,	ifnull(B.allow_func02_lv, 5) allow_func02_lv
					,	ifnull(B.allow_func03_lv, 5) allow_func03_lv
					,	ifnull(B.allow_func04_lv, 5) allow_func04_lv
					,	ifnull(B.allow_func05_lv, 5) allow_func05_lv
					,	ifnull(B.allow_func06_lv, 5) allow_func06_lv
					,	ifnull(B.allow_func07_lv, 5) allow_func07_lv
					,	ifnull(B.allow_func08_lv, 5) allow_func08_lv
					,	ifnull(B.allow_func09_lv, 5) allow_func09_lv
					,	ifnull(B.allow_func10_lv, 5) allow_func10_lv
					from
						cm_module A
						left outer join
						cm_menu_module B
						on A.module_id = B.module_id
				) B
				on A.menu_code = B.menu_code
			where A.use_yn = 'Y'
		) A
		left outer join
		(
			select
				A.user_id, A.user_name
			,	A.phone, A.email
			,	A.role_id, A.role_name, A.role_desc
			,	B.module_id
			,	min(nvl(target_use_lv, 5)) target_use_lv
			,	min(nvl(target_read_lv, 5)) target_read_lv
			,	min(nvl(target_create_lv, 5)) target_create_lv
			,	min(nvl(target_modify_lv, 5)) target_modify_lv
			,	min(nvl(target_delete_lv, 5)) target_delete_lv
			,	min(nvl(target_confirm_lv, 5)) target_confirm_lv
			,	min(nvl(target_func01_lv, 5)) target_func01_lv
			,	min(nvl(target_func02_lv, 5)) target_func02_lv
			,	min(nvl(target_func03_lv, 5)) target_func03_lv
			,	min(nvl(target_func04_lv, 5)) target_func04_lv
			,	min(nvl(target_func05_lv, 5)) target_func05_lv
			,	min(nvl(target_func06_lv, 5)) target_func06_lv
			,	min(nvl(target_func07_lv, 5)) target_func07_lv
			,	min(nvl(target_func08_lv, 5)) target_func08_lv
			,	min(nvl(target_func09_lv, 5)) target_func09_lv
			,	min(nvl(target_func10_lv, 5)) target_func10_lv
			from
			(
				select
					A.user_id, A.user_name
				,	A.phone, A.email
				,	B.role_id, B.role_name, B.role_desc
				from
					cm_user A
					left outer join
					(
						select
							A.role_id
						,	A.role_name
						,	A.role_desc
						,	B.user_Id
						from
							cm_role A
							left outer join
							cm_user_role B
							on A.role_id = B.role_id
					) B
					on A.user_id  = B.user_id
					where 1 = 1
					and a.use_yn = 'Y'
					and a.user_id = 'ADMIN'
				) A
				left outer join
				cm_role_module B
				on A.role_id = B.role_id
				where 1 = 1
				group by module_id, user_id, user_name, phone, email
			) B
		on A.module_id = B.module_id
		where 1 = 1

		ORDER BY menu_pcode, menu_code

[36m2024-05-25 11:35:17.571[m [32m[INFO ][m [com.mobigen.cdev.poc.core.security.interceptor.AuthInterceptPreHandle] [33m[http-nio-9091-exec-2][m- firstAuthenticationStatus : 1
[36m2024-05-25 11:35:17.571[m [32m[INFO ][m [com.mobigen.cdev.poc.core.security.interceptor.AuthInterceptPreHandle] [33m[http-nio-9091-exec-2][m- secondaryAuthenticationStatus : 1
[36m2024-05-25 11:35:17.571[m [32m[INFO ][m [com.mobigen.cdev.poc.core.security.interceptor.AuthInterceptPreHandle] [33m[http-nio-9091-exec-1][m- firstAuthenticationStatus : 1
[36m2024-05-25 11:35:17.571[m [32m[INFO ][m [com.mobigen.cdev.poc.core.security.interceptor.AuthInterceptPreHandle] [33m[http-nio-9091-exec-1][m- secondaryAuthenticationStatus : 1
[36m2024-05-25 11:35:17.573[m [32m[INFO ][m [net.sf.log4jdbc.log.slf4j.Slf4jSpyLogDelegator] [33m[http-nio-9091-exec-2][m- select
            A.*
        ,	case
                when ifnull(LAG(A.branch_id, 1) over (partition by A.branch_id order by A.branch_id, opteam_id, part_id), 'F') = 'F' then 'Y'
                else 'N'
            end branch_first
        ,	case
                when ifnull(LEAD(A.branch_id, 1) over (partition by A.branch_id order by A.branch_id, opteam_id, part_id), 'L') = 'L' then 'Y'
                else 'N'
            end branch_last
        ,	case
                when ifnull(LAG(A.opteam_id, 1) over (partition by A.opteam_id order by A.branch_id, opteam_id, part_id), 'F') = 'F' then 'Y'
                else 'N'
            end opteam_first
        ,	case
                when ifnull(LEAD(A.opteam_id, 1) over (partition by A.opteam_id order by A.branch_id, opteam_id, part_id), 'L') = 'L' then 'Y'
                else 'N'
            end opteam_last
        ,	case
                when ifnull(LAG(A.part_id, 1) over (partition by A.part_id order by A.branch_id, opteam_id, part_id), 'F') = 'F' then 'Y'
                else 'N'
            end part_first
        ,	case
                when ifnull(LEAD(A.part_id, 1) over (partition by A.part_id order by A.branch_id, opteam_id, part_id), 'L') = 'L' then 'Y'
                else 'N'
            end part_last
        from
        (

        select
            A.branch_id
        ,	B.branch_name
        ,	A.opteam_id
        ,	C.team_name opteam_name
        ,	A.part_id
        ,	D.part_name
        ,	A.mtso_name
        ,	E.mtso_id
        ,	enb_id
        ,	bts_name
        ,   enb_id value
        ,   concat(ifnull(bts_name, '-'), ' (', enb_id, ')') label
        ,   case when ifnull(opteam_name, '-') = '-' then '미분류'
                else concat(opteam_name, ' (', opteam_id, ')')
            end group_filter
        from
            cl_enb A
            left outer join cm_branch B
            on A.branch_id = B.branch_id
            left outer join cm_team C
            on A.opteam_id = C.team_id
            left outer join cm_part D
            on A.part_id = D.part_id
            left outer join cb_mtso E
            on a.mtso_name = e.mtso_name
        where 1 = 1
        and opr_status = 'ACT'

        ) A
        where 1 = 1
        and branch_name is not null
        and opteam_name is not null
        and part_name is not null
        order by branch_id, opteam_id, part_id

[36m2024-05-25 11:35:17.575[m [32m[INFO ][m [com.mobigen.cdev.poc.core.security.interceptor.AuthInterceptPreHandle] [33m[http-nio-9091-exec-3][m- firstAuthenticationStatus : 1
[36m2024-05-25 11:35:17.575[m [32m[INFO ][m [com.mobigen.cdev.poc.core.security.interceptor.AuthInterceptPreHandle] [33m[http-nio-9091-exec-4][m- firstAuthenticationStatus : 1
[36m2024-05-25 11:35:17.575[m [32m[INFO ][m [com.mobigen.cdev.poc.core.security.interceptor.AuthInterceptPreHandle] [33m[http-nio-9091-exec-4][m- secondaryAuthenticationStatus : 1
[36m2024-05-25 11:35:17.575[m [32m[INFO ][m [com.mobigen.cdev.poc.core.security.interceptor.AuthInterceptPreHandle] [33m[http-nio-9091-exec-3][m- secondaryAuthenticationStatus : 1
[36m2024-05-25 11:35:17.589[m [32m[INFO ][m [net.sf.log4jdbc.log.slf4j.Slf4jSpyLogDelegator] [33m[http-nio-9091-exec-1][m- select
            A.mtso_id
        ,	B.mtso_name
        ,	case
                when ifnull(LAG(A.mtso_id, 1) over (partition by A.mtso_id order by A.mtso_id, mme_id), 'F') = 'F' then 'Y'
                else 'N'
            end mtso_first
        ,	case
                when ifnull(LEAD(A.mtso_id, 1) over (partition by A.mtso_id order by A.mtso_id, mme_id), 'L') = 'L' then 'Y'
                else 'N'
            end mtso_last
        ,   'MME' node_type
        ,	A.mme_id node_id
        ,	concat('MME#', lpad(cast(mme_id as integer), 2, '0')) node_exp_id
        ,	A.mme_name node_name
        ,   A.mme_id value
        ,   concat('MME#', lpad(cast(mme_id as integer), 2, '0')) label
        ,   concat(B.mtso_name, ' (', A.mtso_id, ')') group_filter
        from
        cl_mme A left outer join cb_mtso B
        on A.mtso_id = B.mtso_id
        where 1 = 1
        and opr_status = 'ACT'

[36m2024-05-25 11:35:17.589[m [32m[INFO ][m [net.sf.log4jdbc.log.slf4j.Slf4jSpyLogDelegator] [33m[http-nio-9091-exec-4][m- select
            A.mtso_id
        ,	B.mtso_name
        ,	case
                when ifnull(LAG(A.mtso_id, 1) over (partition by A.mtso_id order by A.mtso_id, mme_id), 'F') = 'F' then 'Y'
                else 'N'
            end mtso_first
        ,	case
                when ifnull(LEAD(A.mtso_id, 1) over (partition by A.mtso_id order by A.mtso_id, mme_id), 'L') = 'L' then 'Y'
                else 'N'
            end mtso_last
        ,   'MME' node_type
        ,	A.mme_id node_id
        ,	concat('MME#', lpad(cast(mme_id as integer), 2, '0')) node_exp_id
        ,	A.mme_name node_name
        ,   A.mme_id value
        ,   concat('MME#', lpad(cast(mme_id as integer), 2, '0')) label
        ,   concat(B.mtso_name, ' (', A.mtso_id, ')') group_filter
        from
        cl_mme A left outer join cb_mtso B
        on A.mtso_id = B.mtso_id
        where 1 = 1
        and opr_status = 'ACT'

[36m2024-05-25 11:35:17.589[m [32m[INFO ][m [net.sf.log4jdbc.log.slf4j.Slf4jSpyLogDelegator] [33m[http-nio-9091-exec-3][m- select
            A.*
        ,	case
                when ifnull(LAG(A.branch_id, 1) over (partition by A.branch_id order by A.branch_id, opteam_id, part_id), 'F') = 'F' then 'Y'
                else 'N'
            end branch_first
        ,	case
                when ifnull(LEAD(A.branch_id, 1) over (partition by A.branch_id order by A.branch_id, opteam_id, part_id), 'L') = 'L' then 'Y'
                else 'N'
            end branch_last
        ,	case
                when ifnull(LAG(A.opteam_id, 1) over (partition by A.opteam_id order by A.branch_id, opteam_id, part_id), 'F') = 'F' then 'Y'
                else 'N'
            end opteam_first
        ,	case
                when ifnull(LEAD(A.opteam_id, 1) over (partition by A.opteam_id order by A.branch_id, opteam_id, part_id), 'L') = 'L' then 'Y'
                else 'N'
            end opteam_last
        ,	case
                when ifnull(LAG(A.part_id, 1) over (partition by A.part_id order by A.branch_id, opteam_id, part_id), 'F') = 'F' then 'Y'
                else 'N'
            end part_first
        ,	case
                when ifnull(LEAD(A.part_id, 1) over (partition by A.part_id order by A.branch_id, opteam_id, part_id), 'L') = 'L' then 'Y'
                else 'N'
            end part_last
        from
        (

        select
            A.branch_id
        ,	B.branch_name
        ,	A.opteam_id
        ,	C.team_name opteam_name
        ,	A.part_id
        ,	D.part_name
        ,	A.mtso_name
        ,	E.mtso_id
        ,	enb_id
        ,	bts_name
        ,   enb_id value
        ,   concat(ifnull(bts_name, '-'), ' (', enb_id, ')') label
        ,   case when ifnull(opteam_name, '-') = '-' then '미분류'
                else concat(opteam_name, ' (', opteam_id, ')')
            end group_filter
        from
            cl_enb A
            left outer join cm_branch B
            on A.branch_id = B.branch_id
            left outer join cm_team C
            on A.opteam_id = C.team_id
            left outer join cm_part D
            on A.part_id = D.part_id
            left outer join cb_mtso E
            on a.mtso_name = e.mtso_name
        where 1 = 1
        and opr_status = 'ACT'

        ) A
        where 1 = 1
        and branch_name is not null
        and opteam_name is not null
        and part_name is not null
        order by branch_id, opteam_id, part_id

[36m2024-05-25 11:45:24.268[m [32m[INFO ][m [org.springframework.orm.jpa.AbstractEntityManagerFactoryBean] [33m[SpringApplicationShutdownHook][m- Closing JPA EntityManagerFactory for persistence unit 'default'
[36m2024-05-25 11:45:24.269[m [32m[INFO ][m [com.zaxxer.hikari.HikariDataSource] [33m[SpringApplicationShutdownHook][m- HikariPool-1 - Shutdown initiated...
[36m2024-05-25 11:45:24.311[m [32m[INFO ][m [com.zaxxer.hikari.HikariDataSource] [33m[SpringApplicationShutdownHook][m- HikariPool-1 - Shutdown completed.
