[36m2024-04-25 09:52:34.851[m [32m[INFO ][m [org.springframework.boot.StartupInfoLogger] [33m[main][m- Starting PocApplication using Java 11.0.18 on isangchcBookPro with PID 2003 (/Users/sclee1115/Project/Dev/poc/01.gui_source/pocgui_backend/target/classes started by sclee1115 in /Users/sclee1115/Project/Dev/poc/01.gui_source/pocgui_backend)
[36m2024-04-25 09:52:34.854[m [34m[DEBUG][m [org.springframework.boot.StartupInfoLogger] [33m[main][m- Running with Spring Boot v2.7.10, Spring v5.3.26
[36m2024-04-25 09:52:34.855[m [32m[INFO ][m [org.springframework.boot.SpringApplication] [33m[main][m- The following 7 profiles are active: "db", "config", "log", "local", "db-local", "config-local", "log-local"
[36m2024-04-25 09:52:35.152[m [32m[INFO ][m [org.springframework.data.repository.config.RepositoryConfigurationDelegate] [33m[main][m- Bootstrapping Spring Data JPA repositories in DEFAULT mode.
[36m2024-04-25 09:52:35.189[m [32m[INFO ][m [org.springframework.data.repository.config.RepositoryConfigurationDelegate] [33m[main][m- Finished Spring Data repository scanning in 31 ms. Found 1 JPA repository interfaces.
[36m2024-04-25 09:52:35.343[m [33m[WARN ][m [org.mybatis.logging.Logger] [33m[main][m- No MyBatis mapper was found in '[com.mobigen.cdev.poc]' package. Please check your configuration.
[36m2024-04-25 09:52:35.756[m [32m[INFO ][m [org.springframework.boot.web.embedded.tomcat.TomcatWebServer] [33m[main][m- Tomcat initialized with port(s): 9091 (http)
[36m2024-04-25 09:52:35.762[m [32m[INFO ][m [org.apache.juli.logging.DirectJDKLog] [33m[main][m- Initializing ProtocolHandler ["http-nio-9091"]
[36m2024-04-25 09:52:35.762[m [32m[INFO ][m [org.apache.juli.logging.DirectJDKLog] [33m[main][m- Starting service [Tomcat]
[36m2024-04-25 09:52:35.762[m [32m[INFO ][m [org.apache.juli.logging.DirectJDKLog] [33m[main][m- Starting Servlet engine: [Apache Tomcat/9.0.73]
[36m2024-04-25 09:52:35.852[m [32m[INFO ][m [org.apache.juli.logging.DirectJDKLog] [33m[main][m- Initializing Spring embedded WebApplicationContext
[36m2024-04-25 09:52:35.852[m [32m[INFO ][m [org.springframework.boot.web.servlet.context.ServletWebServerApplicationContext] [33m[main][m- Root WebApplicationContext: initialization completed in 972 ms
[36m2024-04-25 09:52:35.957[m [32m[INFO ][m [org.hibernate.jpa.internal.util.LogHelper] [33m[main][m- HHH000204: Processing PersistenceUnitInfo [name: default]
[36m2024-04-25 09:52:36.000[m [32m[INFO ][m [org.hibernate.Version] [33m[main][m- HHH000412: Hibernate ORM core version 5.6.15.Final
[36m2024-04-25 09:52:36.104[m [32m[INFO ][m [org.hibernate.annotations.common.reflection.java.JavaReflectionManager] [33m[main][m- HCANN000001: Hibernate Commons Annotations {5.1.2.Final}
[36m2024-04-25 09:52:36.225[m [32m[INFO ][m [com.zaxxer.hikari.HikariDataSource] [33m[main][m- HikariPool-1 - Starting...
[36m2024-04-25 09:52:36.331[m [32m[INFO ][m [com.zaxxer.hikari.HikariDataSource] [33m[main][m- HikariPool-1 - Start completed.
[36m2024-04-25 09:52:36.351[m [32m[INFO ][m [org.hibernate.dialect.Dialect] [33m[main][m- HHH000400: Using dialect: org.hibernate.dialect.MariaDB106Dialect
[36m2024-04-25 09:52:36.674[m [32m[INFO ][m [org.hibernate.engine.transaction.jta.platform.internal.JtaPlatformInitiator] [33m[main][m- HHH000490: Using JtaPlatform implementation: [org.hibernate.engine.transaction.jta.platform.internal.NoJtaPlatform]
[36m2024-04-25 09:52:36.680[m [32m[INFO ][m [org.springframework.orm.jpa.AbstractEntityManagerFactoryBean] [33m[main][m- Initialized JPA EntityManagerFactory for persistence unit 'default'
[36m2024-04-25 09:52:37.174[m [32m[INFO ][m [org.springframework.security.web.DefaultSecurityFilterChain] [33m[main][m- Will secure any request with [org.springframework.security.web.session.DisableEncodeUrlFilter@4ae435a3, org.springframework.security.web.context.request.async.WebAsyncManagerIntegrationFilter@7f69c4c0, org.springframework.security.web.context.SecurityContextPersistenceFilter@634d56eb, org.springframework.security.web.header.HeaderWriterFilter@5694f6a0, org.springframework.security.web.authentication.logout.LogoutFilter@75693526, org.springframework.security.web.savedrequest.RequestCacheAwareFilter@22b4ad0c, org.springframework.security.web.servletapi.SecurityContextHolderAwareRequestFilter@25af1dbf, org.springframework.security.web.authentication.AnonymousAuthenticationFilter@6a9a6a0c, org.springframework.security.web.session.SessionManagementFilter@44846c76, org.springframework.security.web.access.ExceptionTranslationFilter@68aa1164, org.springframework.security.web.access.intercept.FilterSecurityInterceptor@230e163b]
[36m2024-04-25 09:52:37.208[m [33m[WARN ][m [org.springframework.boot.autoconfigure.orm.jpa.JpaBaseConfiguration$JpaWebConfiguration] [33m[main][m- spring.jpa.open-in-view is enabled by default. Therefore, database queries may be performed during view rendering. Explicitly configure spring.jpa.open-in-view to disable this warning
[36m2024-04-25 09:52:37.453[m [32m[INFO ][m [org.apache.juli.logging.DirectJDKLog] [33m[main][m- Starting ProtocolHandler ["http-nio-9091"]
[36m2024-04-25 09:52:37.471[m [32m[INFO ][m [org.springframework.boot.web.embedded.tomcat.TomcatWebServer] [33m[main][m- Tomcat started on port(s): 9091 (http) with context path '/poc_service'
[36m2024-04-25 09:52:37.477[m [32m[INFO ][m [org.springframework.boot.StartupInfoLogger] [33m[main][m- Started PocApplication in 2.977 seconds (JVM running for 3.566)
[36m2024-04-25 20:03:44.095[m [32m[INFO ][m [org.springframework.orm.jpa.AbstractEntityManagerFactoryBean] [33m[SpringApplicationShutdownHook][m- Closing JPA EntityManagerFactory for persistence unit 'default'
[36m2024-04-25 20:03:44.097[m [32m[INFO ][m [com.zaxxer.hikari.HikariDataSource] [33m[SpringApplicationShutdownHook][m- HikariPool-1 - Shutdown initiated...
[36m2024-04-25 20:03:44.138[m [32m[INFO ][m [com.zaxxer.hikari.HikariDataSource] [33m[SpringApplicationShutdownHook][m- HikariPool-1 - Shutdown completed.
